
*** Running vivado
    with args -log Board_TopLevel.vdi -applog -m64 -product Vivado -messageDb vivado.pb -mode batch -source Board_TopLevel.tcl -notrace


****** Vivado v2022.2 (64-bit)
  **** SW Build 3671981 on Fri Oct 14 04:59:54 MDT 2022
  **** IP Build 3669848 on Fri Oct 14 08:30:02 MDT 2022
    ** Copyright 1986-2022 Xilinx, Inc. All Rights Reserved.

source Board_TopLevel.tcl -notrace
CRITICAL WARNING: [Board 49-4] Problem parsing board_part file - /home/user/Xilinx/Vivado/2022.2/data/boards/board_files/nexys-a7-100t/D.0/1.0/board.xml
Resolution: Check that the file is valid using an XML validation tool such as xmllint.
create_project: Time (s): cpu = 00:00:06 ; elapsed = 00:00:06 . Memory (MB): peak = 1700.633 ; gain = 2.348 ; free physical = 1200 ; free virtual = 5430
Command: link_design -top Board_TopLevel -part xc7a50ticsg324-1L
Design is defaulting to srcset: sources_1
Design is defaulting to constrset: constrs_1
INFO: [Device 21-403] Loading part xc7a50ticsg324-1L
Netlist sorting complete. Time (s): cpu = 00:00:00 ; elapsed = 00:00:00 . Memory (MB): peak = 2069.156 ; gain = 0.039 ; free physical = 840 ; free virtual = 5071
INFO: [Netlist 29-17] Analyzing 6 Unisim elements for replacement
INFO: [Netlist 29-28] Unisim Transformation completed in 0 CPU seconds
INFO: [Project 1-479] Netlist was created with Vivado 2022.2
INFO: [Project 1-570] Preparing netlist for logic optimization
Parsing XDC File [/home/user/Desktop/ese_1.3/ese_1.3.srcs/constrs_1/new/Nexys_A7.xdc]
Finished Parsing XDC File [/home/user/Desktop/ese_1.3/ese_1.3.srcs/constrs_1/new/Nexys_A7.xdc]
INFO: [Opt 31-138] Pushed 0 inverter(s) to 0 load pin(s).
Netlist sorting complete. Time (s): cpu = 00:00:00 ; elapsed = 00:00:00 . Memory (MB): peak = 2171.758 ; gain = 0.000 ; free physical = 729 ; free virtual = 4964
INFO: [Project 1-111] Unisim Transformation Summary:
No Unisim elements were transformed.

7 Infos, 0 Warnings, 1 Critical Warnings and 0 Errors encountered.
link_design completed successfully
link_design: Time (s): cpu = 00:00:06 ; elapsed = 00:00:08 . Memory (MB): peak = 2176.172 ; gain = 474.984 ; free physical = 727 ; free virtual = 4962
Command: opt_design
Attempting to get a license for feature 'Implementation' and/or device 'xc7a50ti'
INFO: [Common 17-349] Got license for feature 'Implementation' and/or device 'xc7a50ti'
Running DRC as a precondition to command opt_design

Starting DRC Task
INFO: [DRC 23-27] Running DRC with 8 threads
INFO: [Project 1-461] DRC finished with 0 Errors
INFO: [Project 1-462] Please refer to the DRC report (report_drc) for more information.

Time (s): cpu = 00:00:01 ; elapsed = 00:00:00.94 . Memory (MB): peak = 2264.492 ; gain = 88.238 ; free physical = 709 ; free virtual = 4945

Starting Cache Timing Information Task
INFO: [Timing 38-35] Done setting XDC timing constraints.
Ending Cache Timing Information Task | Checksum: 169850519

Time (s): cpu = 00:00:08 ; elapsed = 00:00:09 . Memory (MB): peak = 2774.441 ; gain = 509.949 ; free physical = 205 ; free virtual = 4457

Starting Logic Optimization Task

Phase 1 Retarget
INFO: [Opt 31-138] Pushed 0 inverter(s) to 0 load pin(s).
INFO: [Opt 31-49] Retargeted 0 cell(s).
Phase 1 Retarget | Checksum: 169850519

Time (s): cpu = 00:00:00.06 ; elapsed = 00:00:00.08 . Memory (MB): peak = 3056.027 ; gain = 0.473 ; free physical = 97 ; free virtual = 4219
INFO: [Opt 31-389] Phase Retarget created 0 cells and removed 0 cells

Phase 2 Constant propagation
INFO: [Opt 31-138] Pushed 0 inverter(s) to 0 load pin(s).
Phase 2 Constant propagation | Checksum: 169850519

Time (s): cpu = 00:00:00.06 ; elapsed = 00:00:00.09 . Memory (MB): peak = 3056.055 ; gain = 0.500 ; free physical = 97 ; free virtual = 4219
INFO: [Opt 31-389] Phase Constant propagation created 0 cells and removed 0 cells

Phase 3 Sweep
Phase 3 Sweep | Checksum: 169850519

Time (s): cpu = 00:00:00.07 ; elapsed = 00:00:00.1 . Memory (MB): peak = 3056.145 ; gain = 0.590 ; free physical = 96 ; free virtual = 4218
INFO: [Opt 31-389] Phase Sweep created 0 cells and removed 0 cells

Phase 4 BUFG optimization
Phase 4 BUFG optimization | Checksum: 169850519

Time (s): cpu = 00:00:00.1 ; elapsed = 00:00:00.13 . Memory (MB): peak = 3088.531 ; gain = 32.977 ; free physical = 92 ; free virtual = 4214
INFO: [Opt 31-662] Phase BUFG optimization created 0 cells of which 0 are BUFGs and removed 0 cells.

Phase 5 Shift Register Optimization
INFO: [Opt 31-1064] SRL Remap converted 0 SRLs to 0 registers and converted 0 registers of register chains to 0 SRLs
Phase 5 Shift Register Optimization | Checksum: 169850519

Time (s): cpu = 00:00:00.1 ; elapsed = 00:00:00.14 . Memory (MB): peak = 3088.551 ; gain = 32.996 ; free physical = 92 ; free virtual = 4214
INFO: [Opt 31-389] Phase Shift Register Optimization created 0 cells and removed 0 cells

Phase 6 Post Processing Netlist
Phase 6 Post Processing Netlist | Checksum: 169850519

Time (s): cpu = 00:00:00.1 ; elapsed = 00:00:00.14 . Memory (MB): peak = 3088.570 ; gain = 33.016 ; free physical = 92 ; free virtual = 4214
INFO: [Opt 31-389] Phase Post Processing Netlist created 0 cells and removed 0 cells
Opt_design Change Summary
=========================


-------------------------------------------------------------------------------------------------------------------------
|  Phase                        |  #Cells created  |  #Cells Removed  |  #Constrained objects preventing optimizations  |
-------------------------------------------------------------------------------------------------------------------------
|  Retarget                     |               0  |               0  |                                              0  |
|  Constant propagation         |               0  |               0  |                                              0  |
|  Sweep                        |               0  |               0  |                                              0  |
|  BUFG optimization            |               0  |               0  |                                              0  |
|  Shift Register Optimization  |               0  |               0  |                                              0  |
|  Post Processing Netlist      |               0  |               0  |                                              0  |
-------------------------------------------------------------------------------------------------------------------------



Starting Connectivity Check Task

Time (s): cpu = 00:00:00.01 ; elapsed = 00:00:00.01 . Memory (MB): peak = 3088.617 ; gain = 0.027 ; free physical = 92 ; free virtual = 4214
Ending Logic Optimization Task | Checksum: 169850519

Time (s): cpu = 00:00:00.11 ; elapsed = 00:00:00.15 . Memory (MB): peak = 3088.617 ; gain = 33.062 ; free physical = 92 ; free virtual = 4214

Starting Power Optimization Task
INFO: [Pwropt 34-132] Skipping clock gating for clocks with a period < 2.00 ns.
Ending Power Optimization Task | Checksum: 169850519

Time (s): cpu = 00:00:00.01 ; elapsed = 00:00:00.02 . Memory (MB): peak = 3088.734 ; gain = 0.078 ; free physical = 92 ; free virtual = 4214

Starting Final Cleanup Task
Ending Final Cleanup Task | Checksum: 169850519

Time (s): cpu = 00:00:00 ; elapsed = 00:00:00 . Memory (MB): peak = 3088.734 ; gain = 0.000 ; free physical = 92 ; free virtual = 4214

Starting Netlist Obfuscation Task
Netlist sorting complete. Time (s): cpu = 00:00:00 ; elapsed = 00:00:00 . Memory (MB): peak = 3088.742 ; gain = 0.000 ; free physical = 92 ; free virtual = 4214
Ending Netlist Obfuscation Task | Checksum: 169850519

Time (s): cpu = 00:00:00 ; elapsed = 00:00:00 . Memory (MB): peak = 3088.742 ; gain = 0.000 ; free physical = 92 ; free virtual = 4214
INFO: [Common 17-83] Releasing license: Implementation
24 Infos, 0 Warnings, 1 Critical Warnings and 0 Errors encountered.
opt_design completed successfully
opt_design: Time (s): cpu = 00:00:11 ; elapsed = 00:00:13 . Memory (MB): peak = 3088.758 ; gain = 912.566 ; free physical = 92 ; free virtual = 4213
INFO: [Timing 38-480] Writing timing data to binary archive.
Writing XDEF routing.
Writing XDEF routing logical nets.
Writing XDEF routing special nets.
Write XDEF Complete: Time (s): cpu = 00:00:00.23 ; elapsed = 00:00:00.17 . Memory (MB): peak = 3114.453 ; gain = 16.953 ; free physical = 87 ; free virtual = 4209
INFO: [Common 17-1381] The checkpoint '/home/user/Desktop/ese_1.3/ese_1.3.runs/impl_1/Board_TopLevel_opt.dcp' has been generated.
INFO: [runtcl-4] Executing : report_drc -file Board_TopLevel_drc_opted.rpt -pb Board_TopLevel_drc_opted.pb -rpx Board_TopLevel_drc_opted.rpx
Command: report_drc -file Board_TopLevel_drc_opted.rpt -pb Board_TopLevel_drc_opted.pb -rpx Board_TopLevel_drc_opted.rpx
INFO: [IP_Flow 19-234] Refreshing IP repositories
INFO: [IP_Flow 19-1704] No user IP repositories specified
INFO: [IP_Flow 19-2313] Loaded Vivado IP repository '/home/user/Xilinx/Vivado/2022.2/data/ip'.
INFO: [DRC 23-27] Running DRC with 8 threads
INFO: [Vivado_Tcl 2-168] The results of DRC are in file /home/user/Desktop/ese_1.3/ese_1.3.runs/impl_1/Board_TopLevel_drc_opted.rpt.
report_drc completed successfully
Command: place_design
Attempting to get a license for feature 'Implementation' and/or device 'xc7a50ti'
INFO: [Common 17-349] Got license for feature 'Implementation' and/or device 'xc7a50ti'
INFO: [DRC 23-27] Running DRC with 8 threads
INFO: [Vivado_Tcl 4-198] DRC finished with 0 Errors
INFO: [Vivado_Tcl 4-199] Please refer to the DRC report (report_drc) for more information.
Running DRC as a precondition to command place_design
INFO: [DRC 23-27] Running DRC with 8 threads
INFO: [Vivado_Tcl 4-198] DRC finished with 0 Errors
INFO: [Vivado_Tcl 4-199] Please refer to the DRC report (report_drc) for more information.

Starting Placer Task
INFO: [Place 30-611] Multithreading enabled for place_design using a maximum of 8 CPUs

Phase 1 Placer Initialization

Phase 1.1 Placer Initialization Netlist Sorting
Netlist sorting complete. Time (s): cpu = 00:00:00 ; elapsed = 00:00:00 . Memory (MB): peak = 3246.852 ; gain = 0.000 ; free physical = 70 ; free virtual = 4161
Phase 1.1 Placer Initialization Netlist Sorting | Checksum: 10dcea958

Time (s): cpu = 00:00:00.01 ; elapsed = 00:00:00.01 . Memory (MB): peak = 3246.852 ; gain = 0.000 ; free physical = 70 ; free virtual = 4161
Netlist sorting complete. Time (s): cpu = 00:00:00 ; elapsed = 00:00:00 . Memory (MB): peak = 3246.852 ; gain = 0.000 ; free physical = 70 ; free virtual = 4161

Phase 1.2 IO Placement/ Clock Placement/ Build Placer Device
INFO: [Timing 38-35] Done setting XDC timing constraints.
Phase 1.2 IO Placement/ Clock Placement/ Build Placer Device | Checksum: 1d79cefd1

Time (s): cpu = 00:00:00.64 ; elapsed = 00:00:00.57 . Memory (MB): peak = 3246.852 ; gain = 0.000 ; free physical = 166 ; free virtual = 4261

Phase 1.3 Build Placer Netlist Model
WARNING: [Place 30-2953] Timing driven mode will be turned off because no critical terminals were found.
Phase 1.3 Build Placer Netlist Model | Checksum: 2abcb041f

Time (s): cpu = 00:00:00.8 ; elapsed = 00:00:00.75 . Memory (MB): peak = 3246.852 ; gain = 0.000 ; free physical = 177 ; free virtual = 4273

Phase 1.4 Constrain Clocks/Macros
Phase 1.4 Constrain Clocks/Macros | Checksum: 2abcb041f

Time (s): cpu = 00:00:00.81 ; elapsed = 00:00:00.76 . Memory (MB): peak = 3246.852 ; gain = 0.000 ; free physical = 181 ; free virtual = 4277
Phase 1 Placer Initialization | Checksum: 2abcb041f

Time (s): cpu = 00:00:00.82 ; elapsed = 00:00:00.77 . Memory (MB): peak = 3246.852 ; gain = 0.000 ; free physical = 181 ; free virtual = 4277

Phase 2 Global Placement

Phase 2.1 Floorplanning
Phase 2.1 Floorplanning | Checksum: 2abcb041f

Time (s): cpu = 00:00:00.83 ; elapsed = 00:00:00.78 . Memory (MB): peak = 3246.852 ; gain = 0.000 ; free physical = 181 ; free virtual = 4277

Phase 2.2 Update Timing before SLR Path Opt
Phase 2.2 Update Timing before SLR Path Opt | Checksum: 2abcb041f

Time (s): cpu = 00:00:00.83 ; elapsed = 00:00:00.78 . Memory (MB): peak = 3246.852 ; gain = 0.000 ; free physical = 181 ; free virtual = 4277

Phase 2.3 Post-Processing in Floorplanning
Phase 2.3 Post-Processing in Floorplanning | Checksum: 2abcb041f

Time (s): cpu = 00:00:00.83 ; elapsed = 00:00:00.78 . Memory (MB): peak = 3246.852 ; gain = 0.000 ; free physical = 181 ; free virtual = 4277

Phase 2.4 Global Placement Core
WARNING: [Place 46-29] Timing had been disabled during Placer and, therefore, physical synthesis in Placer will be skipped.
Phase 2.4 Global Placement Core | Checksum: 21cd859d3

Time (s): cpu = 00:00:01 ; elapsed = 00:00:01 . Memory (MB): peak = 3246.852 ; gain = 0.000 ; free physical = 172 ; free virtual = 4269
Phase 2 Global Placement | Checksum: 21cd859d3

Time (s): cpu = 00:00:01 ; elapsed = 00:00:01 . Memory (MB): peak = 3246.852 ; gain = 0.000 ; free physical = 172 ; free virtual = 4269

Phase 3 Detail Placement

Phase 3.1 Commit Multi Column Macros
Phase 3.1 Commit Multi Column Macros | Checksum: 21cd859d3

Time (s): cpu = 00:00:01 ; elapsed = 00:00:01 . Memory (MB): peak = 3246.852 ; gain = 0.000 ; free physical = 172 ; free virtual = 4269

Phase 3.2 Commit Most Macros & LUTRAMs
Phase 3.2 Commit Most Macros & LUTRAMs | Checksum: 2313e9f77

Time (s): cpu = 00:00:01 ; elapsed = 00:00:01 . Memory (MB): peak = 3246.852 ; gain = 0.000 ; free physical = 172 ; free virtual = 4268

Phase 3.3 Area Swap Optimization
Phase 3.3 Area Swap Optimization | Checksum: 2ac8cb12a

Time (s): cpu = 00:00:01 ; elapsed = 00:00:01 . Memory (MB): peak = 3246.852 ; gain = 0.000 ; free physical = 172 ; free virtual = 4268

Phase 3.4 Pipeline Register Optimization
Phase 3.4 Pipeline Register Optimization | Checksum: 2ac8cb12a

Time (s): cpu = 00:00:01 ; elapsed = 00:00:01 . Memory (MB): peak = 3246.852 ; gain = 0.000 ; free physical = 172 ; free virtual = 4268

Phase 3.5 Small Shape Detail Placement
Phase 3.5 Small Shape Detail Placement | Checksum: 25dcaece1

Time (s): cpu = 00:00:01 ; elapsed = 00:00:01 . Memory (MB): peak = 3246.852 ; gain = 0.000 ; free physical = 170 ; free virtual = 4267

Phase 3.6 Re-assign LUT pins
Phase 3.6 Re-assign LUT pins | Checksum: 25d5c2e95

Time (s): cpu = 00:00:01 ; elapsed = 00:00:01 . Memory (MB): peak = 3246.852 ; gain = 0.000 ; free physical = 170 ; free virtual = 4267

Phase 3.7 Pipeline Register Optimization
Phase 3.7 Pipeline Register Optimization | Checksum: 25d5c2e95

Time (s): cpu = 00:00:01 ; elapsed = 00:00:01 . Memory (MB): peak = 3246.852 ; gain = 0.000 ; free physical = 170 ; free virtual = 4267
Phase 3 Detail Placement | Checksum: 25d5c2e95

Time (s): cpu = 00:00:01 ; elapsed = 00:00:01 . Memory (MB): peak = 3246.852 ; gain = 0.000 ; free physical = 170 ; free virtual = 4267

Phase 4 Post Placement Optimization and Clean-Up

Phase 4.1 Post Commit Optimization
Phase 4.1 Post Commit Optimization | Checksum: 25d5c2e95

Time (s): cpu = 00:00:01 ; elapsed = 00:00:01 . Memory (MB): peak = 3246.852 ; gain = 0.000 ; free physical = 170 ; free virtual = 4267

Phase 4.2 Post Placement Cleanup
Phase 4.2 Post Placement Cleanup | Checksum: 25d5c2e95

Time (s): cpu = 00:00:01 ; elapsed = 00:00:01 . Memory (MB): peak = 3246.852 ; gain = 0.000 ; free physical = 170 ; free virtual = 4267

Phase 4.3 Placer Reporting

Phase 4.3.1 Print Estimated Congestion
INFO: [Place 30-612] Post-Placement Estimated Congestion 
 ____________________________________________________
|           | Global Congestion | Short Congestion  |
| Direction | Region Size       | Region Size       |
|___________|___________________|___________________|
|      North|                1x1|                1x1|
|___________|___________________|___________________|
|      South|                1x1|                1x1|
|___________|___________________|___________________|
|       East|                1x1|                1x1|
|___________|___________________|___________________|
|       West|                1x1|                1x1|
|___________|___________________|___________________|

Phase 4.3.1 Print Estimated Congestion | Checksum: 25d5c2e95

Time (s): cpu = 00:00:01 ; elapsed = 00:00:01 . Memory (MB): peak = 3246.852 ; gain = 0.000 ; free physical = 170 ; free virtual = 4267
Phase 4.3 Placer Reporting | Checksum: 25d5c2e95

Time (s): cpu = 00:00:01 ; elapsed = 00:00:01 . Memory (MB): peak = 3246.852 ; gain = 0.000 ; free physical = 170 ; free virtual = 4267

Phase 4.4 Final Placement Cleanup
Netlist sorting complete. Time (s): cpu = 00:00:00 ; elapsed = 00:00:00 . Memory (MB): peak = 3246.852 ; gain = 0.000 ; free physical = 170 ; free virtual = 4267

Time (s): cpu = 00:00:01 ; elapsed = 00:00:01 . Memory (MB): peak = 3246.852 ; gain = 0.000 ; free physical = 170 ; free virtual = 4267
Phase 4 Post Placement Optimization and Clean-Up | Checksum: 25d5c2e95

Time (s): cpu = 00:00:01 ; elapsed = 00:00:01 . Memory (MB): peak = 3246.852 ; gain = 0.000 ; free physical = 170 ; free virtual = 4267
Ending Placer Task | Checksum: 17060caa0

Time (s): cpu = 00:00:01 ; elapsed = 00:00:01 . Memory (MB): peak = 3246.852 ; gain = 0.000 ; free physical = 170 ; free virtual = 4267
INFO: [Common 17-83] Releasing license: Implementation
43 Infos, 2 Warnings, 1 Critical Warnings and 0 Errors encountered.
place_design completed successfully
INFO: [Timing 38-480] Writing timing data to binary archive.
Writing XDEF routing.
Writing XDEF routing logical nets.
Writing XDEF routing special nets.
Write XDEF Complete: Time (s): cpu = 00:00:00.16 ; elapsed = 00:00:00.11 . Memory (MB): peak = 3246.852 ; gain = 0.000 ; free physical = 171 ; free virtual = 4269
INFO: [Common 17-1381] The checkpoint '/home/user/Desktop/ese_1.3/ese_1.3.runs/impl_1/Board_TopLevel_placed.dcp' has been generated.
INFO: [runtcl-4] Executing : report_io -file Board_TopLevel_io_placed.rpt
report_io: Time (s): cpu = 00:00:00.26 ; elapsed = 00:00:00.42 . Memory (MB): peak = 3246.852 ; gain = 0.000 ; free physical = 164 ; free virtual = 4263
INFO: [runtcl-4] Executing : report_utilization -file Board_TopLevel_utilization_placed.rpt -pb Board_TopLevel_utilization_placed.pb
INFO: [runtcl-4] Executing : report_control_sets -verbose -file Board_TopLevel_control_sets_placed.rpt
report_control_sets: Time (s): cpu = 00:00:00.16 ; elapsed = 00:00:00.29 . Memory (MB): peak = 3246.852 ; gain = 0.000 ; free physical = 164 ; free virtual = 4263
Command: phys_opt_design
Attempting to get a license for feature 'Implementation' and/or device 'xc7a50ti'
INFO: [Common 17-349] Got license for feature 'Implementation' and/or device 'xc7a50ti'

Starting Initial Update Timing Task
INFO: [Timing 38-35] Done setting XDC timing constraints.

Time (s): cpu = 00:00:00.08 ; elapsed = 00:00:00.11 . Memory (MB): peak = 3246.852 ; gain = 0.000 ; free physical = 132 ; free virtual = 4231
INFO: [Vivado_Tcl 4-383] Design worst setup slack (WNS) is greater than or equal to 0.000 ns. Skipping all physical synthesis optimizations.
INFO: [Vivado_Tcl 4-232] No setup violation found. The netlist was not modified.
INFO: [Common 17-83] Releasing license: Implementation
53 Infos, 2 Warnings, 1 Critical Warnings and 0 Errors encountered.
phys_opt_design completed successfully
INFO: [Timing 38-480] Writing timing data to binary archive.
Writing XDEF routing.
Writing XDEF routing logical nets.
Writing XDEF routing special nets.
Write XDEF Complete: Time (s): cpu = 00:00:00.14 ; elapsed = 00:00:00.09 . Memory (MB): peak = 3246.852 ; gain = 0.000 ; free physical = 128 ; free virtual = 4227
INFO: [Common 17-1381] The checkpoint '/home/user/Desktop/ese_1.3/ese_1.3.runs/impl_1/Board_TopLevel_physopt.dcp' has been generated.
Command: route_design
Attempting to get a license for feature 'Implementation' and/or device 'xc7a50ti'
INFO: [Common 17-349] Got license for feature 'Implementation' and/or device 'xc7a50ti'
Running DRC as a precondition to command route_design
INFO: [DRC 23-27] Running DRC with 8 threads
INFO: [Vivado_Tcl 4-198] DRC finished with 0 Errors
INFO: [Vivado_Tcl 4-199] Please refer to the DRC report (report_drc) for more information.


Starting Routing Task
INFO: [Route 35-254] Multithreading enabled for route_design using a maximum of 8 CPUs

Phase 1 Build RT Design
Checksum: PlaceDB: 8d4b8a73 ConstDB: 0 ShapeSum: e315402d RouteDB: 0
Post Restoration Checksum: NetGraph: 50606c9a NumContArr: b76931e3 Constraints: 0 Timing: 0
Phase 1 Build RT Design | Checksum: 107c99e7d

Time (s): cpu = 00:00:19 ; elapsed = 00:00:17 . Memory (MB): peak = 3246.852 ; gain = 0.000 ; free physical = 67 ; free virtual = 4111

Phase 2 Router Initialization

Phase 2.1 Fix Topology Constraints
Phase 2.1 Fix Topology Constraints | Checksum: 107c99e7d

Time (s): cpu = 00:00:19 ; elapsed = 00:00:18 . Memory (MB): peak = 3246.852 ; gain = 0.000 ; free physical = 64 ; free virtual = 4099

Phase 2.2 Pre Route Cleanup
Phase 2.2 Pre Route Cleanup | Checksum: 107c99e7d

Time (s): cpu = 00:00:19 ; elapsed = 00:00:18 . Memory (MB): peak = 3246.852 ; gain = 0.000 ; free physical = 66 ; free virtual = 4099
 Number of Nodes with overlaps = 0

Phase 2.3 Update Timing
Phase 2.3 Update Timing | Checksum: 17d3ba1c9

Time (s): cpu = 00:00:20 ; elapsed = 00:00:18 . Memory (MB): peak = 3246.852 ; gain = 0.000 ; free physical = 75 ; free virtual = 4095

Router Utilization Summary
  Global Vertical Routing Utilization    = 0 %
  Global Horizontal Routing Utilization  = 0 %
  Routable Net Status*
  *Does not include unroutable nets such as driverless and loadless.
  Run report_route_status for detailed report.
  Number of Failed Nets               = 60
    (Failed Nets is the sum of unrouted and partially routed nets)
  Number of Unrouted Nets             = 60
  Number of Partially Routed Nets     = 0
  Number of Node Overlaps             = 0

Phase 2 Router Initialization | Checksum: 17d3ba1c9

Time (s): cpu = 00:00:20 ; elapsed = 00:00:18 . Memory (MB): peak = 3246.852 ; gain = 0.000 ; free physical = 68 ; free virtual = 4087

Phase 3 Initial Routing

Phase 3.1 Global Routing
Phase 3.1 Global Routing | Checksum: 17d3ba1c9

Time (s): cpu = 00:00:20 ; elapsed = 00:00:18 . Memory (MB): peak = 3246.852 ; gain = 0.000 ; free physical = 68 ; free virtual = 4087
Phase 3 Initial Routing | Checksum: 1926738ad

Time (s): cpu = 00:00:21 ; elapsed = 00:00:18 . Memory (MB): peak = 3246.852 ; gain = 0.000 ; free physical = 67 ; free virtual = 4087

Phase 4 Rip-up And Reroute

Phase 4.1 Global Iteration 0
 Number of Nodes with overlaps = 5
 Number of Nodes with overlaps = 0
Phase 4.1 Global Iteration 0 | Checksum: 10147805e

Time (s): cpu = 00:00:21 ; elapsed = 00:00:18 . Memory (MB): peak = 3246.852 ; gain = 0.000 ; free physical = 67 ; free virtual = 4087
Phase 4 Rip-up And Reroute | Checksum: 10147805e

Time (s): cpu = 00:00:21 ; elapsed = 00:00:18 . Memory (MB): peak = 3246.852 ; gain = 0.000 ; free physical = 67 ; free virtual = 4087

Phase 5 Delay and Skew Optimization

Phase 5.1 Delay CleanUp
Phase 5.1 Delay CleanUp | Checksum: 10147805e

Time (s): cpu = 00:00:21 ; elapsed = 00:00:18 . Memory (MB): peak = 3246.852 ; gain = 0.000 ; free physical = 67 ; free virtual = 4087

Phase 5.2 Clock Skew Optimization
Phase 5.2 Clock Skew Optimization | Checksum: 10147805e

Time (s): cpu = 00:00:21 ; elapsed = 00:00:18 . Memory (MB): peak = 3246.852 ; gain = 0.000 ; free physical = 67 ; free virtual = 4087
Phase 5 Delay and Skew Optimization | Checksum: 10147805e

Time (s): cpu = 00:00:21 ; elapsed = 00:00:18 . Memory (MB): peak = 3246.852 ; gain = 0.000 ; free physical = 67 ; free virtual = 4087

Phase 6 Post Hold Fix

Phase 6.1 Hold Fix Iter

Phase 6.1.1 Update Timing
Phase 6.1.1 Update Timing | Checksum: 10147805e

Time (s): cpu = 00:00:21 ; elapsed = 00:00:18 . Memory (MB): peak = 3246.852 ; gain = 0.000 ; free physical = 67 ; free virtual = 4087
Phase 6.1 Hold Fix Iter | Checksum: 10147805e

Time (s): cpu = 00:00:21 ; elapsed = 00:00:18 . Memory (MB): peak = 3246.852 ; gain = 0.000 ; free physical = 67 ; free virtual = 4087
Phase 6 Post Hold Fix | Checksum: 10147805e

Time (s): cpu = 00:00:21 ; elapsed = 00:00:18 . Memory (MB): peak = 3246.852 ; gain = 0.000 ; free physical = 67 ; free virtual = 4087

Phase 7 Route finalize

Router Utilization Summary
  Global Vertical Routing Utilization    = 0.0406601 %
  Global Horizontal Routing Utilization  = 0.0270692 %
  Routable Net Status*
  *Does not include unroutable nets such as driverless and loadless.
  Run report_route_status for detailed report.
  Number of Failed Nets               = 0
    (Failed Nets is the sum of unrouted and partially routed nets)
  Number of Unrouted Nets             = 0
  Number of Partially Routed Nets     = 0
  Number of Node Overlaps             = 0

Phase 7 Route finalize | Checksum: 10147805e

Time (s): cpu = 00:00:21 ; elapsed = 00:00:18 . Memory (MB): peak = 3246.852 ; gain = 0.000 ; free physical = 67 ; free virtual = 4087

Phase 8 Verifying routed nets

 Verification completed successfully
Phase 8 Verifying routed nets | Checksum: 10147805e

Time (s): cpu = 00:00:21 ; elapsed = 00:00:18 . Memory (MB): peak = 3246.852 ; gain = 0.000 ; free physical = 67 ; free virtual = 4087

Phase 9 Depositing Routes
Phase 9 Depositing Routes | Checksum: 10147805e

Time (s): cpu = 00:00:21 ; elapsed = 00:00:18 . Memory (MB): peak = 3246.852 ; gain = 0.000 ; free physical = 67 ; free virtual = 4086

Phase 10 Post Router Timing
Phase 10 Post Router Timing | Checksum: 10147805e

Time (s): cpu = 00:00:21 ; elapsed = 00:00:18 . Memory (MB): peak = 3246.852 ; gain = 0.000 ; free physical = 66 ; free virtual = 4086
INFO: [Route 35-16] Router Completed Successfully

Time (s): cpu = 00:00:21 ; elapsed = 00:00:18 . Memory (MB): peak = 3246.852 ; gain = 0.000 ; free physical = 98 ; free virtual = 4118

Routing Is Done.
INFO: [Common 17-83] Releasing license: Implementation
62 Infos, 2 Warnings, 1 Critical Warnings and 0 Errors encountered.
route_design completed successfully
route_design: Time (s): cpu = 00:00:23 ; elapsed = 00:00:20 . Memory (MB): peak = 3246.852 ; gain = 0.000 ; free physical = 99 ; free virtual = 4120
INFO: [Timing 38-480] Writing timing data to binary archive.
Writing XDEF routing.
Writing XDEF routing logical nets.
Writing XDEF routing special nets.
Write XDEF Complete: Time (s): cpu = 00:00:00.17 ; elapsed = 00:00:00.1 . Memory (MB): peak = 3246.852 ; gain = 0.000 ; free physical = 96 ; free virtual = 4118
INFO: [Common 17-1381] The checkpoint '/home/user/Desktop/ese_1.3/ese_1.3.runs/impl_1/Board_TopLevel_routed.dcp' has been generated.
INFO: [runtcl-4] Executing : report_drc -file Board_TopLevel_drc_routed.rpt -pb Board_TopLevel_drc_routed.pb -rpx Board_TopLevel_drc_routed.rpx
Command: report_drc -file Board_TopLevel_drc_routed.rpt -pb Board_TopLevel_drc_routed.pb -rpx Board_TopLevel_drc_routed.rpx
INFO: [IP_Flow 19-1839] IP Catalog is up to date.
INFO: [DRC 23-27] Running DRC with 8 threads
INFO: [Vivado_Tcl 2-168] The results of DRC are in file /home/user/Desktop/ese_1.3/ese_1.3.runs/impl_1/Board_TopLevel_drc_routed.rpt.
report_drc completed successfully
INFO: [runtcl-4] Executing : report_methodology -file Board_TopLevel_methodology_drc_routed.rpt -pb Board_TopLevel_methodology_drc_routed.pb -rpx Board_TopLevel_methodology_drc_routed.rpx
Command: report_methodology -file Board_TopLevel_methodology_drc_routed.rpt -pb Board_TopLevel_methodology_drc_routed.pb -rpx Board_TopLevel_methodology_drc_routed.rpx
INFO: [Timing 38-35] Done setting XDC timing constraints.
INFO: [DRC 23-133] Running Methodology with 8 threads
INFO: [Vivado_Tcl 2-1520] The results of Report Methodology are in file /home/user/Desktop/ese_1.3/ese_1.3.runs/impl_1/Board_TopLevel_methodology_drc_routed.rpt.
report_methodology completed successfully
INFO: [runtcl-4] Executing : report_power -file Board_TopLevel_power_routed.rpt -pb Board_TopLevel_power_summary_routed.pb -rpx Board_TopLevel_power_routed.rpx
Command: report_power -file Board_TopLevel_power_routed.rpt -pb Board_TopLevel_power_summary_routed.pb -rpx Board_TopLevel_power_routed.rpx
INFO: [Timing 38-35] Done setting XDC timing constraints.
Running Vector-less Activity Propagation...

Finished Running Vector-less Activity Propagation
74 Infos, 2 Warnings, 1 Critical Warnings and 0 Errors encountered.
report_power completed successfully
INFO: [runtcl-4] Executing : report_route_status -file Board_TopLevel_route_status.rpt -pb Board_TopLevel_route_status.pb
INFO: [runtcl-4] Executing : report_timing_summary -max_paths 10 -report_unconstrained -file Board_TopLevel_timing_summary_routed.rpt -pb Board_TopLevel_timing_summary_routed.pb -rpx Board_TopLevel_timing_summary_routed.rpx -warn_on_violation 
INFO: [Timing 38-91] UpdateTimingParams: Speed grade: -1L, Delay Type: min_max.
INFO: [Timing 38-191] Multithreading enabled for timing update using a maximum of 8 CPUs
INFO: [runtcl-4] Executing : report_incremental_reuse -file Board_TopLevel_incremental_reuse_routed.rpt
INFO: [Vivado_Tcl 4-1062] Incremental flow is disabled. No incremental reuse Info to report.
INFO: [runtcl-4] Executing : report_clock_utilization -file Board_TopLevel_clock_utilization_routed.rpt
INFO: [runtcl-4] Executing : report_bus_skew -warn_on_violation -file Board_TopLevel_bus_skew_routed.rpt -pb Board_TopLevel_bus_skew_routed.pb -rpx Board_TopLevel_bus_skew_routed.rpx
INFO: [Timing 38-91] UpdateTimingParams: Speed grade: -1L, Delay Type: min_max.
INFO: [Timing 38-191] Multithreading enabled for timing update using a maximum of 8 CPUs
Command: write_bitstream -force Board_TopLevel.bit
Attempting to get a license for feature 'Implementation' and/or device 'xc7a50ti'
INFO: [Common 17-349] Got license for feature 'Implementation' and/or device 'xc7a50ti'
Running DRC as a precondition to command write_bitstream
INFO: [IP_Flow 19-1839] IP Catalog is up to date.
INFO: [DRC 23-27] Running DRC with 8 threads
WARNING: [DRC CFGBVS-1] Missing CFGBVS and CONFIG_VOLTAGE Design Properties: Neither the CFGBVS nor CONFIG_VOLTAGE voltage property is set in the current_design.  Configuration bank voltage select (CFGBVS) must be set to VCCO or GND, and CONFIG_VOLTAGE must be set to the correct configuration voltage, in order to determine the I/O voltage support for the pins in bank 0.  It is suggested to specify these either using the 'Edit Device Properties' function in the GUI or directly in the XDC file using the following syntax:

 set_property CFGBVS value1 [current_design]
 #where value1 is either VCCO or GND

 set_property CONFIG_VOLTAGE value2 [current_design]
 #where value2 is the voltage provided to configuration bank 0

Refer to the device configuration user guide for more information.
INFO: [Vivado 12-3199] DRC finished with 0 Errors, 1 Warnings
INFO: [Vivado 12-3200] Please refer to the DRC report (report_drc) for more information.
INFO: [Designutils 20-2272] Running write_bitstream with 8 threads.
Loading data files...
Loading site data...
Loading route data...
Processing options...
Creating bitmap...
Creating bitstream...
Writing bitstream ./Board_TopLevel.bit...
INFO: [Vivado 12-1842] Bitgen Completed Successfully.
INFO: [Project 1-1876] WebTalk data collection is mandatory when using a ULT device. To see the specific WebTalk data collected for your design, open the usage_statistics_webtalk.html or usage_statistics_webtalk.xml file in the implementation directory.
INFO: [Common 17-83] Releasing license: Implementation
12 Infos, 1 Warnings, 0 Critical Warnings and 0 Errors encountered.
write_bitstream completed successfully
write_bitstream: Time (s): cpu = 00:00:09 ; elapsed = 00:00:19 . Memory (MB): peak = 3579.895 ; gain = 230.355 ; free physical = 377 ; free virtual = 4037
INFO: [Common 17-206] Exiting Vivado at Fri Feb 27 17:21:10 2026...

*** Running vivado
    with args -log Board_TopLevel.vdi -applog -m64 -product Vivado -messageDb vivado.pb -mode batch -source Board_TopLevel.tcl -notrace


****** Vivado v2022.2 (64-bit)
  **** SW Build 3671981 on Fri Oct 14 04:59:54 MDT 2022
  **** IP Build 3669848 on Fri Oct 14 08:30:02 MDT 2022
    ** Copyright 1986-2022 Xilinx, Inc. All Rights Reserved.

source Board_TopLevel.tcl -notrace
Command: open_checkpoint Board_TopLevel_routed.dcp
CRITICAL WARNING: [Board 49-4] Problem parsing board_part file - /home/user/Xilinx/Vivado/2022.2/data/boards/board_files/nexys-a7-100t/D.0/1.0/board.xml
Resolution: Check that the file is valid using an XML validation tool such as xmllint.
INFO: [Device 21-403] Loading part xc7a50ticsg324-1L
Netlist sorting complete. Time (s): cpu = 00:00:00.01 ; elapsed = 00:00:00.01 . Memory (MB): peak = 2067.219 ; gain = 0.039 ; free physical = 101 ; free virtual = 3110
INFO: [Netlist 29-17] Analyzing 6 Unisim elements for replacement
INFO: [Netlist 29-28] Unisim Transformation completed in 0 CPU seconds
INFO: [Project 1-479] Netlist was created with Vivado 2022.2
INFO: [Project 1-570] Preparing netlist for logic optimization
INFO: [Timing 38-478] Restoring timing data from binary archive.
INFO: [Timing 38-479] Binary timing data restore complete.
INFO: [Project 1-856] Restoring constraints from binary archive.
INFO: [Project 1-853] Binary constraint restore complete.
Reading XDEF placement.
Reading placer database...
Reading XDEF routing.
Read XDEF Files: Time (s): cpu = 00:00:00.11 ; elapsed = 00:00:00.15 . Memory (MB): peak = 2760.172 ; gain = 6.512 ; free physical = 87 ; free virtual = 2467
Restored from archive | CPU: 0.130000 secs | Memory: 1.262207 MB |
Finished XDEF File Restore: Time (s): cpu = 00:00:00.12 ; elapsed = 00:00:00.15 . Memory (MB): peak = 2760.176 ; gain = 6.527 ; free physical = 87 ; free virtual = 2467
Netlist sorting complete. Time (s): cpu = 00:00:00 ; elapsed = 00:00:00 . Memory (MB): peak = 2760.441 ; gain = 0.000 ; free physical = 86 ; free virtual = 2467
INFO: [Project 1-111] Unisim Transformation Summary:
No Unisim elements were transformed.

INFO: [Project 1-604] Checkpoint was created with Vivado v2022.2 (64-bit) build 3671981
OpenCheckpoint Checksum | Checksum: 155d2261e
----- Checksum: PlaceDB: 482099fd ShapeSum: e315402d RouteDB: 2a9c4bf4 
open_checkpoint: Time (s): cpu = 00:00:23 ; elapsed = 00:00:28 . Memory (MB): peak = 2760.570 ; gain = 1116.820 ; free physical = 84 ; free virtual = 2466
Command: write_bitstream -force Board_TopLevel.bit
Attempting to get a license for feature 'Implementation' and/or device 'xc7a50ti'
INFO: [Common 17-349] Got license for feature 'Implementation' and/or device 'xc7a50ti'
Running DRC as a precondition to command write_bitstream
INFO: [IP_Flow 19-234] Refreshing IP repositories
INFO: [IP_Flow 19-1704] No user IP repositories specified
INFO: [IP_Flow 19-2313] Loaded Vivado IP repository '/home/user/Xilinx/Vivado/2022.2/data/ip'.
INFO: [DRC 23-27] Running DRC with 8 threads
WARNING: [DRC CFGBVS-1] Missing CFGBVS and CONFIG_VOLTAGE Design Properties: Neither the CFGBVS nor CONFIG_VOLTAGE voltage property is set in the current_design.  Configuration bank voltage select (CFGBVS) must be set to VCCO or GND, and CONFIG_VOLTAGE must be set to the correct configuration voltage, in order to determine the I/O voltage support for the pins in bank 0.  It is suggested to specify these either using the 'Edit Device Properties' function in the GUI or directly in the XDC file using the following syntax:

 set_property CFGBVS value1 [current_design]
 #where value1 is either VCCO or GND

 set_property CONFIG_VOLTAGE value2 [current_design]
 #where value2 is the voltage provided to configuration bank 0

Refer to the device configuration user guide for more information.
INFO: [Vivado 12-3199] DRC finished with 0 Errors, 1 Warnings
INFO: [Vivado 12-3200] Please refer to the DRC report (report_drc) for more information.
INFO: [Designutils 20-2272] Running write_bitstream with 8 threads.
Loading data files...
Loading site data...
Loading route data...
Processing options...
Creating bitmap...
Creating bitstream...
Writing bitstream ./Board_TopLevel.bit...
INFO: [Vivado 12-1842] Bitgen Completed Successfully.
INFO: [Project 1-1876] WebTalk data collection is mandatory when using a ULT device. To see the specific WebTalk data collected for your design, open the usage_statistics_webtalk.html or usage_statistics_webtalk.xml file in the implementation directory.
INFO: [Common 17-83] Releasing license: Implementation
22 Infos, 1 Warnings, 1 Critical Warnings and 0 Errors encountered.
write_bitstream completed successfully
write_bitstream: Time (s): cpu = 00:00:10 ; elapsed = 00:00:20 . Memory (MB): peak = 3229.605 ; gain = 460.805 ; free physical = 413 ; free virtual = 2368
INFO: [Common 17-206] Exiting Vivado at Sat Feb 28 12:03:39 2026...
