Copyright 1986-2020 Xilinx, Inc. All Rights Reserved.
------------------------------------------------------------------------------------------------------------------------------------------
| Tool Version : Vivado v.2020.2 (win64) Build 3064766 Wed Nov 18 09:12:45 MST 2020
| Date         : Mon Mar  2 11:20:43 2026
| Host         : drims-pc running 64-bit major release  (build 9200)
| Command      : report_drc -file Cronometro_Board_drc_routed.rpt -pb Cronometro_Board_drc_routed.pb -rpx Cronometro_Board_drc_routed.rpx
| Design       : Cronometro_Board
| Device       : xc7a50ticsg324-1L
| Speed File   : -1L
| Design State : Fully Routed
------------------------------------------------------------------------------------------------------------------------------------------

Report DRC

Table of Contents
-----------------
1. REPORT SUMMARY
2. REPORT DETAILS

1. REPORT SUMMARY
-----------------
            Netlist: netlist
          Floorplan: design_1
      Design limits: <entire design considered>
           Ruledeck: default
             Max violations: <unlimited>
             Violations found: 34
+-------------+----------+-------------------------------------------------------------+------------+
| Rule        | Severity | Description                                                 | Violations |
+-------------+----------+-------------------------------------------------------------+------------+
| CFGBVS-1    | Warning  | Missing CFGBVS and CONFIG_VOLTAGE Design Properties         | 1          |
| PDRC-153    | Warning  | Gated clock check                                           | 22         |
| PLHOLDVIO-2 | Warning  | Non-Optimal connections which could lead to hold violations | 11         |
+-------------+----------+-------------------------------------------------------------+------------+

2. REPORT DETAILS
-----------------
CFGBVS-1#1 Warning
Missing CFGBVS and CONFIG_VOLTAGE Design Properties  
Neither the CFGBVS nor CONFIG_VOLTAGE voltage property is set in the current_design.  Configuration bank voltage select (CFGBVS) must be set to VCCO or GND, and CONFIG_VOLTAGE must be set to the correct configuration voltage, in order to determine the I/O voltage support for the pins in bank 0.  It is suggested to specify these either using the 'Edit Device Properties' function in the GUI or directly in the XDC file using the following syntax:

 set_property CFGBVS value1 [current_design]
 #where value1 is either VCCO or GND

 set_property CONFIG_VOLTAGE value2 [current_design]
 #where value2 is the voltage provided to configuration bank 0

Refer to the device configuration user guide for more information.
Related violations: <none>

PDRC-153#1 Warning
Gated clock check  
Net UUT/CNT_MIN/CONT_0/min_bin__0[0] is a gated clock net sourced by a combinational pin UUT/CNT_MIN/CONT_0/Y_reg_C_i_2__1/O, cell UUT/CNT_MIN/CONT_0/Y_reg_C_i_2__1. This is not good design practice and will likely impact performance. For SLICE registers, for example, use the CE pin to control the loading of data.
Related violations: <none>

PDRC-153#2 Warning
Gated clock check  
Net UUT/CNT_MIN/CONT_1/Y_reg_reg_P_0[0] is a gated clock net sourced by a combinational pin UUT/CNT_MIN/CONT_1/Y_reg_C_i_2__2/O, cell UUT/CNT_MIN/CONT_1/Y_reg_C_i_2__2. This is not good design practice and will likely impact performance. For SLICE registers, for example, use the CE pin to control the loading of data.
Related violations: <none>

PDRC-153#3 Warning
Gated clock check  
Net UUT/CNT_MIN/CONT_2/min_bin[0] is a gated clock net sourced by a combinational pin UUT/CNT_MIN/CONT_2/Y_reg_C_i_2__3/O, cell UUT/CNT_MIN/CONT_2/Y_reg_C_i_2__3. This is not good design practice and will likely impact performance. For SLICE registers, for example, use the CE pin to control the loading of data.
Related violations: <none>

PDRC-153#4 Warning
Gated clock check  
Net UUT/CNT_MIN/CONT_3/Y_reg_reg_P_0[0] is a gated clock net sourced by a combinational pin UUT/CNT_MIN/CONT_3/Y_reg_C_i_2__4/O, cell UUT/CNT_MIN/CONT_3/Y_reg_C_i_2__4. This is not good design practice and will likely impact performance. For SLICE registers, for example, use the CE pin to control the loading of data.
Related violations: <none>

PDRC-153#5 Warning
Gated clock check  
Net UUT/CNT_MIN/CONT_4/Y_reg_reg_P_0[0] is a gated clock net sourced by a combinational pin UUT/CNT_MIN/CONT_4/Y_reg_C_i_2__5/O, cell UUT/CNT_MIN/CONT_4/Y_reg_C_i_2__5. This is not good design practice and will likely impact performance. For SLICE registers, for example, use the CE pin to control the loading of data.
Related violations: <none>

PDRC-153#6 Warning
Gated clock check  
Net UUT/CNT_MIN/CONT_5/BTNU is a gated clock net sourced by a combinational pin UUT/CNT_MIN/CONT_5/Y_reg_reg_LDC_i_1__4/O, cell UUT/CNT_MIN/CONT_5/Y_reg_reg_LDC_i_1__4. This is not good design practice and will likely impact performance. For SLICE registers, for example, use the CE pin to control the loading of data.
Related violations: <none>

PDRC-153#7 Warning
Gated clock check  
Net UUT/CNT_MIN/CONT_5/BTNU_0 is a gated clock net sourced by a combinational pin UUT/CNT_MIN/CONT_5/Y_reg_reg_LDC_i_1__5/O, cell UUT/CNT_MIN/CONT_5/Y_reg_reg_LDC_i_1__5. This is not good design practice and will likely impact performance. For SLICE registers, for example, use the CE pin to control the loading of data.
Related violations: <none>

PDRC-153#8 Warning
Gated clock check  
Net UUT/CNT_MIN/CONT_5/BTNU_1 is a gated clock net sourced by a combinational pin UUT/CNT_MIN/CONT_5/Y_reg_reg_LDC_i_1__6/O, cell UUT/CNT_MIN/CONT_5/Y_reg_reg_LDC_i_1__6. This is not good design practice and will likely impact performance. For SLICE registers, for example, use the CE pin to control the loading of data.
Related violations: <none>

PDRC-153#9 Warning
Gated clock check  
Net UUT/CNT_MIN/CONT_5/BTNU_2 is a gated clock net sourced by a combinational pin UUT/CNT_MIN/CONT_5/Y_reg_reg_LDC_i_1__7/O, cell UUT/CNT_MIN/CONT_5/Y_reg_reg_LDC_i_1__7. This is not good design practice and will likely impact performance. For SLICE registers, for example, use the CE pin to control the loading of data.
Related violations: <none>

PDRC-153#10 Warning
Gated clock check  
Net UUT/CNT_MIN/CONT_5/BTNU_3 is a gated clock net sourced by a combinational pin UUT/CNT_MIN/CONT_5/Y_reg_reg_LDC_i_1__8/O, cell UUT/CNT_MIN/CONT_5/Y_reg_reg_LDC_i_1__8. This is not good design practice and will likely impact performance. For SLICE registers, for example, use the CE pin to control the loading of data.
Related violations: <none>

PDRC-153#11 Warning
Gated clock check  
Net UUT/CNT_MIN/CONT_5/Y_reg_reg_LDC_i_1__9_n_0 is a gated clock net sourced by a combinational pin UUT/CNT_MIN/CONT_5/Y_reg_reg_LDC_i_1__9/O, cell UUT/CNT_MIN/CONT_5/Y_reg_reg_LDC_i_1__9. This is not good design practice and will likely impact performance. For SLICE registers, for example, use the CE pin to control the loading of data.
Related violations: <none>

PDRC-153#12 Warning
Gated clock check  
Net UUT/CNT_MIN/CONT_5/Y_reg_reg_P_0 is a gated clock net sourced by a combinational pin UUT/CNT_MIN/CONT_5/Y_reg_C_i_2/O, cell UUT/CNT_MIN/CONT_5/Y_reg_C_i_2. This is not good design practice and will likely impact performance. For SLICE registers, for example, use the CE pin to control the loading of data.
Related violations: <none>

PDRC-153#13 Warning
Gated clock check  
Net UUT/CNT_ORE/CONT_0/ore_bin__0[0] is a gated clock net sourced by a combinational pin UUT/CNT_ORE/CONT_0/Y_reg_C_i_2__6/O, cell UUT/CNT_ORE/CONT_0/Y_reg_C_i_2__6. This is not good design practice and will likely impact performance. For SLICE registers, for example, use the CE pin to control the loading of data.
Related violations: <none>

PDRC-153#14 Warning
Gated clock check  
Net UUT/CNT_ORE/CONT_1/Y_reg_reg_P_0[0] is a gated clock net sourced by a combinational pin UUT/CNT_ORE/CONT_1/Y_reg_C_i_2__7/O, cell UUT/CNT_ORE/CONT_1/Y_reg_C_i_2__7. This is not good design practice and will likely impact performance. For SLICE registers, for example, use the CE pin to control the loading of data.
Related violations: <none>

PDRC-153#15 Warning
Gated clock check  
Net UUT/CNT_ORE/CONT_2/ore_bin__0[0] is a gated clock net sourced by a combinational pin UUT/CNT_ORE/CONT_2/Y_reg_C_i_2__8/O, cell UUT/CNT_ORE/CONT_2/Y_reg_C_i_2__8. This is not good design practice and will likely impact performance. For SLICE registers, for example, use the CE pin to control the loading of data.
Related violations: <none>

PDRC-153#16 Warning
Gated clock check  
Net UUT/CNT_ORE/CONT_3/Y_reg_reg_P_1[0] is a gated clock net sourced by a combinational pin UUT/CNT_ORE/CONT_3/Y_reg_C_i_2__9/O, cell UUT/CNT_ORE/CONT_3/Y_reg_C_i_2__9. This is not good design practice and will likely impact performance. For SLICE registers, for example, use the CE pin to control the loading of data.
Related violations: <none>

PDRC-153#17 Warning
Gated clock check  
Net UUT/CNT_ORE/CONT_4/BTNC_2 is a gated clock net sourced by a combinational pin UUT/CNT_ORE/CONT_4/Y_reg_reg_LDC_i_1__0/O, cell UUT/CNT_ORE/CONT_4/Y_reg_reg_LDC_i_1__0. This is not good design practice and will likely impact performance. For SLICE registers, for example, use the CE pin to control the loading of data.
Related violations: <none>

PDRC-153#18 Warning
Gated clock check  
Net UUT/CNT_ORE/CONT_4/BTNC_3 is a gated clock net sourced by a combinational pin UUT/CNT_ORE/CONT_4/Y_reg_reg_LDC_i_1__1/O, cell UUT/CNT_ORE/CONT_4/Y_reg_reg_LDC_i_1__1. This is not good design practice and will likely impact performance. For SLICE registers, for example, use the CE pin to control the loading of data.
Related violations: <none>

PDRC-153#19 Warning
Gated clock check  
Net UUT/CNT_ORE/CONT_4/BTNC_4 is a gated clock net sourced by a combinational pin UUT/CNT_ORE/CONT_4/Y_reg_reg_LDC_i_1__2/O, cell UUT/CNT_ORE/CONT_4/Y_reg_reg_LDC_i_1__2. This is not good design practice and will likely impact performance. For SLICE registers, for example, use the CE pin to control the loading of data.
Related violations: <none>

PDRC-153#20 Warning
Gated clock check  
Net UUT/CNT_ORE/CONT_4/BTNC_5 is a gated clock net sourced by a combinational pin UUT/CNT_ORE/CONT_4/Y_reg_reg_LDC_i_1__3/O, cell UUT/CNT_ORE/CONT_4/Y_reg_reg_LDC_i_1__3. This is not good design practice and will likely impact performance. For SLICE registers, for example, use the CE pin to control the loading of data.
Related violations: <none>

PDRC-153#21 Warning
Gated clock check  
Net UUT/CNT_ORE/CONT_4/Y_reg_reg_LDC_i_1_n_0 is a gated clock net sourced by a combinational pin UUT/CNT_ORE/CONT_4/Y_reg_reg_LDC_i_1/O, cell UUT/CNT_ORE/CONT_4/Y_reg_reg_LDC_i_1. This is not good design practice and will likely impact performance. For SLICE registers, for example, use the CE pin to control the loading of data.
Related violations: <none>

PDRC-153#22 Warning
Gated clock check  
Net UUT/CNT_SEC/CONT_5/COUT is a gated clock net sourced by a combinational pin UUT/CNT_SEC/CONT_5/Y_reg_C_i_2__0/O, cell UUT/CNT_SEC/CONT_5/Y_reg_C_i_2__0. This is not good design practice and will likely impact performance. For SLICE registers, for example, use the CE pin to control the loading of data.
Related violations: <none>

PLHOLDVIO-2#1 Warning
Non-Optimal connections which could lead to hold violations  
A LUT UUT/CNT_MIN/CONT_0/Y_reg_C_i_2__1 is driving clock pin of 2 cells. This could lead to large hold time violations. Involved cells are:
UUT/CNT_MIN/CONT_1/Y_reg_reg_C, UUT/CNT_MIN/CONT_1/Y_reg_reg_P
Related violations: <none>

PLHOLDVIO-2#2 Warning
Non-Optimal connections which could lead to hold violations  
A LUT UUT/CNT_MIN/CONT_1/Y_reg_C_i_2__2 is driving clock pin of 2 cells. This could lead to large hold time violations. Involved cells are:
UUT/CNT_MIN/CONT_2/Y_reg_reg_C, UUT/CNT_MIN/CONT_2/Y_reg_reg_P
Related violations: <none>

PLHOLDVIO-2#3 Warning
Non-Optimal connections which could lead to hold violations  
A LUT UUT/CNT_MIN/CONT_2/Y_reg_C_i_2__3 is driving clock pin of 2 cells. This could lead to large hold time violations. Involved cells are:
UUT/CNT_MIN/CONT_3/Y_reg_reg_C, UUT/CNT_MIN/CONT_3/Y_reg_reg_P
Related violations: <none>

PLHOLDVIO-2#4 Warning
Non-Optimal connections which could lead to hold violations  
A LUT UUT/CNT_MIN/CONT_3/Y_reg_C_i_2__4 is driving clock pin of 2 cells. This could lead to large hold time violations. Involved cells are:
UUT/CNT_MIN/CONT_4/Y_reg_reg_C, UUT/CNT_MIN/CONT_4/Y_reg_reg_P
Related violations: <none>

PLHOLDVIO-2#5 Warning
Non-Optimal connections which could lead to hold violations  
A LUT UUT/CNT_MIN/CONT_4/Y_reg_C_i_2__5 is driving clock pin of 2 cells. This could lead to large hold time violations. Involved cells are:
UUT/CNT_MIN/CONT_5/Y_reg_reg_C, UUT/CNT_MIN/CONT_5/Y_reg_reg_P
Related violations: <none>

PLHOLDVIO-2#6 Warning
Non-Optimal connections which could lead to hold violations  
A LUT UUT/CNT_MIN/CONT_5/Y_reg_C_i_2 is driving clock pin of 2 cells. This could lead to large hold time violations. Involved cells are:
UUT/CNT_ORE/CONT_0/Y_reg_reg_C, UUT/CNT_ORE/CONT_0/Y_reg_reg_P
Related violations: <none>

PLHOLDVIO-2#7 Warning
Non-Optimal connections which could lead to hold violations  
A LUT UUT/CNT_ORE/CONT_0/Y_reg_C_i_2__6 is driving clock pin of 2 cells. This could lead to large hold time violations. Involved cells are:
UUT/CNT_ORE/CONT_1/Y_reg_reg_C, UUT/CNT_ORE/CONT_1/Y_reg_reg_P
Related violations: <none>

PLHOLDVIO-2#8 Warning
Non-Optimal connections which could lead to hold violations  
A LUT UUT/CNT_ORE/CONT_1/Y_reg_C_i_2__7 is driving clock pin of 2 cells. This could lead to large hold time violations. Involved cells are:
UUT/CNT_ORE/CONT_2/Y_reg_reg_C, UUT/CNT_ORE/CONT_2/Y_reg_reg_P
Related violations: <none>

PLHOLDVIO-2#9 Warning
Non-Optimal connections which could lead to hold violations  
A LUT UUT/CNT_ORE/CONT_2/Y_reg_C_i_2__8 is driving clock pin of 2 cells. This could lead to large hold time violations. Involved cells are:
UUT/CNT_ORE/CONT_3/Y_reg_reg_C, UUT/CNT_ORE/CONT_3/Y_reg_reg_P
Related violations: <none>

PLHOLDVIO-2#10 Warning
Non-Optimal connections which could lead to hold violations  
A LUT UUT/CNT_ORE/CONT_3/Y_reg_C_i_2__9 is driving clock pin of 2 cells. This could lead to large hold time violations. Involved cells are:
UUT/CNT_ORE/CONT_4/Y_reg_reg_C, UUT/CNT_ORE/CONT_4/Y_reg_reg_P
Related violations: <none>

PLHOLDVIO-2#11 Warning
Non-Optimal connections which could lead to hold violations  
A LUT UUT/CNT_SEC/CONT_5/Y_reg_C_i_2__0 is driving clock pin of 2 cells. This could lead to large hold time violations. Involved cells are:
UUT/CNT_MIN/CONT_0/Y_reg_reg_C, UUT/CNT_MIN/CONT_0/Y_reg_reg_P
Related violations: <none>


