Copyright 1986-2020 Xilinx, Inc. All Rights Reserved.
--------------------------------------------------------------------------------------------------------------------------------------------------------------------------------------
| Tool Version : Vivado v.2020.2 (win64) Build 3064766 Wed Nov 18 09:12:45 MST 2020
| Date         : Mon Mar  2 11:20:46 2026
| Host         : drims-pc running 64-bit major release  (build 9200)
| Command      : report_methodology -file Cronometro_Board_methodology_drc_routed.rpt -pb Cronometro_Board_methodology_drc_routed.pb -rpx Cronometro_Board_methodology_drc_routed.rpx
| Design       : Cronometro_Board
| Device       : xc7a50ticsg324-1L
| Speed File   : -1L
| Design State : Fully Routed
--------------------------------------------------------------------------------------------------------------------------------------------------------------------------------------

Report Methodology

Table of Contents
-----------------
1. REPORT SUMMARY
2. REPORT DETAILS

1. REPORT SUMMARY
-----------------
            Netlist: netlist
          Floorplan: design_1
      Design limits: <entire design considered>
             Max violations: <unlimited>
             Violations found: 78
+-----------+------------------+-------------------------------+------------+
| Rule      | Severity         | Description                   | Violations |
+-----------+------------------+-------------------------------+------------+
| TIMING-17 | Critical Warning | Non-clocked sequential cell   | 28         |
| LUTAR-1   | Warning          | LUT drives async reset alert  | 23         |
| TIMING-18 | Warning          | Missing input or output delay | 16         |
| TIMING-20 | Warning          | Non-clocked latch             | 11         |
+-----------+------------------+-------------------------------+------------+

2. REPORT DETAILS
-----------------
TIMING-17#1 Critical Warning
Non-clocked sequential cell  
The clock pin UUT/CNT_MIN/CONT_0/Y_reg_reg_C/C is not reached by a timing clock
Related violations: <none>

TIMING-17#2 Critical Warning
Non-clocked sequential cell  
The clock pin UUT/CNT_MIN/CONT_0/Y_reg_reg_P/C is not reached by a timing clock
Related violations: <none>

TIMING-17#3 Critical Warning
Non-clocked sequential cell  
The clock pin UUT/CNT_MIN/CONT_1/Y_reg_reg_C/C is not reached by a timing clock
Related violations: <none>

TIMING-17#4 Critical Warning
Non-clocked sequential cell  
The clock pin UUT/CNT_MIN/CONT_1/Y_reg_reg_P/C is not reached by a timing clock
Related violations: <none>

TIMING-17#5 Critical Warning
Non-clocked sequential cell  
The clock pin UUT/CNT_MIN/CONT_2/Y_reg_reg_C/C is not reached by a timing clock
Related violations: <none>

TIMING-17#6 Critical Warning
Non-clocked sequential cell  
The clock pin UUT/CNT_MIN/CONT_2/Y_reg_reg_P/C is not reached by a timing clock
Related violations: <none>

TIMING-17#7 Critical Warning
Non-clocked sequential cell  
The clock pin UUT/CNT_MIN/CONT_3/Y_reg_reg_C/C is not reached by a timing clock
Related violations: <none>

TIMING-17#8 Critical Warning
Non-clocked sequential cell  
The clock pin UUT/CNT_MIN/CONT_3/Y_reg_reg_P/C is not reached by a timing clock
Related violations: <none>

TIMING-17#9 Critical Warning
Non-clocked sequential cell  
The clock pin UUT/CNT_MIN/CONT_4/Y_reg_reg_C/C is not reached by a timing clock
Related violations: <none>

TIMING-17#10 Critical Warning
Non-clocked sequential cell  
The clock pin UUT/CNT_MIN/CONT_4/Y_reg_reg_P/C is not reached by a timing clock
Related violations: <none>

TIMING-17#11 Critical Warning
Non-clocked sequential cell  
The clock pin UUT/CNT_MIN/CONT_5/Y_reg_reg_C/C is not reached by a timing clock
Related violations: <none>

TIMING-17#12 Critical Warning
Non-clocked sequential cell  
The clock pin UUT/CNT_MIN/CONT_5/Y_reg_reg_P/C is not reached by a timing clock
Related violations: <none>

TIMING-17#13 Critical Warning
Non-clocked sequential cell  
The clock pin UUT/CNT_ORE/CONT_0/Y_reg_reg_C/C is not reached by a timing clock
Related violations: <none>

TIMING-17#14 Critical Warning
Non-clocked sequential cell  
The clock pin UUT/CNT_ORE/CONT_0/Y_reg_reg_P/C is not reached by a timing clock
Related violations: <none>

TIMING-17#15 Critical Warning
Non-clocked sequential cell  
The clock pin UUT/CNT_ORE/CONT_1/Y_reg_reg_C/C is not reached by a timing clock
Related violations: <none>

TIMING-17#16 Critical Warning
Non-clocked sequential cell  
The clock pin UUT/CNT_ORE/CONT_1/Y_reg_reg_P/C is not reached by a timing clock
Related violations: <none>

TIMING-17#17 Critical Warning
Non-clocked sequential cell  
The clock pin UUT/CNT_ORE/CONT_2/Y_reg_reg_C/C is not reached by a timing clock
Related violations: <none>

TIMING-17#18 Critical Warning
Non-clocked sequential cell  
The clock pin UUT/CNT_ORE/CONT_2/Y_reg_reg_P/C is not reached by a timing clock
Related violations: <none>

TIMING-17#19 Critical Warning
Non-clocked sequential cell  
The clock pin UUT/CNT_ORE/CONT_3/Y_reg_reg_C/C is not reached by a timing clock
Related violations: <none>

TIMING-17#20 Critical Warning
Non-clocked sequential cell  
The clock pin UUT/CNT_ORE/CONT_3/Y_reg_reg_P/C is not reached by a timing clock
Related violations: <none>

TIMING-17#21 Critical Warning
Non-clocked sequential cell  
The clock pin UUT/CNT_ORE/CONT_4/Y_reg_reg_C/C is not reached by a timing clock
Related violations: <none>

TIMING-17#22 Critical Warning
Non-clocked sequential cell  
The clock pin UUT/CNT_ORE/CONT_4/Y_reg_reg_P/C is not reached by a timing clock
Related violations: <none>

TIMING-17#23 Critical Warning
Non-clocked sequential cell  
The clock pin UUT/CNT_SEC/CONT_0/Y_reg_reg/C is not reached by a timing clock
Related violations: <none>

TIMING-17#24 Critical Warning
Non-clocked sequential cell  
The clock pin UUT/CNT_SEC/CONT_1/Y_reg_reg/C is not reached by a timing clock
Related violations: <none>

TIMING-17#25 Critical Warning
Non-clocked sequential cell  
The clock pin UUT/CNT_SEC/CONT_2/Y_reg_reg/C is not reached by a timing clock
Related violations: <none>

TIMING-17#26 Critical Warning
Non-clocked sequential cell  
The clock pin UUT/CNT_SEC/CONT_3/Y_reg_reg/C is not reached by a timing clock
Related violations: <none>

TIMING-17#27 Critical Warning
Non-clocked sequential cell  
The clock pin UUT/CNT_SEC/CONT_4/Y_reg_reg/C is not reached by a timing clock
Related violations: <none>

TIMING-17#28 Critical Warning
Non-clocked sequential cell  
The clock pin UUT/CNT_SEC/CONT_5/Y_reg_reg/C is not reached by a timing clock
Related violations: <none>

LUTAR-1#1 Warning
LUT drives async reset alert  
LUT cell UUT/CNT_MIN/CONT_5/Y_reg_reg_LDC_i_1__4, with 2 or more inputs, drives asynchronous preset/clear pin(s) UUT/CNT_MIN/CONT_0/Y_reg_reg_P/PRE. The LUT may glitch and trigger an unexpected reset, even if it is a properly timed path.
Related violations: <none>

LUTAR-1#2 Warning
LUT drives async reset alert  
LUT cell UUT/CNT_MIN/CONT_5/Y_reg_reg_LDC_i_1__5, with 2 or more inputs, drives asynchronous preset/clear pin(s) UUT/CNT_MIN/CONT_1/Y_reg_reg_P/PRE. The LUT may glitch and trigger an unexpected reset, even if it is a properly timed path.
Related violations: <none>

LUTAR-1#3 Warning
LUT drives async reset alert  
LUT cell UUT/CNT_MIN/CONT_5/Y_reg_reg_LDC_i_1__6, with 2 or more inputs, drives asynchronous preset/clear pin(s) UUT/CNT_MIN/CONT_2/Y_reg_reg_P/PRE. The LUT may glitch and trigger an unexpected reset, even if it is a properly timed path.
Related violations: <none>

LUTAR-1#4 Warning
LUT drives async reset alert  
LUT cell UUT/CNT_MIN/CONT_5/Y_reg_reg_LDC_i_1__7, with 2 or more inputs, drives asynchronous preset/clear pin(s) UUT/CNT_MIN/CONT_3/Y_reg_reg_P/PRE. The LUT may glitch and trigger an unexpected reset, even if it is a properly timed path.
Related violations: <none>

LUTAR-1#5 Warning
LUT drives async reset alert  
LUT cell UUT/CNT_MIN/CONT_5/Y_reg_reg_LDC_i_1__8, with 2 or more inputs, drives asynchronous preset/clear pin(s) UUT/CNT_MIN/CONT_4/Y_reg_reg_P/PRE. The LUT may glitch and trigger an unexpected reset, even if it is a properly timed path.
Related violations: <none>

LUTAR-1#6 Warning
LUT drives async reset alert  
LUT cell UUT/CNT_MIN/CONT_5/Y_reg_reg_LDC_i_1__9, with 2 or more inputs, drives asynchronous preset/clear pin(s) UUT/CNT_MIN/CONT_5/Y_reg_reg_P/PRE. The LUT may glitch and trigger an unexpected reset, even if it is a properly timed path.
Related violations: <none>

LUTAR-1#7 Warning
LUT drives async reset alert  
LUT cell UUT/CNT_MIN/CONT_5/Y_reg_reg_LDC_i_2__4, with 2 or more inputs, drives asynchronous preset/clear pin(s) UUT/CNT_MIN/CONT_5/Y_reg_reg_C/CLR, UUT/CNT_MIN/CONT_5/Y_reg_reg_LDC/CLR. The LUT may glitch and trigger an unexpected reset, even if it is a properly timed path.
Related violations: <none>

LUTAR-1#8 Warning
LUT drives async reset alert  
LUT cell UUT/CNT_MIN/CONT_5/Y_reg_reg_LDC_i_2__5, with 2 or more inputs, drives asynchronous preset/clear pin(s) UUT/CNT_MIN/CONT_4/Y_reg_reg_C/CLR, UUT/CNT_MIN/CONT_4/Y_reg_reg_LDC/CLR. The LUT may glitch and trigger an unexpected reset, even if it is a properly timed path.
Related violations: <none>

LUTAR-1#9 Warning
LUT drives async reset alert  
LUT cell UUT/CNT_MIN/CONT_5/Y_reg_reg_LDC_i_2__6, with 2 or more inputs, drives asynchronous preset/clear pin(s) UUT/CNT_MIN/CONT_3/Y_reg_reg_C/CLR, UUT/CNT_MIN/CONT_3/Y_reg_reg_LDC/CLR. The LUT may glitch and trigger an unexpected reset, even if it is a properly timed path.
Related violations: <none>

LUTAR-1#10 Warning
LUT drives async reset alert  
LUT cell UUT/CNT_MIN/CONT_5/Y_reg_reg_LDC_i_2__7, with 2 or more inputs, drives asynchronous preset/clear pin(s) UUT/CNT_MIN/CONT_2/Y_reg_reg_C/CLR, UUT/CNT_MIN/CONT_2/Y_reg_reg_LDC/CLR. The LUT may glitch and trigger an unexpected reset, even if it is a properly timed path.
Related violations: <none>

LUTAR-1#11 Warning
LUT drives async reset alert  
LUT cell UUT/CNT_MIN/CONT_5/Y_reg_reg_LDC_i_2__8, with 2 or more inputs, drives asynchronous preset/clear pin(s) UUT/CNT_MIN/CONT_1/Y_reg_reg_C/CLR, UUT/CNT_MIN/CONT_1/Y_reg_reg_LDC/CLR. The LUT may glitch and trigger an unexpected reset, even if it is a properly timed path.
Related violations: <none>

LUTAR-1#12 Warning
LUT drives async reset alert  
LUT cell UUT/CNT_MIN/CONT_5/Y_reg_reg_LDC_i_2__9, with 2 or more inputs, drives asynchronous preset/clear pin(s) UUT/CNT_MIN/CONT_0/Y_reg_reg_C/CLR, UUT/CNT_MIN/CONT_0/Y_reg_reg_LDC/CLR. The LUT may glitch and trigger an unexpected reset, even if it is a properly timed path.
Related violations: <none>

LUTAR-1#13 Warning
LUT drives async reset alert  
LUT cell UUT/CNT_ORE/CONT_4/Y_reg_reg_LDC_i_1, with 2 or more inputs, drives asynchronous preset/clear pin(s) UUT/CNT_ORE/CONT_4/Y_reg_reg_P/PRE. The LUT may glitch and trigger an unexpected reset, even if it is a properly timed path.
Related violations: <none>

LUTAR-1#14 Warning
LUT drives async reset alert  
LUT cell UUT/CNT_ORE/CONT_4/Y_reg_reg_LDC_i_1__0, with 2 or more inputs, drives asynchronous preset/clear pin(s) UUT/CNT_ORE/CONT_3/Y_reg_reg_P/PRE. The LUT may glitch and trigger an unexpected reset, even if it is a properly timed path.
Related violations: <none>

LUTAR-1#15 Warning
LUT drives async reset alert  
LUT cell UUT/CNT_ORE/CONT_4/Y_reg_reg_LDC_i_1__1, with 2 or more inputs, drives asynchronous preset/clear pin(s) UUT/CNT_ORE/CONT_2/Y_reg_reg_P/PRE. The LUT may glitch and trigger an unexpected reset, even if it is a properly timed path.
Related violations: <none>

LUTAR-1#16 Warning
LUT drives async reset alert  
LUT cell UUT/CNT_ORE/CONT_4/Y_reg_reg_LDC_i_1__2, with 2 or more inputs, drives asynchronous preset/clear pin(s) UUT/CNT_ORE/CONT_1/Y_reg_reg_P/PRE. The LUT may glitch and trigger an unexpected reset, even if it is a properly timed path.
Related violations: <none>

LUTAR-1#17 Warning
LUT drives async reset alert  
LUT cell UUT/CNT_ORE/CONT_4/Y_reg_reg_LDC_i_1__3, with 2 or more inputs, drives asynchronous preset/clear pin(s) UUT/CNT_ORE/CONT_0/Y_reg_reg_P/PRE. The LUT may glitch and trigger an unexpected reset, even if it is a properly timed path.
Related violations: <none>

LUTAR-1#18 Warning
LUT drives async reset alert  
LUT cell UUT/CNT_ORE/CONT_4/Y_reg_reg_LDC_i_2, with 2 or more inputs, drives asynchronous preset/clear pin(s) UUT/CNT_ORE/CONT_0/Y_reg_reg_C/CLR, UUT/CNT_ORE/CONT_0/Y_reg_reg_LDC/CLR. The LUT may glitch and trigger an unexpected reset, even if it is a properly timed path.
Related violations: <none>

LUTAR-1#19 Warning
LUT drives async reset alert  
LUT cell UUT/CNT_ORE/CONT_4/Y_reg_reg_LDC_i_2__0, with 2 or more inputs, drives asynchronous preset/clear pin(s) UUT/CNT_ORE/CONT_1/Y_reg_reg_C/CLR, UUT/CNT_ORE/CONT_1/Y_reg_reg_LDC/CLR. The LUT may glitch and trigger an unexpected reset, even if it is a properly timed path.
Related violations: <none>

LUTAR-1#20 Warning
LUT drives async reset alert  
LUT cell UUT/CNT_ORE/CONT_4/Y_reg_reg_LDC_i_2__1, with 2 or more inputs, drives asynchronous preset/clear pin(s) UUT/CNT_ORE/CONT_2/Y_reg_reg_C/CLR, UUT/CNT_ORE/CONT_2/Y_reg_reg_LDC/CLR. The LUT may glitch and trigger an unexpected reset, even if it is a properly timed path.
Related violations: <none>

LUTAR-1#21 Warning
LUT drives async reset alert  
LUT cell UUT/CNT_ORE/CONT_4/Y_reg_reg_LDC_i_2__2, with 2 or more inputs, drives asynchronous preset/clear pin(s) UUT/CNT_ORE/CONT_3/Y_reg_reg_C/CLR, UUT/CNT_ORE/CONT_3/Y_reg_reg_LDC/CLR. The LUT may glitch and trigger an unexpected reset, even if it is a properly timed path.
Related violations: <none>

LUTAR-1#22 Warning
LUT drives async reset alert  
LUT cell UUT/CNT_ORE/CONT_4/Y_reg_reg_LDC_i_2__3, with 2 or more inputs, drives asynchronous preset/clear pin(s) UUT/CNT_ORE/CONT_4/Y_reg_reg_C/CLR, UUT/CNT_ORE/CONT_4/Y_reg_reg_LDC/CLR. The LUT may glitch and trigger an unexpected reset, even if it is a properly timed path.
Related violations: <none>

LUTAR-1#23 Warning
LUT drives async reset alert  
LUT cell UUT/CNT_SEC/CONT_2/Y_reg_i_2, with 2 or more inputs, drives asynchronous preset/clear pin(s) UUT/CNT_SEC/CONT_0/Y_reg_reg/CLR, UUT/CNT_SEC/CONT_1/Y_reg_reg/CLR,
UUT/CNT_SEC/CONT_2/Y_reg_reg/CLR, UUT/CNT_SEC/CONT_3/Y_reg_reg/CLR,
UUT/CNT_SEC/CONT_4/Y_reg_reg/CLR, UUT/CNT_SEC/CONT_5/Y_reg_reg/CLR. The LUT may glitch and trigger an unexpected reset, even if it is a properly timed path.
Related violations: <none>

TIMING-18#1 Warning
Missing input or output delay  
An input delay is missing on BTNU relative to clock(s) sys_clk_pin
Related violations: <none>

TIMING-18#2 Warning
Missing input or output delay  
An output delay is missing on AN[0] relative to clock(s) sys_clk_pin
Related violations: <none>

TIMING-18#3 Warning
Missing input or output delay  
An output delay is missing on AN[1] relative to clock(s) sys_clk_pin
Related violations: <none>

TIMING-18#4 Warning
Missing input or output delay  
An output delay is missing on AN[2] relative to clock(s) sys_clk_pin
Related violations: <none>

TIMING-18#5 Warning
Missing input or output delay  
An output delay is missing on AN[3] relative to clock(s) sys_clk_pin
Related violations: <none>

TIMING-18#6 Warning
Missing input or output delay  
An output delay is missing on AN[4] relative to clock(s) sys_clk_pin
Related violations: <none>

TIMING-18#7 Warning
Missing input or output delay  
An output delay is missing on AN[5] relative to clock(s) sys_clk_pin
Related violations: <none>

TIMING-18#8 Warning
Missing input or output delay  
An output delay is missing on AN[6] relative to clock(s) sys_clk_pin
Related violations: <none>

TIMING-18#9 Warning
Missing input or output delay  
An output delay is missing on AN[7] relative to clock(s) sys_clk_pin
Related violations: <none>

TIMING-18#10 Warning
Missing input or output delay  
An output delay is missing on CA relative to clock(s) sys_clk_pin
Related violations: <none>

TIMING-18#11 Warning
Missing input or output delay  
An output delay is missing on CB relative to clock(s) sys_clk_pin
Related violations: <none>

TIMING-18#12 Warning
Missing input or output delay  
An output delay is missing on CC relative to clock(s) sys_clk_pin
Related violations: <none>

TIMING-18#13 Warning
Missing input or output delay  
An output delay is missing on CD relative to clock(s) sys_clk_pin
Related violations: <none>

TIMING-18#14 Warning
Missing input or output delay  
An output delay is missing on CE relative to clock(s) sys_clk_pin
Related violations: <none>

TIMING-18#15 Warning
Missing input or output delay  
An output delay is missing on CF relative to clock(s) sys_clk_pin
Related violations: <none>

TIMING-18#16 Warning
Missing input or output delay  
An output delay is missing on CG relative to clock(s) sys_clk_pin
Related violations: <none>

TIMING-20#1 Warning
Non-clocked latch  
The latch UUT/CNT_MIN/CONT_0/Y_reg_reg_LDC cannot be properly analyzed as its control pin UUT/CNT_MIN/CONT_0/Y_reg_reg_LDC/G is not reached by a timing clock
Related violations: <none>

TIMING-20#2 Warning
Non-clocked latch  
The latch UUT/CNT_MIN/CONT_1/Y_reg_reg_LDC cannot be properly analyzed as its control pin UUT/CNT_MIN/CONT_1/Y_reg_reg_LDC/G is not reached by a timing clock
Related violations: <none>

TIMING-20#3 Warning
Non-clocked latch  
The latch UUT/CNT_MIN/CONT_2/Y_reg_reg_LDC cannot be properly analyzed as its control pin UUT/CNT_MIN/CONT_2/Y_reg_reg_LDC/G is not reached by a timing clock
Related violations: <none>

TIMING-20#4 Warning
Non-clocked latch  
The latch UUT/CNT_MIN/CONT_3/Y_reg_reg_LDC cannot be properly analyzed as its control pin UUT/CNT_MIN/CONT_3/Y_reg_reg_LDC/G is not reached by a timing clock
Related violations: <none>

TIMING-20#5 Warning
Non-clocked latch  
The latch UUT/CNT_MIN/CONT_4/Y_reg_reg_LDC cannot be properly analyzed as its control pin UUT/CNT_MIN/CONT_4/Y_reg_reg_LDC/G is not reached by a timing clock
Related violations: <none>

TIMING-20#6 Warning
Non-clocked latch  
The latch UUT/CNT_MIN/CONT_5/Y_reg_reg_LDC cannot be properly analyzed as its control pin UUT/CNT_MIN/CONT_5/Y_reg_reg_LDC/G is not reached by a timing clock
Related violations: <none>

TIMING-20#7 Warning
Non-clocked latch  
The latch UUT/CNT_ORE/CONT_0/Y_reg_reg_LDC cannot be properly analyzed as its control pin UUT/CNT_ORE/CONT_0/Y_reg_reg_LDC/G is not reached by a timing clock
Related violations: <none>

TIMING-20#8 Warning
Non-clocked latch  
The latch UUT/CNT_ORE/CONT_1/Y_reg_reg_LDC cannot be properly analyzed as its control pin UUT/CNT_ORE/CONT_1/Y_reg_reg_LDC/G is not reached by a timing clock
Related violations: <none>

TIMING-20#9 Warning
Non-clocked latch  
The latch UUT/CNT_ORE/CONT_2/Y_reg_reg_LDC cannot be properly analyzed as its control pin UUT/CNT_ORE/CONT_2/Y_reg_reg_LDC/G is not reached by a timing clock
Related violations: <none>

TIMING-20#10 Warning
Non-clocked latch  
The latch UUT/CNT_ORE/CONT_3/Y_reg_reg_LDC cannot be properly analyzed as its control pin UUT/CNT_ORE/CONT_3/Y_reg_reg_LDC/G is not reached by a timing clock
Related violations: <none>

TIMING-20#11 Warning
Non-clocked latch  
The latch UUT/CNT_ORE/CONT_4/Y_reg_reg_LDC cannot be properly analyzed as its control pin UUT/CNT_ORE/CONT_4/Y_reg_reg_LDC/G is not reached by a timing clock
Related violations: <none>


