
*** Running vivado
    with args -log Cronometro_Board.vdi -applog -m64 -product Vivado -messageDb vivado.pb -mode batch -source Cronometro_Board.tcl -notrace



****** Vivado v2020.2 (64-bit)
  **** SW Build 3064766 on Wed Nov 18 09:12:45 MST 2020
  **** IP Build 3064653 on Wed Nov 18 14:17:31 MST 2020
    ** Copyright 1986-2020 Xilinx, Inc. All Rights Reserved.

source Cronometro_Board.tcl -notrace
Command: link_design -top Cronometro_Board -part xc7a50ticsg324-1L
Design is defaulting to srcset: sources_1
Design is defaulting to constrset: constrs_1
INFO: [Device 21-403] Loading part xc7a50ticsg324-1L
Netlist sorting complete. Time (s): cpu = 00:00:00 ; elapsed = 00:00:00.002 . Memory (MB): peak = 1007.539 ; gain = 0.000
INFO: [Netlist 29-17] Analyzing 11 Unisim elements for replacement
INFO: [Netlist 29-28] Unisim Transformation completed in 0 CPU seconds
INFO: [Project 1-479] Netlist was created with Vivado 2020.2
INFO: [Project 1-570] Preparing netlist for logic optimization
Parsing XDC File [C:/Users/anton/Desktop/ASDI/Esercizi/Esercizi_Reti_Sequenziali_Elementari/Esercizio_5.2/Esercizio_5.2.srcs/constrs_1/new/cronometro_vincoli.xdc]
Finished Parsing XDC File [C:/Users/anton/Desktop/ASDI/Esercizi/Esercizi_Reti_Sequenziali_Elementari/Esercizio_5.2/Esercizio_5.2.srcs/constrs_1/new/cronometro_vincoli.xdc]
INFO: [Opt 31-138] Pushed 0 inverter(s) to 0 load pin(s).
Netlist sorting complete. Time (s): cpu = 00:00:00 ; elapsed = 00:00:00.001 . Memory (MB): peak = 1007.539 ; gain = 0.000
INFO: [Project 1-111] Unisim Transformation Summary:
No Unisim elements were transformed.

7 Infos, 0 Warnings, 0 Critical Warnings and 0 Errors encountered.
link_design completed successfully
link_design: Time (s): cpu = 00:00:09 ; elapsed = 00:00:14 . Memory (MB): peak = 1007.539 ; gain = 0.000
Command: opt_design
Attempting to get a license for feature 'Implementation' and/or device 'xc7a50ti'
INFO: [Common 17-349] Got license for feature 'Implementation' and/or device 'xc7a50ti'
Running DRC as a precondition to command opt_design

Starting DRC Task
INFO: [DRC 23-27] Running DRC with 2 threads
INFO: [Project 1-461] DRC finished with 0 Errors
INFO: [Project 1-462] Please refer to the DRC report (report_drc) for more information.

Time (s): cpu = 00:00:03 ; elapsed = 00:00:01 . Memory (MB): peak = 1007.539 ; gain = 0.000

Starting Cache Timing Information Task
INFO: [Timing 38-35] Done setting XDC timing constraints.
Ending Cache Timing Information Task | Checksum: 1f1db12c7

Time (s): cpu = 00:00:12 ; elapsed = 00:00:15 . Memory (MB): peak = 1271.660 ; gain = 264.121

Starting Logic Optimization Task

Phase 1 Retarget
INFO: [Opt 31-138] Pushed 0 inverter(s) to 0 load pin(s).
INFO: [Opt 31-49] Retargeted 0 cell(s).
Phase 1 Retarget | Checksum: 1f1db12c7

Time (s): cpu = 00:00:00 ; elapsed = 00:00:00.028 . Memory (MB): peak = 1481.863 ; gain = 0.000
INFO: [Opt 31-389] Phase Retarget created 0 cells and removed 0 cells

Phase 2 Constant propagation
INFO: [Opt 31-138] Pushed 0 inverter(s) to 0 load pin(s).
Phase 2 Constant propagation | Checksum: 1f1db12c7

Time (s): cpu = 00:00:00 ; elapsed = 00:00:00.034 . Memory (MB): peak = 1481.863 ; gain = 0.000
INFO: [Opt 31-389] Phase Constant propagation created 0 cells and removed 0 cells

Phase 3 Sweep
Phase 3 Sweep | Checksum: fe2582fb

Time (s): cpu = 00:00:00 ; elapsed = 00:00:00.043 . Memory (MB): peak = 1481.863 ; gain = 0.000
INFO: [Opt 31-389] Phase Sweep created 0 cells and removed 0 cells

Phase 4 BUFG optimization
Phase 4 BUFG optimization | Checksum: fe2582fb

Time (s): cpu = 00:00:00 ; elapsed = 00:00:00.052 . Memory (MB): peak = 1481.863 ; gain = 0.000
INFO: [Opt 31-662] Phase BUFG optimization created 0 cells of which 0 are BUFGs and removed 0 cells.

Phase 5 Shift Register Optimization
INFO: [Opt 31-1064] SRL Remap converted 0 SRLs to 0 registers and converted 0 registers of register chains to 0 SRLs
Phase 5 Shift Register Optimization | Checksum: fe2582fb

Time (s): cpu = 00:00:00 ; elapsed = 00:00:00.055 . Memory (MB): peak = 1481.863 ; gain = 0.000
INFO: [Opt 31-389] Phase Shift Register Optimization created 0 cells and removed 0 cells

Phase 6 Post Processing Netlist
Phase 6 Post Processing Netlist | Checksum: fe2582fb

Time (s): cpu = 00:00:00 ; elapsed = 00:00:00.056 . Memory (MB): peak = 1481.863 ; gain = 0.000
INFO: [Opt 31-389] Phase Post Processing Netlist created 0 cells and removed 0 cells
Opt_design Change Summary
=========================


-------------------------------------------------------------------------------------------------------------------------
|  Phase                        |  #Cells created  |  #Cells Removed  |  #Constrained objects preventing optimizations  |
-------------------------------------------------------------------------------------------------------------------------
|  Retarget                     |               0  |               0  |                                              0  |
|  Constant propagation         |               0  |               0  |                                              0  |
|  Sweep                        |               0  |               0  |                                              0  |
|  BUFG optimization            |               0  |               0  |                                              0  |
|  Shift Register Optimization  |               0  |               0  |                                              0  |
|  Post Processing Netlist      |               0  |               0  |                                              0  |
-------------------------------------------------------------------------------------------------------------------------



Starting Connectivity Check Task

Time (s): cpu = 00:00:00 ; elapsed = 00:00:00.001 . Memory (MB): peak = 1481.863 ; gain = 0.000
Ending Logic Optimization Task | Checksum: 22b4e0886

Time (s): cpu = 00:00:00 ; elapsed = 00:00:00.073 . Memory (MB): peak = 1481.863 ; gain = 0.000

Starting Power Optimization Task
INFO: [Pwropt 34-132] Skipping clock gating for clocks with a period < 2.00 ns.
Ending Power Optimization Task | Checksum: 22b4e0886

Time (s): cpu = 00:00:00 ; elapsed = 00:00:00.015 . Memory (MB): peak = 1481.863 ; gain = 0.000

Starting Final Cleanup Task
Ending Final Cleanup Task | Checksum: 22b4e0886

Time (s): cpu = 00:00:00 ; elapsed = 00:00:00 . Memory (MB): peak = 1481.863 ; gain = 0.000

Starting Netlist Obfuscation Task
Netlist sorting complete. Time (s): cpu = 00:00:00 ; elapsed = 00:00:00.001 . Memory (MB): peak = 1481.863 ; gain = 0.000
Ending Netlist Obfuscation Task | Checksum: 22b4e0886

Time (s): cpu = 00:00:00 ; elapsed = 00:00:00.001 . Memory (MB): peak = 1481.863 ; gain = 0.000
INFO: [Common 17-83] Releasing license: Implementation
24 Infos, 0 Warnings, 0 Critical Warnings and 0 Errors encountered.
opt_design completed successfully
opt_design: Time (s): cpu = 00:00:18 ; elapsed = 00:00:20 . Memory (MB): peak = 1481.863 ; gain = 474.324
INFO: [Timing 38-480] Writing timing data to binary archive.
Writing placer database...
Writing XDEF routing.
Writing XDEF routing logical nets.
Writing XDEF routing special nets.
Write XDEF Complete: Time (s): cpu = 00:00:00 ; elapsed = 00:00:00.093 . Memory (MB): peak = 1481.863 ; gain = 0.000
INFO: [Common 17-1381] The checkpoint 'C:/Users/anton/Desktop/ASDI/Esercizi/Esercizi_Reti_Sequenziali_Elementari/Esercizio_5.2/Esercizio_5.2.runs/impl_1/Cronometro_Board_opt.dcp' has been generated.
INFO: [runtcl-4] Executing : report_drc -file Cronometro_Board_drc_opted.rpt -pb Cronometro_Board_drc_opted.pb -rpx Cronometro_Board_drc_opted.rpx
Command: report_drc -file Cronometro_Board_drc_opted.rpt -pb Cronometro_Board_drc_opted.pb -rpx Cronometro_Board_drc_opted.rpx
INFO: [IP_Flow 19-234] Refreshing IP repositories
INFO: [IP_Flow 19-1704] No user IP repositories specified
INFO: [IP_Flow 19-2313] Loaded Vivado IP repository 'C:/Users/anton/Vivado/2020.2/data/ip'.
INFO: [Timing 38-35] Done setting XDC timing constraints.
INFO: [DRC 23-27] Running DRC with 2 threads
INFO: [Coretcl 2-168] The results of DRC are in file C:/Users/anton/Desktop/ASDI/Esercizi/Esercizi_Reti_Sequenziali_Elementari/Esercizio_5.2/Esercizio_5.2.runs/impl_1/Cronometro_Board_drc_opted.rpt.
report_drc completed successfully
Command: place_design
Attempting to get a license for feature 'Implementation' and/or device 'xc7a50ti'
INFO: [Common 17-349] Got license for feature 'Implementation' and/or device 'xc7a50ti'
INFO: [DRC 23-27] Running DRC with 2 threads
INFO: [Vivado_Tcl 4-198] DRC finished with 0 Errors
INFO: [Vivado_Tcl 4-199] Please refer to the DRC report (report_drc) for more information.
Running DRC as a precondition to command place_design
INFO: [DRC 23-27] Running DRC with 2 threads
INFO: [Vivado_Tcl 4-198] DRC finished with 0 Errors
INFO: [Vivado_Tcl 4-199] Please refer to the DRC report (report_drc) for more information.

Starting Placer Task
INFO: [Place 30-611] Multithreading enabled for place_design using a maximum of 2 CPUs

Phase 1 Placer Initialization

Phase 1.1 Placer Initialization Netlist Sorting
Netlist sorting complete. Time (s): cpu = 00:00:00 ; elapsed = 00:00:00 . Memory (MB): peak = 1525.980 ; gain = 0.000
Phase 1.1 Placer Initialization Netlist Sorting | Checksum: 17d8ae9f4

Time (s): cpu = 00:00:00 ; elapsed = 00:00:00.007 . Memory (MB): peak = 1525.980 ; gain = 0.000
Netlist sorting complete. Time (s): cpu = 00:00:00 ; elapsed = 00:00:00.001 . Memory (MB): peak = 1525.980 ; gain = 0.000

Phase 1.2 IO Placement/ Clock Placement/ Build Placer Device
WARNING: [Place 30-568] A LUT 'UUT/CNT_SEC/CONT_5/Y_reg_C_i_2__0' is driving clock pin of 2 registers. This could lead to large hold time violations. First few involved registers are:
	UUT/CNT_MIN/CONT_0/Y_reg_reg_P {FDPE}
	UUT/CNT_MIN/CONT_0/Y_reg_reg_C {FDCE}
WARNING: [Place 30-568] A LUT 'UUT/CNT_ORE/CONT_0/Y_reg_C_i_2__6' is driving clock pin of 2 registers. This could lead to large hold time violations. First few involved registers are:
	UUT/CNT_ORE/CONT_1/Y_reg_reg_C {FDCE}
	UUT/CNT_ORE/CONT_1/Y_reg_reg_P {FDPE}
WARNING: [Place 30-568] A LUT 'UUT/CNT_ORE/CONT_1/Y_reg_C_i_2__7' is driving clock pin of 2 registers. This could lead to large hold time violations. First few involved registers are:
	UUT/CNT_ORE/CONT_2/Y_reg_reg_P {FDPE}
	UUT/CNT_ORE/CONT_2/Y_reg_reg_C {FDCE}
WARNING: [Place 30-568] A LUT 'UUT/CNT_ORE/CONT_2/Y_reg_C_i_2__8' is driving clock pin of 2 registers. This could lead to large hold time violations. First few involved registers are:
	UUT/CNT_ORE/CONT_3/Y_reg_reg_P {FDPE}
	UUT/CNT_ORE/CONT_3/Y_reg_reg_C {FDCE}
WARNING: [Place 30-568] A LUT 'UUT/CNT_ORE/CONT_3/Y_reg_C_i_2__9' is driving clock pin of 2 registers. This could lead to large hold time violations. First few involved registers are:
	UUT/CNT_ORE/CONT_4/Y_reg_reg_C {FDCE}
	UUT/CNT_ORE/CONT_4/Y_reg_reg_P {FDPE}
WARNING: [Place 30-568] A LUT 'UUT/CNT_MIN/CONT_0/Y_reg_C_i_2__1' is driving clock pin of 2 registers. This could lead to large hold time violations. First few involved registers are:
	UUT/CNT_MIN/CONT_1/Y_reg_reg_P {FDPE}
	UUT/CNT_MIN/CONT_1/Y_reg_reg_C {FDCE}
WARNING: [Place 30-568] A LUT 'UUT/CNT_MIN/CONT_1/Y_reg_C_i_2__2' is driving clock pin of 2 registers. This could lead to large hold time violations. First few involved registers are:
	UUT/CNT_MIN/CONT_2/Y_reg_reg_C {FDCE}
	UUT/CNT_MIN/CONT_2/Y_reg_reg_P {FDPE}
WARNING: [Place 30-568] A LUT 'UUT/CNT_MIN/CONT_2/Y_reg_C_i_2__3' is driving clock pin of 2 registers. This could lead to large hold time violations. First few involved registers are:
	UUT/CNT_MIN/CONT_3/Y_reg_reg_P {FDPE}
	UUT/CNT_MIN/CONT_3/Y_reg_reg_C {FDCE}
WARNING: [Place 30-568] A LUT 'UUT/CNT_MIN/CONT_3/Y_reg_C_i_2__4' is driving clock pin of 2 registers. This could lead to large hold time violations. First few involved registers are:
	UUT/CNT_MIN/CONT_4/Y_reg_reg_C {FDCE}
	UUT/CNT_MIN/CONT_4/Y_reg_reg_P {FDPE}
WARNING: [Place 30-568] A LUT 'UUT/CNT_MIN/CONT_5/Y_reg_C_i_2' is driving clock pin of 2 registers. This could lead to large hold time violations. First few involved registers are:
	UUT/CNT_ORE/CONT_0/Y_reg_reg_P {FDPE}
	UUT/CNT_ORE/CONT_0/Y_reg_reg_C {FDCE}
WARNING: [Place 30-568] A LUT 'UUT/CNT_MIN/CONT_4/Y_reg_C_i_2__5' is driving clock pin of 2 registers. This could lead to large hold time violations. First few involved registers are:
	UUT/CNT_MIN/CONT_5/Y_reg_reg_C {FDCE}
	UUT/CNT_MIN/CONT_5/Y_reg_reg_P {FDPE}
Phase 1.2 IO Placement/ Clock Placement/ Build Placer Device | Checksum: 14191cffd

Time (s): cpu = 00:00:00 ; elapsed = 00:00:00.326 . Memory (MB): peak = 1525.980 ; gain = 0.000

Phase 1.3 Build Placer Netlist Model
Phase 1.3 Build Placer Netlist Model | Checksum: 1d8362714

Time (s): cpu = 00:00:00 ; elapsed = 00:00:00.448 . Memory (MB): peak = 1525.980 ; gain = 0.000

Phase 1.4 Constrain Clocks/Macros
Phase 1.4 Constrain Clocks/Macros | Checksum: 1d8362714

Time (s): cpu = 00:00:00 ; elapsed = 00:00:00.450 . Memory (MB): peak = 1525.980 ; gain = 0.000
Phase 1 Placer Initialization | Checksum: 1d8362714

Time (s): cpu = 00:00:00 ; elapsed = 00:00:00.453 . Memory (MB): peak = 1525.980 ; gain = 0.000

Phase 2 Global Placement

Phase 2.1 Floorplanning
Phase 2.1 Floorplanning | Checksum: 1963bee9d

Time (s): cpu = 00:00:00 ; elapsed = 00:00:00.557 . Memory (MB): peak = 1525.980 ; gain = 0.000

Phase 2.2 Update Timing before SLR Path Opt
Phase 2.2 Update Timing before SLR Path Opt | Checksum: 1c39aa56a

Time (s): cpu = 00:00:00 ; elapsed = 00:00:00.606 . Memory (MB): peak = 1525.980 ; gain = 0.000

Phase 2.3 Global Placement Core

Phase 2.3.1 Physical Synthesis In Placer
INFO: [Physopt 32-1035] Found 0 LUTNM shape to break, 6 LUT instances to create LUTNM shape
INFO: [Physopt 32-1044] Break lutnm for timing: one critical 0, two critical 0, total 0, new lutff created 0
INFO: [Physopt 32-775] End 1 Pass. Optimized 3 nets or cells. Created 0 new cell, deleted 3 existing cells and moved 0 existing cell
INFO: [Physopt 32-65] No nets found for high-fanout optimization.
INFO: [Physopt 32-232] Optimized 0 net. Created 0 new instance.
INFO: [Physopt 32-775] End 1 Pass. Optimized 0 net or cell. Created 0 new cell, deleted 0 existing cell and moved 0 existing cell
INFO: [Physopt 32-670] No setup violation found.  DSP Register Optimization was not performed.
INFO: [Physopt 32-670] No setup violation found.  Shift Register to Pipeline Optimization was not performed.
INFO: [Physopt 32-670] No setup violation found.  Shift Register Optimization was not performed.
INFO: [Physopt 32-670] No setup violation found.  BRAM Register Optimization was not performed.
INFO: [Physopt 32-670] No setup violation found.  URAM Register Optimization was not performed.
INFO: [Physopt 32-949] No candidate nets found for dynamic/static region interface net replication
INFO: [Physopt 32-775] End 1 Pass. Optimized 0 net or cell. Created 0 new cell, deleted 0 existing cell and moved 0 existing cell
Netlist sorting complete. Time (s): cpu = 00:00:00 ; elapsed = 00:00:00.001 . Memory (MB): peak = 1525.980 ; gain = 0.000

Summary of Physical Synthesis Optimizations
============================================


-----------------------------------------------------------------------------------------------------------------------------------------------------------
|  Optimization                                     |  Added Cells  |  Removed Cells  |  Optimized Cells/Nets  |  Dont Touch  |  Iterations  |  Elapsed   |
-----------------------------------------------------------------------------------------------------------------------------------------------------------
|  LUT Combining                                    |            0  |              3  |                     3  |           0  |           1  |  00:00:00  |
|  Very High Fanout                                 |            0  |              0  |                     0  |           0  |           1  |  00:00:00  |
|  DSP Register                                     |            0  |              0  |                     0  |           0  |           0  |  00:00:00  |
|  Shift Register to Pipeline                       |            0  |              0  |                     0  |           0  |           0  |  00:00:00  |
|  Shift Register                                   |            0  |              0  |                     0  |           0  |           0  |  00:00:00  |
|  BRAM Register                                    |            0  |              0  |                     0  |           0  |           0  |  00:00:00  |
|  URAM Register                                    |            0  |              0  |                     0  |           0  |           0  |  00:00:00  |
|  Dynamic/Static Region Interface Net Replication  |            0  |              0  |                     0  |           0  |           1  |  00:00:00  |
|  Total                                            |            0  |              3  |                     3  |           0  |           3  |  00:00:00  |
-----------------------------------------------------------------------------------------------------------------------------------------------------------


Phase 2.3.1 Physical Synthesis In Placer | Checksum: 1b8959c6a

Time (s): cpu = 00:00:02 ; elapsed = 00:00:01 . Memory (MB): peak = 1525.980 ; gain = 0.000
Phase 2.3 Global Placement Core | Checksum: 1df59ad95

Time (s): cpu = 00:00:02 ; elapsed = 00:00:02 . Memory (MB): peak = 1525.980 ; gain = 0.000
Phase 2 Global Placement | Checksum: 1df59ad95

Time (s): cpu = 00:00:02 ; elapsed = 00:00:02 . Memory (MB): peak = 1525.980 ; gain = 0.000

Phase 3 Detail Placement

Phase 3.1 Commit Multi Column Macros
Phase 3.1 Commit Multi Column Macros | Checksum: 19c09c873

Time (s): cpu = 00:00:02 ; elapsed = 00:00:02 . Memory (MB): peak = 1525.980 ; gain = 0.000

Phase 3.2 Commit Most Macros & LUTRAMs
Phase 3.2 Commit Most Macros & LUTRAMs | Checksum: 17e8bd371

Time (s): cpu = 00:00:02 ; elapsed = 00:00:02 . Memory (MB): peak = 1525.980 ; gain = 0.000

Phase 3.3 Area Swap Optimization
Phase 3.3 Area Swap Optimization | Checksum: 1ba42c41b

Time (s): cpu = 00:00:02 ; elapsed = 00:00:02 . Memory (MB): peak = 1525.980 ; gain = 0.000

Phase 3.4 Pipeline Register Optimization
Phase 3.4 Pipeline Register Optimization | Checksum: 18eb1b349

Time (s): cpu = 00:00:02 ; elapsed = 00:00:02 . Memory (MB): peak = 1525.980 ; gain = 0.000

Phase 3.5 Small Shape Detail Placement
Phase 3.5 Small Shape Detail Placement | Checksum: 183612005

Time (s): cpu = 00:00:02 ; elapsed = 00:00:02 . Memory (MB): peak = 1525.980 ; gain = 0.000

Phase 3.6 Re-assign LUT pins
Phase 3.6 Re-assign LUT pins | Checksum: 1edfadc86

Time (s): cpu = 00:00:02 ; elapsed = 00:00:02 . Memory (MB): peak = 1525.980 ; gain = 0.000

Phase 3.7 Pipeline Register Optimization
Phase 3.7 Pipeline Register Optimization | Checksum: 21a492d4c

Time (s): cpu = 00:00:02 ; elapsed = 00:00:02 . Memory (MB): peak = 1525.980 ; gain = 0.000
Phase 3 Detail Placement | Checksum: 21a492d4c

Time (s): cpu = 00:00:02 ; elapsed = 00:00:02 . Memory (MB): peak = 1525.980 ; gain = 0.000

Phase 4 Post Placement Optimization and Clean-Up

Phase 4.1 Post Commit Optimization
INFO: [Timing 38-35] Done setting XDC timing constraints.

Phase 4.1.1 Post Placement Optimization
Post Placement Optimization Initialization | Checksum: 1fe100af7

Phase 4.1.1.1 BUFG Insertion

Starting Physical Synthesis Task

Phase 1 Physical Synthesis Initialization
INFO: [Physopt 32-721] Multithreading enabled for phys_opt_design using a maximum of 2 CPUs
INFO: [Physopt 32-619] Estimated Timing Summary | WNS=4.282 | TNS=0.000 |
Phase 1 Physical Synthesis Initialization | Checksum: 1b5941e21

Time (s): cpu = 00:00:00 ; elapsed = 00:00:00.031 . Memory (MB): peak = 1525.980 ; gain = 0.000
INFO: [Place 46-56] BUFG insertion identified 0 candidate nets. Inserted BUFG: 0, Replicated BUFG Driver: 0, Skipped due to Placement/Routing Conflicts: 0, Skipped due to Timing Degradation: 0, Skipped due to Illegal Netlist: 0.
Ending Physical Synthesis Task | Checksum: 233b4c037

Time (s): cpu = 00:00:00 ; elapsed = 00:00:00.033 . Memory (MB): peak = 1525.980 ; gain = 0.000
Phase 4.1.1.1 BUFG Insertion | Checksum: 1fe100af7

Time (s): cpu = 00:00:02 ; elapsed = 00:00:02 . Memory (MB): peak = 1525.980 ; gain = 0.000
INFO: [Place 30-746] Post Placement Timing Summary WNS=4.282. For the most accurate timing information please run report_timing.

Time (s): cpu = 00:00:02 ; elapsed = 00:00:02 . Memory (MB): peak = 1525.980 ; gain = 0.000
Phase 4.1 Post Commit Optimization | Checksum: 2602f8ee2

Time (s): cpu = 00:00:02 ; elapsed = 00:00:02 . Memory (MB): peak = 1525.980 ; gain = 0.000

Phase 4.2 Post Placement Cleanup
Phase 4.2 Post Placement Cleanup | Checksum: 2602f8ee2

Time (s): cpu = 00:00:02 ; elapsed = 00:00:02 . Memory (MB): peak = 1525.980 ; gain = 0.000

Phase 4.3 Placer Reporting

Phase 4.3.1 Print Estimated Congestion
INFO: [Place 30-612] Post-Placement Estimated Congestion 
 ____________________________________________________
|           | Global Congestion | Short Congestion  |
| Direction | Region Size       | Region Size       |
|___________|___________________|___________________|
|      North|                1x1|                1x1|
|___________|___________________|___________________|
|      South|                1x1|                1x1|
|___________|___________________|___________________|
|       East|                1x1|                1x1|
|___________|___________________|___________________|
|       West|                1x1|                1x1|
|___________|___________________|___________________|

Phase 4.3.1 Print Estimated Congestion | Checksum: 2602f8ee2

Time (s): cpu = 00:00:02 ; elapsed = 00:00:02 . Memory (MB): peak = 1525.980 ; gain = 0.000
Phase 4.3 Placer Reporting | Checksum: 2602f8ee2

Time (s): cpu = 00:00:02 ; elapsed = 00:00:02 . Memory (MB): peak = 1525.980 ; gain = 0.000

Phase 4.4 Final Placement Cleanup
Netlist sorting complete. Time (s): cpu = 00:00:00 ; elapsed = 00:00:00.001 . Memory (MB): peak = 1525.980 ; gain = 0.000

Time (s): cpu = 00:00:02 ; elapsed = 00:00:02 . Memory (MB): peak = 1525.980 ; gain = 0.000
Phase 4 Post Placement Optimization and Clean-Up | Checksum: 259677096

Time (s): cpu = 00:00:02 ; elapsed = 00:00:02 . Memory (MB): peak = 1525.980 ; gain = 0.000
Ending Placer Task | Checksum: 17f298359

Time (s): cpu = 00:00:02 ; elapsed = 00:00:02 . Memory (MB): peak = 1525.980 ; gain = 0.000
INFO: [Common 17-83] Releasing license: Implementation
61 Infos, 11 Warnings, 0 Critical Warnings and 0 Errors encountered.
place_design completed successfully
INFO: [Timing 38-480] Writing timing data to binary archive.
Writing placer database...
Writing XDEF routing.
Writing XDEF routing logical nets.
Writing XDEF routing special nets.
Write XDEF Complete: Time (s): cpu = 00:00:00 ; elapsed = 00:00:00.108 . Memory (MB): peak = 1525.980 ; gain = 0.000
INFO: [Common 17-1381] The checkpoint 'C:/Users/anton/Desktop/ASDI/Esercizi/Esercizi_Reti_Sequenziali_Elementari/Esercizio_5.2/Esercizio_5.2.runs/impl_1/Cronometro_Board_placed.dcp' has been generated.
INFO: [runtcl-4] Executing : report_io -file Cronometro_Board_io_placed.rpt
report_io: Time (s): cpu = 00:00:00 ; elapsed = 00:00:00.058 . Memory (MB): peak = 1525.980 ; gain = 0.000
INFO: [runtcl-4] Executing : report_utilization -file Cronometro_Board_utilization_placed.rpt -pb Cronometro_Board_utilization_placed.pb
INFO: [runtcl-4] Executing : report_control_sets -verbose -file Cronometro_Board_control_sets_placed.rpt
report_control_sets: Time (s): cpu = 00:00:00 ; elapsed = 00:00:00.007 . Memory (MB): peak = 1525.980 ; gain = 0.000
Command: phys_opt_design
Attempting to get a license for feature 'Implementation' and/or device 'xc7a50ti'
INFO: [Common 17-349] Got license for feature 'Implementation' and/or device 'xc7a50ti'
INFO: [Vivado_Tcl 4-383] Design worst setup slack (WNS) is greater than or equal to 0.000 ns. Skipping all physical synthesis optimizations.
INFO: [Vivado_Tcl 4-232] No setup violation found. The netlist was not modified.
INFO: [Common 17-83] Releasing license: Implementation
70 Infos, 11 Warnings, 0 Critical Warnings and 0 Errors encountered.
phys_opt_design completed successfully
INFO: [Timing 38-480] Writing timing data to binary archive.
Writing placer database...
Writing XDEF routing.
Writing XDEF routing logical nets.
Writing XDEF routing special nets.
Write XDEF Complete: Time (s): cpu = 00:00:00 ; elapsed = 00:00:00.154 . Memory (MB): peak = 1525.980 ; gain = 0.000
INFO: [Common 17-1381] The checkpoint 'C:/Users/anton/Desktop/ASDI/Esercizi/Esercizi_Reti_Sequenziali_Elementari/Esercizio_5.2/Esercizio_5.2.runs/impl_1/Cronometro_Board_physopt.dcp' has been generated.
Command: route_design
Attempting to get a license for feature 'Implementation' and/or device 'xc7a50ti'
INFO: [Common 17-349] Got license for feature 'Implementation' and/or device 'xc7a50ti'
Running DRC as a precondition to command route_design
INFO: [DRC 23-27] Running DRC with 2 threads
INFO: [Vivado_Tcl 4-198] DRC finished with 0 Errors
INFO: [Vivado_Tcl 4-199] Please refer to the DRC report (report_drc) for more information.


Starting Routing Task
INFO: [Route 35-254] Multithreading enabled for route_design using a maximum of 2 CPUs
Checksum: PlaceDB: f63f0b68 ConstDB: 0 ShapeSum: 88ea77f1 RouteDB: 0

Phase 1 Build RT Design
Phase 1 Build RT Design | Checksum: 1006b22e1

Time (s): cpu = 00:00:29 ; elapsed = 00:00:30 . Memory (MB): peak = 1614.320 ; gain = 77.883
Post Restoration Checksum: NetGraph: b8dd2411 NumContArr: 478dfed0 Constraints: 0 Timing: 0

Phase 2 Router Initialization

Phase 2.1 Create Timer
Phase 2.1 Create Timer | Checksum: 1006b22e1

Time (s): cpu = 00:00:29 ; elapsed = 00:00:30 . Memory (MB): peak = 1614.320 ; gain = 77.883

Phase 2.2 Fix Topology Constraints
Phase 2.2 Fix Topology Constraints | Checksum: 1006b22e1

Time (s): cpu = 00:00:29 ; elapsed = 00:00:30 . Memory (MB): peak = 1620.359 ; gain = 83.922

Phase 2.3 Pre Route Cleanup
Phase 2.3 Pre Route Cleanup | Checksum: 1006b22e1

Time (s): cpu = 00:00:29 ; elapsed = 00:00:30 . Memory (MB): peak = 1620.359 ; gain = 83.922
 Number of Nodes with overlaps = 0

Phase 2.4 Update Timing
Phase 2.4 Update Timing | Checksum: 291886fe4

Time (s): cpu = 00:00:30 ; elapsed = 00:00:31 . Memory (MB): peak = 1624.887 ; gain = 88.449
INFO: [Route 35-416] Intermediate Timing Summary | WNS=4.269  | TNS=0.000  | WHS=-0.065 | THS=-0.295 |

Phase 2 Router Initialization | Checksum: 2347e85bb

Time (s): cpu = 00:00:30 ; elapsed = 00:00:31 . Memory (MB): peak = 1624.887 ; gain = 88.449

Router Utilization Summary
  Global Vertical Routing Utilization    = 0.00876983 %
  Global Horizontal Routing Utilization  = 0.00468506 %
  Routable Net Status*
  *Does not include unroutable nets such as driverless and loadless.
  Run report_route_status for detailed report.
  Number of Failed Nets               = 177
    (Failed Nets is the sum of unrouted and partially routed nets)
  Number of Unrouted Nets             = 141
  Number of Partially Routed Nets     = 36
  Number of Node Overlaps             = 26


Phase 3 Initial Routing

Phase 3.1 Global Routing
Phase 3.1 Global Routing | Checksum: 2347e85bb

Time (s): cpu = 00:00:30 ; elapsed = 00:00:31 . Memory (MB): peak = 1627.359 ; gain = 90.922
Phase 3 Initial Routing | Checksum: 1bbcffc46

Time (s): cpu = 00:00:30 ; elapsed = 00:00:31 . Memory (MB): peak = 1627.359 ; gain = 90.922

Phase 4 Rip-up And Reroute

Phase 4.1 Global Iteration 0
 Number of Nodes with overlaps = 2
 Number of Nodes with overlaps = 0
INFO: [Route 35-416] Intermediate Timing Summary | WNS=4.431  | TNS=0.000  | WHS=N/A    | THS=N/A    |

Phase 4.1 Global Iteration 0 | Checksum: 20430917b

Time (s): cpu = 00:00:30 ; elapsed = 00:00:31 . Memory (MB): peak = 1627.359 ; gain = 90.922
Phase 4 Rip-up And Reroute | Checksum: 20430917b

Time (s): cpu = 00:00:30 ; elapsed = 00:00:31 . Memory (MB): peak = 1627.359 ; gain = 90.922

Phase 5 Delay and Skew Optimization

Phase 5.1 Delay CleanUp
Phase 5.1 Delay CleanUp | Checksum: 20430917b

Time (s): cpu = 00:00:30 ; elapsed = 00:00:31 . Memory (MB): peak = 1627.359 ; gain = 90.922

Phase 5.2 Clock Skew Optimization
Phase 5.2 Clock Skew Optimization | Checksum: 20430917b

Time (s): cpu = 00:00:30 ; elapsed = 00:00:31 . Memory (MB): peak = 1627.359 ; gain = 90.922
Phase 5 Delay and Skew Optimization | Checksum: 20430917b

Time (s): cpu = 00:00:30 ; elapsed = 00:00:31 . Memory (MB): peak = 1627.359 ; gain = 90.922

Phase 6 Post Hold Fix

Phase 6.1 Hold Fix Iter

Phase 6.1.1 Update Timing
Phase 6.1.1 Update Timing | Checksum: 2233a220d

Time (s): cpu = 00:00:30 ; elapsed = 00:00:31 . Memory (MB): peak = 1627.359 ; gain = 90.922
INFO: [Route 35-416] Intermediate Timing Summary | WNS=4.523  | TNS=0.000  | WHS=0.219  | THS=0.000  |

Phase 6.1 Hold Fix Iter | Checksum: 2233a220d

Time (s): cpu = 00:00:30 ; elapsed = 00:00:31 . Memory (MB): peak = 1627.359 ; gain = 90.922
Phase 6 Post Hold Fix | Checksum: 2233a220d

Time (s): cpu = 00:00:30 ; elapsed = 00:00:31 . Memory (MB): peak = 1627.359 ; gain = 90.922

Phase 7 Route finalize

Router Utilization Summary
  Global Vertical Routing Utilization    = 0.0566053 %
  Global Horizontal Routing Utilization  = 0.0428162 %
  Routable Net Status*
  *Does not include unroutable nets such as driverless and loadless.
  Run report_route_status for detailed report.
  Number of Failed Nets               = 0
    (Failed Nets is the sum of unrouted and partially routed nets)
  Number of Unrouted Nets             = 0
  Number of Partially Routed Nets     = 0
  Number of Node Overlaps             = 0

Phase 7 Route finalize | Checksum: 25d230df7

Time (s): cpu = 00:00:30 ; elapsed = 00:00:31 . Memory (MB): peak = 1627.359 ; gain = 90.922

Phase 8 Verifying routed nets

 Verification completed successfully
Phase 8 Verifying routed nets | Checksum: 25d230df7

Time (s): cpu = 00:00:30 ; elapsed = 00:00:31 . Memory (MB): peak = 1628.023 ; gain = 91.586

Phase 9 Depositing Routes
Phase 9 Depositing Routes | Checksum: 1db31b94c

Time (s): cpu = 00:00:30 ; elapsed = 00:00:31 . Memory (MB): peak = 1628.023 ; gain = 91.586

Phase 10 Post Router Timing
INFO: [Route 35-57] Estimated Timing Summary | WNS=4.523  | TNS=0.000  | WHS=0.219  | THS=0.000  |

INFO: [Route 35-327] The final timing numbers are based on the router estimated timing analysis. For a complete and accurate timing signoff, please run report_timing_summary.
Phase 10 Post Router Timing | Checksum: 1db31b94c

Time (s): cpu = 00:00:30 ; elapsed = 00:00:31 . Memory (MB): peak = 1628.023 ; gain = 91.586
INFO: [Route 35-16] Router Completed Successfully

Time (s): cpu = 00:00:30 ; elapsed = 00:00:31 . Memory (MB): peak = 1628.023 ; gain = 91.586

Routing Is Done.
INFO: [Common 17-83] Releasing license: Implementation
84 Infos, 11 Warnings, 0 Critical Warnings and 0 Errors encountered.
route_design completed successfully
route_design: Time (s): cpu = 00:00:33 ; elapsed = 00:00:32 . Memory (MB): peak = 1628.023 ; gain = 102.043
INFO: [Timing 38-480] Writing timing data to binary archive.
Writing placer database...
Writing XDEF routing.
Writing XDEF routing logical nets.
Writing XDEF routing special nets.
Write XDEF Complete: Time (s): cpu = 00:00:01 ; elapsed = 00:00:00.139 . Memory (MB): peak = 1637.887 ; gain = 9.863
INFO: [Common 17-1381] The checkpoint 'C:/Users/anton/Desktop/ASDI/Esercizi/Esercizi_Reti_Sequenziali_Elementari/Esercizio_5.2/Esercizio_5.2.runs/impl_1/Cronometro_Board_routed.dcp' has been generated.
INFO: [runtcl-4] Executing : report_drc -file Cronometro_Board_drc_routed.rpt -pb Cronometro_Board_drc_routed.pb -rpx Cronometro_Board_drc_routed.rpx
Command: report_drc -file Cronometro_Board_drc_routed.rpt -pb Cronometro_Board_drc_routed.pb -rpx Cronometro_Board_drc_routed.rpx
INFO: [IP_Flow 19-1839] IP Catalog is up to date.
INFO: [DRC 23-27] Running DRC with 2 threads
INFO: [Coretcl 2-168] The results of DRC are in file C:/Users/anton/Desktop/ASDI/Esercizi/Esercizi_Reti_Sequenziali_Elementari/Esercizio_5.2/Esercizio_5.2.runs/impl_1/Cronometro_Board_drc_routed.rpt.
report_drc completed successfully
INFO: [runtcl-4] Executing : report_methodology -file Cronometro_Board_methodology_drc_routed.rpt -pb Cronometro_Board_methodology_drc_routed.pb -rpx Cronometro_Board_methodology_drc_routed.rpx
Command: report_methodology -file Cronometro_Board_methodology_drc_routed.rpt -pb Cronometro_Board_methodology_drc_routed.pb -rpx Cronometro_Board_methodology_drc_routed.rpx
INFO: [Timing 38-35] Done setting XDC timing constraints.
INFO: [DRC 23-133] Running Methodology with 2 threads
INFO: [Coretcl 2-1520] The results of Report Methodology are in file C:/Users/anton/Desktop/ASDI/Esercizi/Esercizi_Reti_Sequenziali_Elementari/Esercizio_5.2/Esercizio_5.2.runs/impl_1/Cronometro_Board_methodology_drc_routed.rpt.
report_methodology completed successfully
INFO: [runtcl-4] Executing : report_power -file Cronometro_Board_power_routed.rpt -pb Cronometro_Board_power_summary_routed.pb -rpx Cronometro_Board_power_routed.rpx
Command: report_power -file Cronometro_Board_power_routed.rpt -pb Cronometro_Board_power_summary_routed.pb -rpx Cronometro_Board_power_routed.rpx
INFO: [Timing 38-35] Done setting XDC timing constraints.
Running Vector-less Activity Propagation...

Finished Running Vector-less Activity Propagation
96 Infos, 11 Warnings, 0 Critical Warnings and 0 Errors encountered.
report_power completed successfully
INFO: [runtcl-4] Executing : report_route_status -file Cronometro_Board_route_status.rpt -pb Cronometro_Board_route_status.pb
INFO: [runtcl-4] Executing : report_timing_summary -max_paths 10 -file Cronometro_Board_timing_summary_routed.rpt -pb Cronometro_Board_timing_summary_routed.pb -rpx Cronometro_Board_timing_summary_routed.rpx -warn_on_violation 
INFO: [Timing 38-91] UpdateTimingParams: Speed grade: -1L, Delay Type: min_max.
INFO: [Timing 38-191] Multithreading enabled for timing update using a maximum of 2 CPUs
INFO: [runtcl-4] Executing : report_incremental_reuse -file Cronometro_Board_incremental_reuse_routed.rpt
INFO: [Vivado_Tcl 4-1062] Incremental flow is disabled. No incremental reuse Info to report.
INFO: [runtcl-4] Executing : report_clock_utilization -file Cronometro_Board_clock_utilization_routed.rpt
INFO: [runtcl-4] Executing : report_bus_skew -warn_on_violation -file Cronometro_Board_bus_skew_routed.rpt -pb Cronometro_Board_bus_skew_routed.pb -rpx Cronometro_Board_bus_skew_routed.rpx
INFO: [Timing 38-91] UpdateTimingParams: Speed grade: -1L, Delay Type: min_max.
INFO: [Timing 38-191] Multithreading enabled for timing update using a maximum of 2 CPUs
Command: write_bitstream -force Cronometro_Board.bit
Attempting to get a license for feature 'Implementation' and/or device 'xc7a50ti'
INFO: [Common 17-349] Got license for feature 'Implementation' and/or device 'xc7a50ti'
Running DRC as a precondition to command write_bitstream
INFO: [IP_Flow 19-1839] IP Catalog is up to date.
INFO: [DRC 23-27] Running DRC with 2 threads
WARNING: [DRC CFGBVS-1] Missing CFGBVS and CONFIG_VOLTAGE Design Properties: Neither the CFGBVS nor CONFIG_VOLTAGE voltage property is set in the current_design.  Configuration bank voltage select (CFGBVS) must be set to VCCO or GND, and CONFIG_VOLTAGE must be set to the correct configuration voltage, in order to determine the I/O voltage support for the pins in bank 0.  It is suggested to specify these either using the 'Edit Device Properties' function in the GUI or directly in the XDC file using the following syntax:

 set_property CFGBVS value1 [current_design]
 #where value1 is either VCCO or GND

 set_property CONFIG_VOLTAGE value2 [current_design]
 #where value2 is the voltage provided to configuration bank 0

Refer to the device configuration user guide for more information.
WARNING: [DRC PDRC-153] Gated clock check: Net UUT/CNT_MIN/CONT_0/min_bin__0[0] is a gated clock net sourced by a combinational pin UUT/CNT_MIN/CONT_0/Y_reg_C_i_2__1/O, cell UUT/CNT_MIN/CONT_0/Y_reg_C_i_2__1. This is not good design practice and will likely impact performance. For SLICE registers, for example, use the CE pin to control the loading of data.
WARNING: [DRC PDRC-153] Gated clock check: Net UUT/CNT_MIN/CONT_1/Y_reg_reg_P_0[0] is a gated clock net sourced by a combinational pin UUT/CNT_MIN/CONT_1/Y_reg_C_i_2__2/O, cell UUT/CNT_MIN/CONT_1/Y_reg_C_i_2__2. This is not good design practice and will likely impact performance. For SLICE registers, for example, use the CE pin to control the loading of data.
WARNING: [DRC PDRC-153] Gated clock check: Net UUT/CNT_MIN/CONT_2/min_bin[0] is a gated clock net sourced by a combinational pin UUT/CNT_MIN/CONT_2/Y_reg_C_i_2__3/O, cell UUT/CNT_MIN/CONT_2/Y_reg_C_i_2__3. This is not good design practice and will likely impact performance. For SLICE registers, for example, use the CE pin to control the loading of data.
WARNING: [DRC PDRC-153] Gated clock check: Net UUT/CNT_MIN/CONT_3/Y_reg_reg_P_0[0] is a gated clock net sourced by a combinational pin UUT/CNT_MIN/CONT_3/Y_reg_C_i_2__4/O, cell UUT/CNT_MIN/CONT_3/Y_reg_C_i_2__4. This is not good design practice and will likely impact performance. For SLICE registers, for example, use the CE pin to control the loading of data.
WARNING: [DRC PDRC-153] Gated clock check: Net UUT/CNT_MIN/CONT_4/Y_reg_reg_P_0[0] is a gated clock net sourced by a combinational pin UUT/CNT_MIN/CONT_4/Y_reg_C_i_2__5/O, cell UUT/CNT_MIN/CONT_4/Y_reg_C_i_2__5. This is not good design practice and will likely impact performance. For SLICE registers, for example, use the CE pin to control the loading of data.
WARNING: [DRC PDRC-153] Gated clock check: Net UUT/CNT_MIN/CONT_5/BTNU is a gated clock net sourced by a combinational pin UUT/CNT_MIN/CONT_5/Y_reg_reg_LDC_i_1__4/O, cell UUT/CNT_MIN/CONT_5/Y_reg_reg_LDC_i_1__4. This is not good design practice and will likely impact performance. For SLICE registers, for example, use the CE pin to control the loading of data.
WARNING: [DRC PDRC-153] Gated clock check: Net UUT/CNT_MIN/CONT_5/BTNU_0 is a gated clock net sourced by a combinational pin UUT/CNT_MIN/CONT_5/Y_reg_reg_LDC_i_1__5/O, cell UUT/CNT_MIN/CONT_5/Y_reg_reg_LDC_i_1__5. This is not good design practice and will likely impact performance. For SLICE registers, for example, use the CE pin to control the loading of data.
WARNING: [DRC PDRC-153] Gated clock check: Net UUT/CNT_MIN/CONT_5/BTNU_1 is a gated clock net sourced by a combinational pin UUT/CNT_MIN/CONT_5/Y_reg_reg_LDC_i_1__6/O, cell UUT/CNT_MIN/CONT_5/Y_reg_reg_LDC_i_1__6. This is not good design practice and will likely impact performance. For SLICE registers, for example, use the CE pin to control the loading of data.
WARNING: [DRC PDRC-153] Gated clock check: Net UUT/CNT_MIN/CONT_5/BTNU_2 is a gated clock net sourced by a combinational pin UUT/CNT_MIN/CONT_5/Y_reg_reg_LDC_i_1__7/O, cell UUT/CNT_MIN/CONT_5/Y_reg_reg_LDC_i_1__7. This is not good design practice and will likely impact performance. For SLICE registers, for example, use the CE pin to control the loading of data.
WARNING: [DRC PDRC-153] Gated clock check: Net UUT/CNT_MIN/CONT_5/BTNU_3 is a gated clock net sourced by a combinational pin UUT/CNT_MIN/CONT_5/Y_reg_reg_LDC_i_1__8/O, cell UUT/CNT_MIN/CONT_5/Y_reg_reg_LDC_i_1__8. This is not good design practice and will likely impact performance. For SLICE registers, for example, use the CE pin to control the loading of data.
WARNING: [DRC PDRC-153] Gated clock check: Net UUT/CNT_MIN/CONT_5/Y_reg_reg_LDC_i_1__9_n_0 is a gated clock net sourced by a combinational pin UUT/CNT_MIN/CONT_5/Y_reg_reg_LDC_i_1__9/O, cell UUT/CNT_MIN/CONT_5/Y_reg_reg_LDC_i_1__9. This is not good design practice and will likely impact performance. For SLICE registers, for example, use the CE pin to control the loading of data.
WARNING: [DRC PDRC-153] Gated clock check: Net UUT/CNT_MIN/CONT_5/Y_reg_reg_P_0 is a gated clock net sourced by a combinational pin UUT/CNT_MIN/CONT_5/Y_reg_C_i_2/O, cell UUT/CNT_MIN/CONT_5/Y_reg_C_i_2. This is not good design practice and will likely impact performance. For SLICE registers, for example, use the CE pin to control the loading of data.
WARNING: [DRC PDRC-153] Gated clock check: Net UUT/CNT_ORE/CONT_0/ore_bin__0[0] is a gated clock net sourced by a combinational pin UUT/CNT_ORE/CONT_0/Y_reg_C_i_2__6/O, cell UUT/CNT_ORE/CONT_0/Y_reg_C_i_2__6. This is not good design practice and will likely impact performance. For SLICE registers, for example, use the CE pin to control the loading of data.
WARNING: [DRC PDRC-153] Gated clock check: Net UUT/CNT_ORE/CONT_1/Y_reg_reg_P_0[0] is a gated clock net sourced by a combinational pin UUT/CNT_ORE/CONT_1/Y_reg_C_i_2__7/O, cell UUT/CNT_ORE/CONT_1/Y_reg_C_i_2__7. This is not good design practice and will likely impact performance. For SLICE registers, for example, use the CE pin to control the loading of data.
WARNING: [DRC PDRC-153] Gated clock check: Net UUT/CNT_ORE/CONT_2/ore_bin__0[0] is a gated clock net sourced by a combinational pin UUT/CNT_ORE/CONT_2/Y_reg_C_i_2__8/O, cell UUT/CNT_ORE/CONT_2/Y_reg_C_i_2__8. This is not good design practice and will likely impact performance. For SLICE registers, for example, use the CE pin to control the loading of data.
WARNING: [DRC PDRC-153] Gated clock check: Net UUT/CNT_ORE/CONT_3/Y_reg_reg_P_1[0] is a gated clock net sourced by a combinational pin UUT/CNT_ORE/CONT_3/Y_reg_C_i_2__9/O, cell UUT/CNT_ORE/CONT_3/Y_reg_C_i_2__9. This is not good design practice and will likely impact performance. For SLICE registers, for example, use the CE pin to control the loading of data.
WARNING: [DRC PDRC-153] Gated clock check: Net UUT/CNT_ORE/CONT_4/BTNC_2 is a gated clock net sourced by a combinational pin UUT/CNT_ORE/CONT_4/Y_reg_reg_LDC_i_1__0/O, cell UUT/CNT_ORE/CONT_4/Y_reg_reg_LDC_i_1__0. This is not good design practice and will likely impact performance. For SLICE registers, for example, use the CE pin to control the loading of data.
WARNING: [DRC PDRC-153] Gated clock check: Net UUT/CNT_ORE/CONT_4/BTNC_3 is a gated clock net sourced by a combinational pin UUT/CNT_ORE/CONT_4/Y_reg_reg_LDC_i_1__1/O, cell UUT/CNT_ORE/CONT_4/Y_reg_reg_LDC_i_1__1. This is not good design practice and will likely impact performance. For SLICE registers, for example, use the CE pin to control the loading of data.
WARNING: [DRC PDRC-153] Gated clock check: Net UUT/CNT_ORE/CONT_4/BTNC_4 is a gated clock net sourced by a combinational pin UUT/CNT_ORE/CONT_4/Y_reg_reg_LDC_i_1__2/O, cell UUT/CNT_ORE/CONT_4/Y_reg_reg_LDC_i_1__2. This is not good design practice and will likely impact performance. For SLICE registers, for example, use the CE pin to control the loading of data.
WARNING: [DRC PDRC-153] Gated clock check: Net UUT/CNT_ORE/CONT_4/BTNC_5 is a gated clock net sourced by a combinational pin UUT/CNT_ORE/CONT_4/Y_reg_reg_LDC_i_1__3/O, cell UUT/CNT_ORE/CONT_4/Y_reg_reg_LDC_i_1__3. This is not good design practice and will likely impact performance. For SLICE registers, for example, use the CE pin to control the loading of data.
WARNING: [DRC PDRC-153] Gated clock check: Net UUT/CNT_ORE/CONT_4/Y_reg_reg_LDC_i_1_n_0 is a gated clock net sourced by a combinational pin UUT/CNT_ORE/CONT_4/Y_reg_reg_LDC_i_1/O, cell UUT/CNT_ORE/CONT_4/Y_reg_reg_LDC_i_1. This is not good design practice and will likely impact performance. For SLICE registers, for example, use the CE pin to control the loading of data.
WARNING: [DRC PDRC-153] Gated clock check: Net UUT/CNT_SEC/CONT_5/COUT is a gated clock net sourced by a combinational pin UUT/CNT_SEC/CONT_5/Y_reg_C_i_2__0/O, cell UUT/CNT_SEC/CONT_5/Y_reg_C_i_2__0. This is not good design practice and will likely impact performance. For SLICE registers, for example, use the CE pin to control the loading of data.
WARNING: [DRC PLHOLDVIO-2] Non-Optimal connections which could lead to hold violations: A LUT UUT/CNT_MIN/CONT_0/Y_reg_C_i_2__1 is driving clock pin of 2 cells. This could lead to large hold time violations. Involved cells are:
UUT/CNT_MIN/CONT_1/Y_reg_reg_C, and UUT/CNT_MIN/CONT_1/Y_reg_reg_P
WARNING: [DRC PLHOLDVIO-2] Non-Optimal connections which could lead to hold violations: A LUT UUT/CNT_MIN/CONT_1/Y_reg_C_i_2__2 is driving clock pin of 2 cells. This could lead to large hold time violations. Involved cells are:
UUT/CNT_MIN/CONT_2/Y_reg_reg_C, and UUT/CNT_MIN/CONT_2/Y_reg_reg_P
WARNING: [DRC PLHOLDVIO-2] Non-Optimal connections which could lead to hold violations: A LUT UUT/CNT_MIN/CONT_2/Y_reg_C_i_2__3 is driving clock pin of 2 cells. This could lead to large hold time violations. Involved cells are:
UUT/CNT_MIN/CONT_3/Y_reg_reg_C, and UUT/CNT_MIN/CONT_3/Y_reg_reg_P
WARNING: [DRC PLHOLDVIO-2] Non-Optimal connections which could lead to hold violations: A LUT UUT/CNT_MIN/CONT_3/Y_reg_C_i_2__4 is driving clock pin of 2 cells. This could lead to large hold time violations. Involved cells are:
UUT/CNT_MIN/CONT_4/Y_reg_reg_C, and UUT/CNT_MIN/CONT_4/Y_reg_reg_P
WARNING: [DRC PLHOLDVIO-2] Non-Optimal connections which could lead to hold violations: A LUT UUT/CNT_MIN/CONT_4/Y_reg_C_i_2__5 is driving clock pin of 2 cells. This could lead to large hold time violations. Involved cells are:
UUT/CNT_MIN/CONT_5/Y_reg_reg_C, and UUT/CNT_MIN/CONT_5/Y_reg_reg_P
WARNING: [DRC PLHOLDVIO-2] Non-Optimal connections which could lead to hold violations: A LUT UUT/CNT_MIN/CONT_5/Y_reg_C_i_2 is driving clock pin of 2 cells. This could lead to large hold time violations. Involved cells are:
UUT/CNT_ORE/CONT_0/Y_reg_reg_C, and UUT/CNT_ORE/CONT_0/Y_reg_reg_P
WARNING: [DRC PLHOLDVIO-2] Non-Optimal connections which could lead to hold violations: A LUT UUT/CNT_ORE/CONT_0/Y_reg_C_i_2__6 is driving clock pin of 2 cells. This could lead to large hold time violations. Involved cells are:
UUT/CNT_ORE/CONT_1/Y_reg_reg_C, and UUT/CNT_ORE/CONT_1/Y_reg_reg_P
WARNING: [DRC PLHOLDVIO-2] Non-Optimal connections which could lead to hold violations: A LUT UUT/CNT_ORE/CONT_1/Y_reg_C_i_2__7 is driving clock pin of 2 cells. This could lead to large hold time violations. Involved cells are:
UUT/CNT_ORE/CONT_2/Y_reg_reg_C, and UUT/CNT_ORE/CONT_2/Y_reg_reg_P
WARNING: [DRC PLHOLDVIO-2] Non-Optimal connections which could lead to hold violations: A LUT UUT/CNT_ORE/CONT_2/Y_reg_C_i_2__8 is driving clock pin of 2 cells. This could lead to large hold time violations. Involved cells are:
UUT/CNT_ORE/CONT_3/Y_reg_reg_C, and UUT/CNT_ORE/CONT_3/Y_reg_reg_P
WARNING: [DRC PLHOLDVIO-2] Non-Optimal connections which could lead to hold violations: A LUT UUT/CNT_ORE/CONT_3/Y_reg_C_i_2__9 is driving clock pin of 2 cells. This could lead to large hold time violations. Involved cells are:
UUT/CNT_ORE/CONT_4/Y_reg_reg_C, and UUT/CNT_ORE/CONT_4/Y_reg_reg_P
WARNING: [DRC PLHOLDVIO-2] Non-Optimal connections which could lead to hold violations: A LUT UUT/CNT_SEC/CONT_5/Y_reg_C_i_2__0 is driving clock pin of 2 cells. This could lead to large hold time violations. Involved cells are:
UUT/CNT_MIN/CONT_0/Y_reg_reg_C, and UUT/CNT_MIN/CONT_0/Y_reg_reg_P
INFO: [Vivado 12-3199] DRC finished with 0 Errors, 34 Warnings
INFO: [Vivado 12-3200] Please refer to the DRC report (report_drc) for more information.
INFO: [Designutils 20-2272] Running write_bitstream with 2 threads.
Loading data files...
Loading site data...
Loading route data...
Processing options...
Creating bitmap...
Creating bitstream...
Writing bitstream ./Cronometro_Board.bit...
INFO: [Vivado 12-1842] Bitgen Completed Successfully.
INFO: [Project 1-120] WebTalk data collection is mandatory when using a WebPACK part without a full Vivado license. To see the specific WebTalk data collected for your design, open the usage_statistics_webtalk.html or usage_statistics_webtalk.xml file in the implementation directory.
INFO: [Common 17-83] Releasing license: Implementation
12 Infos, 34 Warnings, 0 Critical Warnings and 0 Errors encountered.
write_bitstream completed successfully
write_bitstream: Time (s): cpu = 00:00:18 ; elapsed = 00:00:20 . Memory (MB): peak = 2097.734 ; gain = 425.859
INFO: [Common 17-206] Exiting Vivado at Mon Mar  2 11:21:07 2026...

*** Running vivado
    with args -log Cronometro_Board.vdi -applog -m64 -product Vivado -messageDb vivado.pb -mode batch -source Cronometro_Board.tcl -notrace



****** Vivado v2020.2 (64-bit)
  **** SW Build 3064766 on Wed Nov 18 09:12:45 MST 2020
  **** IP Build 3064653 on Wed Nov 18 14:17:31 MST 2020
    ** Copyright 1986-2020 Xilinx, Inc. All Rights Reserved.

source Cronometro_Board.tcl -notrace
Command: open_checkpoint Cronometro_Board_routed.dcp

Starting open_checkpoint Task

Time (s): cpu = 00:00:00 ; elapsed = 00:00:00.046 . Memory (MB): peak = 1003.188 ; gain = 0.000
INFO: [Device 21-403] Loading part xc7a50ticsg324-1L
Netlist sorting complete. Time (s): cpu = 00:00:00 ; elapsed = 00:00:00.002 . Memory (MB): peak = 1003.188 ; gain = 0.000
INFO: [Netlist 29-17] Analyzing 11 Unisim elements for replacement
INFO: [Netlist 29-28] Unisim Transformation completed in 0 CPU seconds
INFO: [Project 1-479] Netlist was created with Vivado 2020.2
INFO: [Project 1-570] Preparing netlist for logic optimization
INFO: [Timing 38-478] Restoring timing data from binary archive.
INFO: [Timing 38-479] Binary timing data restore complete.
INFO: [Project 1-856] Restoring constraints from binary archive.
INFO: [Project 1-853] Binary constraint restore complete.
Reading XDEF placement.
Reading placer database...
Reading XDEF routing.
Read XDEF File: Time (s): cpu = 00:00:00 ; elapsed = 00:00:00.189 . Memory (MB): peak = 1266.457 ; gain = 8.539
Restored from archive | CPU: 0.000000 secs | Memory: 0.000000 MB |
Finished XDEF File Restore: Time (s): cpu = 00:00:00 ; elapsed = 00:00:00.189 . Memory (MB): peak = 1266.457 ; gain = 8.539
Netlist sorting complete. Time (s): cpu = 00:00:00 ; elapsed = 00:00:00 . Memory (MB): peak = 1266.457 ; gain = 0.000
INFO: [Project 1-111] Unisim Transformation Summary:
No Unisim elements were transformed.

INFO: [Project 1-604] Checkpoint was created with Vivado v2020.2 (64-bit) build 3064766
open_checkpoint: Time (s): cpu = 00:00:26 ; elapsed = 00:00:45 . Memory (MB): peak = 1266.457 ; gain = 263.270
Command: write_bitstream -force Cronometro_Board.bit
Attempting to get a license for feature 'Implementation' and/or device 'xc7a50ti'
INFO: [Common 17-349] Got license for feature 'Implementation' and/or device 'xc7a50ti'
Running DRC as a precondition to command write_bitstream
INFO: [IP_Flow 19-234] Refreshing IP repositories
INFO: [IP_Flow 19-1704] No user IP repositories specified
INFO: [IP_Flow 19-2313] Loaded Vivado IP repository 'C:/Users/anton/Vivado/2020.2/data/ip'.
INFO: [DRC 23-27] Running DRC with 2 threads
WARNING: [DRC CFGBVS-1] Missing CFGBVS and CONFIG_VOLTAGE Design Properties: Neither the CFGBVS nor CONFIG_VOLTAGE voltage property is set in the current_design.  Configuration bank voltage select (CFGBVS) must be set to VCCO or GND, and CONFIG_VOLTAGE must be set to the correct configuration voltage, in order to determine the I/O voltage support for the pins in bank 0.  It is suggested to specify these either using the 'Edit Device Properties' function in the GUI or directly in the XDC file using the following syntax:

 set_property CFGBVS value1 [current_design]
 #where value1 is either VCCO or GND

 set_property CONFIG_VOLTAGE value2 [current_design]
 #where value2 is the voltage provided to configuration bank 0

Refer to the device configuration user guide for more information.
WARNING: [DRC PDRC-153] Gated clock check: Net UUT/CNT_MIN/CONT_0/min_bin__0[0] is a gated clock net sourced by a combinational pin UUT/CNT_MIN/CONT_0/Y_reg_C_i_2__1/O, cell UUT/CNT_MIN/CONT_0/Y_reg_C_i_2__1. This is not good design practice and will likely impact performance. For SLICE registers, for example, use the CE pin to control the loading of data.
WARNING: [DRC PDRC-153] Gated clock check: Net UUT/CNT_MIN/CONT_1/Y_reg_reg_P_0[0] is a gated clock net sourced by a combinational pin UUT/CNT_MIN/CONT_1/Y_reg_C_i_2__2/O, cell UUT/CNT_MIN/CONT_1/Y_reg_C_i_2__2. This is not good design practice and will likely impact performance. For SLICE registers, for example, use the CE pin to control the loading of data.
WARNING: [DRC PDRC-153] Gated clock check: Net UUT/CNT_MIN/CONT_2/min_bin[0] is a gated clock net sourced by a combinational pin UUT/CNT_MIN/CONT_2/Y_reg_C_i_2__3/O, cell UUT/CNT_MIN/CONT_2/Y_reg_C_i_2__3. This is not good design practice and will likely impact performance. For SLICE registers, for example, use the CE pin to control the loading of data.
WARNING: [DRC PDRC-153] Gated clock check: Net UUT/CNT_MIN/CONT_3/Y_reg_reg_P_0[0] is a gated clock net sourced by a combinational pin UUT/CNT_MIN/CONT_3/Y_reg_C_i_2__4/O, cell UUT/CNT_MIN/CONT_3/Y_reg_C_i_2__4. This is not good design practice and will likely impact performance. For SLICE registers, for example, use the CE pin to control the loading of data.
WARNING: [DRC PDRC-153] Gated clock check: Net UUT/CNT_MIN/CONT_4/Y_reg_reg_P_0[0] is a gated clock net sourced by a combinational pin UUT/CNT_MIN/CONT_4/Y_reg_C_i_2__5/O, cell UUT/CNT_MIN/CONT_4/Y_reg_C_i_2__5. This is not good design practice and will likely impact performance. For SLICE registers, for example, use the CE pin to control the loading of data.
WARNING: [DRC PDRC-153] Gated clock check: Net UUT/CNT_MIN/CONT_5/BTNU is a gated clock net sourced by a combinational pin UUT/CNT_MIN/CONT_5/Y_reg_reg_LDC_i_1__4/O, cell UUT/CNT_MIN/CONT_5/Y_reg_reg_LDC_i_1__4. This is not good design practice and will likely impact performance. For SLICE registers, for example, use the CE pin to control the loading of data.
WARNING: [DRC PDRC-153] Gated clock check: Net UUT/CNT_MIN/CONT_5/BTNU_0 is a gated clock net sourced by a combinational pin UUT/CNT_MIN/CONT_5/Y_reg_reg_LDC_i_1__5/O, cell UUT/CNT_MIN/CONT_5/Y_reg_reg_LDC_i_1__5. This is not good design practice and will likely impact performance. For SLICE registers, for example, use the CE pin to control the loading of data.
WARNING: [DRC PDRC-153] Gated clock check: Net UUT/CNT_MIN/CONT_5/BTNU_1 is a gated clock net sourced by a combinational pin UUT/CNT_MIN/CONT_5/Y_reg_reg_LDC_i_1__6/O, cell UUT/CNT_MIN/CONT_5/Y_reg_reg_LDC_i_1__6. This is not good design practice and will likely impact performance. For SLICE registers, for example, use the CE pin to control the loading of data.
WARNING: [DRC PDRC-153] Gated clock check: Net UUT/CNT_MIN/CONT_5/BTNU_2 is a gated clock net sourced by a combinational pin UUT/CNT_MIN/CONT_5/Y_reg_reg_LDC_i_1__7/O, cell UUT/CNT_MIN/CONT_5/Y_reg_reg_LDC_i_1__7. This is not good design practice and will likely impact performance. For SLICE registers, for example, use the CE pin to control the loading of data.
WARNING: [DRC PDRC-153] Gated clock check: Net UUT/CNT_MIN/CONT_5/BTNU_3 is a gated clock net sourced by a combinational pin UUT/CNT_MIN/CONT_5/Y_reg_reg_LDC_i_1__8/O, cell UUT/CNT_MIN/CONT_5/Y_reg_reg_LDC_i_1__8. This is not good design practice and will likely impact performance. For SLICE registers, for example, use the CE pin to control the loading of data.
WARNING: [DRC PDRC-153] Gated clock check: Net UUT/CNT_MIN/CONT_5/Y_reg_reg_LDC_i_1__9_n_0 is a gated clock net sourced by a combinational pin UUT/CNT_MIN/CONT_5/Y_reg_reg_LDC_i_1__9/O, cell UUT/CNT_MIN/CONT_5/Y_reg_reg_LDC_i_1__9. This is not good design practice and will likely impact performance. For SLICE registers, for example, use the CE pin to control the loading of data.
WARNING: [DRC PDRC-153] Gated clock check: Net UUT/CNT_MIN/CONT_5/Y_reg_reg_P_0 is a gated clock net sourced by a combinational pin UUT/CNT_MIN/CONT_5/Y_reg_C_i_2/O, cell UUT/CNT_MIN/CONT_5/Y_reg_C_i_2. This is not good design practice and will likely impact performance. For SLICE registers, for example, use the CE pin to control the loading of data.
WARNING: [DRC PDRC-153] Gated clock check: Net UUT/CNT_ORE/CONT_0/ore_bin__0[0] is a gated clock net sourced by a combinational pin UUT/CNT_ORE/CONT_0/Y_reg_C_i_2__6/O, cell UUT/CNT_ORE/CONT_0/Y_reg_C_i_2__6. This is not good design practice and will likely impact performance. For SLICE registers, for example, use the CE pin to control the loading of data.
WARNING: [DRC PDRC-153] Gated clock check: Net UUT/CNT_ORE/CONT_1/Y_reg_reg_P_0[0] is a gated clock net sourced by a combinational pin UUT/CNT_ORE/CONT_1/Y_reg_C_i_2__7/O, cell UUT/CNT_ORE/CONT_1/Y_reg_C_i_2__7. This is not good design practice and will likely impact performance. For SLICE registers, for example, use the CE pin to control the loading of data.
WARNING: [DRC PDRC-153] Gated clock check: Net UUT/CNT_ORE/CONT_2/ore_bin__0[0] is a gated clock net sourced by a combinational pin UUT/CNT_ORE/CONT_2/Y_reg_C_i_2__8/O, cell UUT/CNT_ORE/CONT_2/Y_reg_C_i_2__8. This is not good design practice and will likely impact performance. For SLICE registers, for example, use the CE pin to control the loading of data.
WARNING: [DRC PDRC-153] Gated clock check: Net UUT/CNT_ORE/CONT_3/Y_reg_reg_P_1[0] is a gated clock net sourced by a combinational pin UUT/CNT_ORE/CONT_3/Y_reg_C_i_2__9/O, cell UUT/CNT_ORE/CONT_3/Y_reg_C_i_2__9. This is not good design practice and will likely impact performance. For SLICE registers, for example, use the CE pin to control the loading of data.
WARNING: [DRC PDRC-153] Gated clock check: Net UUT/CNT_ORE/CONT_4/BTNC_2 is a gated clock net sourced by a combinational pin UUT/CNT_ORE/CONT_4/Y_reg_reg_LDC_i_1__0/O, cell UUT/CNT_ORE/CONT_4/Y_reg_reg_LDC_i_1__0. This is not good design practice and will likely impact performance. For SLICE registers, for example, use the CE pin to control the loading of data.
WARNING: [DRC PDRC-153] Gated clock check: Net UUT/CNT_ORE/CONT_4/BTNC_3 is a gated clock net sourced by a combinational pin UUT/CNT_ORE/CONT_4/Y_reg_reg_LDC_i_1__1/O, cell UUT/CNT_ORE/CONT_4/Y_reg_reg_LDC_i_1__1. This is not good design practice and will likely impact performance. For SLICE registers, for example, use the CE pin to control the loading of data.
WARNING: [DRC PDRC-153] Gated clock check: Net UUT/CNT_ORE/CONT_4/BTNC_4 is a gated clock net sourced by a combinational pin UUT/CNT_ORE/CONT_4/Y_reg_reg_LDC_i_1__2/O, cell UUT/CNT_ORE/CONT_4/Y_reg_reg_LDC_i_1__2. This is not good design practice and will likely impact performance. For SLICE registers, for example, use the CE pin to control the loading of data.
WARNING: [DRC PDRC-153] Gated clock check: Net UUT/CNT_ORE/CONT_4/BTNC_5 is a gated clock net sourced by a combinational pin UUT/CNT_ORE/CONT_4/Y_reg_reg_LDC_i_1__3/O, cell UUT/CNT_ORE/CONT_4/Y_reg_reg_LDC_i_1__3. This is not good design practice and will likely impact performance. For SLICE registers, for example, use the CE pin to control the loading of data.
WARNING: [DRC PDRC-153] Gated clock check: Net UUT/CNT_ORE/CONT_4/Y_reg_reg_LDC_i_1_n_0 is a gated clock net sourced by a combinational pin UUT/CNT_ORE/CONT_4/Y_reg_reg_LDC_i_1/O, cell UUT/CNT_ORE/CONT_4/Y_reg_reg_LDC_i_1. This is not good design practice and will likely impact performance. For SLICE registers, for example, use the CE pin to control the loading of data.
WARNING: [DRC PDRC-153] Gated clock check: Net UUT/CNT_SEC/CONT_5/COUT is a gated clock net sourced by a combinational pin UUT/CNT_SEC/CONT_5/Y_reg_C_i_2__0/O, cell UUT/CNT_SEC/CONT_5/Y_reg_C_i_2__0. This is not good design practice and will likely impact performance. For SLICE registers, for example, use the CE pin to control the loading of data.
WARNING: [DRC PLHOLDVIO-2] Non-Optimal connections which could lead to hold violations: A LUT UUT/CNT_MIN/CONT_0/Y_reg_C_i_2__1 is driving clock pin of 2 cells. This could lead to large hold time violations. Involved cells are:
UUT/CNT_MIN/CONT_1/Y_reg_reg_C, and UUT/CNT_MIN/CONT_1/Y_reg_reg_P
WARNING: [DRC PLHOLDVIO-2] Non-Optimal connections which could lead to hold violations: A LUT UUT/CNT_MIN/CONT_1/Y_reg_C_i_2__2 is driving clock pin of 2 cells. This could lead to large hold time violations. Involved cells are:
UUT/CNT_MIN/CONT_2/Y_reg_reg_C, and UUT/CNT_MIN/CONT_2/Y_reg_reg_P
WARNING: [DRC PLHOLDVIO-2] Non-Optimal connections which could lead to hold violations: A LUT UUT/CNT_MIN/CONT_2/Y_reg_C_i_2__3 is driving clock pin of 2 cells. This could lead to large hold time violations. Involved cells are:
UUT/CNT_MIN/CONT_3/Y_reg_reg_C, and UUT/CNT_MIN/CONT_3/Y_reg_reg_P
WARNING: [DRC PLHOLDVIO-2] Non-Optimal connections which could lead to hold violations: A LUT UUT/CNT_MIN/CONT_3/Y_reg_C_i_2__4 is driving clock pin of 2 cells. This could lead to large hold time violations. Involved cells are:
UUT/CNT_MIN/CONT_4/Y_reg_reg_C, and UUT/CNT_MIN/CONT_4/Y_reg_reg_P
WARNING: [DRC PLHOLDVIO-2] Non-Optimal connections which could lead to hold violations: A LUT UUT/CNT_MIN/CONT_4/Y_reg_C_i_2__5 is driving clock pin of 2 cells. This could lead to large hold time violations. Involved cells are:
UUT/CNT_MIN/CONT_5/Y_reg_reg_C, and UUT/CNT_MIN/CONT_5/Y_reg_reg_P
WARNING: [DRC PLHOLDVIO-2] Non-Optimal connections which could lead to hold violations: A LUT UUT/CNT_MIN/CONT_5/Y_reg_C_i_2 is driving clock pin of 2 cells. This could lead to large hold time violations. Involved cells are:
UUT/CNT_ORE/CONT_0/Y_reg_reg_C, and UUT/CNT_ORE/CONT_0/Y_reg_reg_P
WARNING: [DRC PLHOLDVIO-2] Non-Optimal connections which could lead to hold violations: A LUT UUT/CNT_ORE/CONT_0/Y_reg_C_i_2__6 is driving clock pin of 2 cells. This could lead to large hold time violations. Involved cells are:
UUT/CNT_ORE/CONT_1/Y_reg_reg_C, and UUT/CNT_ORE/CONT_1/Y_reg_reg_P
WARNING: [DRC PLHOLDVIO-2] Non-Optimal connections which could lead to hold violations: A LUT UUT/CNT_ORE/CONT_1/Y_reg_C_i_2__7 is driving clock pin of 2 cells. This could lead to large hold time violations. Involved cells are:
UUT/CNT_ORE/CONT_2/Y_reg_reg_C, and UUT/CNT_ORE/CONT_2/Y_reg_reg_P
WARNING: [DRC PLHOLDVIO-2] Non-Optimal connections which could lead to hold violations: A LUT UUT/CNT_ORE/CONT_2/Y_reg_C_i_2__8 is driving clock pin of 2 cells. This could lead to large hold time violations. Involved cells are:
UUT/CNT_ORE/CONT_3/Y_reg_reg_C, and UUT/CNT_ORE/CONT_3/Y_reg_reg_P
WARNING: [DRC PLHOLDVIO-2] Non-Optimal connections which could lead to hold violations: A LUT UUT/CNT_ORE/CONT_3/Y_reg_C_i_2__9 is driving clock pin of 2 cells. This could lead to large hold time violations. Involved cells are:
UUT/CNT_ORE/CONT_4/Y_reg_reg_C, and UUT/CNT_ORE/CONT_4/Y_reg_reg_P
WARNING: [DRC PLHOLDVIO-2] Non-Optimal connections which could lead to hold violations: A LUT UUT/CNT_SEC/CONT_5/Y_reg_C_i_2__0 is driving clock pin of 2 cells. This could lead to large hold time violations. Involved cells are:
UUT/CNT_MIN/CONT_0/Y_reg_reg_C, and UUT/CNT_MIN/CONT_0/Y_reg_reg_P
INFO: [Vivado 12-3199] DRC finished with 0 Errors, 34 Warnings
INFO: [Vivado 12-3200] Please refer to the DRC report (report_drc) for more information.
INFO: [Designutils 20-2272] Running write_bitstream with 2 threads.
Loading data files...
Loading site data...
Loading route data...
Processing options...
Creating bitmap...
Creating bitstream...
Writing bitstream ./Cronometro_Board.bit...
INFO: [Vivado 12-1842] Bitgen Completed Successfully.
INFO: [Project 1-120] WebTalk data collection is mandatory when using a WebPACK part without a full Vivado license. To see the specific WebTalk data collected for your design, open the usage_statistics_webtalk.html or usage_statistics_webtalk.xml file in the implementation directory.
INFO: [Common 17-83] Releasing license: Implementation
22 Infos, 34 Warnings, 0 Critical Warnings and 0 Errors encountered.
write_bitstream completed successfully
write_bitstream: Time (s): cpu = 00:00:18 ; elapsed = 00:00:19 . Memory (MB): peak = 1747.457 ; gain = 481.000
INFO: [Common 17-206] Exiting Vivado at Mon Mar  2 13:52:22 2026...
