Copyright 1986-2020 Xilinx, Inc. All Rights Reserved.
--------------------------------------------------------------------------------------------------------------------------------------------------------------------------------------------------
| Tool Version : Vivado v.2020.2 (win64) Build 3064766 Wed Nov 18 09:12:45 MST 2020
| Date         : Thu Mar  5 21:20:42 2026
| Host         : drims-pc running 64-bit major release  (build 9200)
| Command      : report_timing_summary -max_paths 10 -file Top_Level_timing_summary_routed.rpt -pb Top_Level_timing_summary_routed.pb -rpx Top_Level_timing_summary_routed.rpx -warn_on_violation
| Design       : Top_Level
| Device       : 7a50ti-csg324
| Speed File   : -1L  PRODUCTION 1.23 2018-06-13
--------------------------------------------------------------------------------------------------------------------------------------------------------------------------------------------------

Timing Summary Report

------------------------------------------------------------------------------------------------
| Timer Settings
| --------------
------------------------------------------------------------------------------------------------

  Enable Multi Corner Analysis               :  Yes
  Enable Pessimism Removal                   :  Yes
  Pessimism Removal Resolution               :  Nearest Common Node
  Enable Input Delay Default Clock           :  No
  Enable Preset / Clear Arcs                 :  No
  Disable Flight Delays                      :  No
  Ignore I/O Paths                           :  No
  Timing Early Launch at Borrowing Latches   :  No
  Borrow Time for Max Delay Exceptions       :  Yes
  Merge Timing Exceptions                    :  Yes

  Corner  Analyze    Analyze    
  Name    Max Paths  Min Paths  
  ------  ---------  ---------  
  Slow    Yes        Yes        
  Fast    Yes        Yes        



check_timing report

Table of Contents
-----------------
1. checking no_clock (0)
2. checking constant_clock (0)
3. checking pulse_width_clock (0)
4. checking unconstrained_internal_endpoints (0)
5. checking no_input_delay (12)
6. checking no_output_delay (17)
7. checking multiple_clock (0)
8. checking generated_clocks (0)
9. checking loops (0)
10. checking partial_input_delay (0)
11. checking partial_output_delay (0)
12. checking latch_loops (0)

1. checking no_clock (0)
------------------------
 There are 0 register/latch pins with no clock.


2. checking constant_clock (0)
------------------------------
 There are 0 register/latch pins with constant_clock.


3. checking pulse_width_clock (0)
---------------------------------
 There are 0 register/latch pins which need pulse_width check


4. checking unconstrained_internal_endpoints (0)
------------------------------------------------
 There are 0 pins that are not constrained for maximum delay.

 There are 0 pins that are not constrained for maximum delay due to constant clock.


5. checking no_input_delay (12)
-------------------------------
 There are 12 input ports with no input delay specified. (HIGH)

 There are 0 input ports with no input delay but user has a false path constraint.


6. checking no_output_delay (17)
--------------------------------
 There are 17 ports with no output delay specified. (HIGH)

 There are 0 ports with no output delay but user has a false path constraint

 There are 0 ports with no output delay but with a timing clock defined on it or propagating through it


7. checking multiple_clock (0)
------------------------------
 There are 0 register/latch pins with multiple clocks.


8. checking generated_clocks (0)
--------------------------------
 There are 0 generated clocks that are not connected to a clock source.


9. checking loops (0)
---------------------
 There are 0 combinational loops in the design.


10. checking partial_input_delay (0)
------------------------------------
 There are 0 input ports with partial input delay specified.


11. checking partial_output_delay (0)
-------------------------------------
 There are 0 ports with partial output delay specified.


12. checking latch_loops (0)
----------------------------
 There are 0 combinational latch loops in the design through latch input



------------------------------------------------------------------------------------------------
| Design Timing Summary
| ---------------------
------------------------------------------------------------------------------------------------

    WNS(ns)      TNS(ns)  TNS Failing Endpoints  TNS Total Endpoints      WHS(ns)      THS(ns)  THS Failing Endpoints  THS Total Endpoints     WPWS(ns)     TPWS(ns)  TPWS Failing Endpoints  TPWS Total Endpoints  
    -------      -------  ---------------------  -------------------      -------      -------  ---------------------  -------------------     --------     --------  ----------------------  --------------------  
      6.131        0.000                      0                  263        0.151        0.000                      0                  263        4.500        0.000                       0                   143  


All user specified timing constraints are met.


------------------------------------------------------------------------------------------------
| Clock Summary
| -------------
------------------------------------------------------------------------------------------------

Clock        Waveform(ns)       Period(ns)      Frequency(MHz)
-----        ------------       ----------      --------------
sys_clk_pin  {0.000 5.000}      10.000          100.000         


------------------------------------------------------------------------------------------------
| Intra Clock Table
| -----------------
------------------------------------------------------------------------------------------------

Clock             WNS(ns)      TNS(ns)  TNS Failing Endpoints  TNS Total Endpoints      WHS(ns)      THS(ns)  THS Failing Endpoints  THS Total Endpoints     WPWS(ns)     TPWS(ns)  TPWS Failing Endpoints  TPWS Total Endpoints  
-----             -------      -------  ---------------------  -------------------      -------      -------  ---------------------  -------------------     --------     --------  ----------------------  --------------------  
sys_clk_pin         6.131        0.000                      0                  263        0.151        0.000                      0                  263        4.500        0.000                       0                   143  


------------------------------------------------------------------------------------------------
| Inter Clock Table
| -----------------
------------------------------------------------------------------------------------------------

From Clock    To Clock          WNS(ns)      TNS(ns)  TNS Failing Endpoints  TNS Total Endpoints      WHS(ns)      THS(ns)  THS Failing Endpoints  THS Total Endpoints  
----------    --------          -------      -------  ---------------------  -------------------      -------      -------  ---------------------  -------------------  


------------------------------------------------------------------------------------------------
| Other Path Groups Table
| -----------------------
------------------------------------------------------------------------------------------------

Path Group    From Clock    To Clock          WNS(ns)      TNS(ns)  TNS Failing Endpoints  TNS Total Endpoints      WHS(ns)      THS(ns)  THS Failing Endpoints  THS Total Endpoints  
----------    ----------    --------          -------      -------  ---------------------  -------------------      -------      -------  ---------------------  -------------------  


------------------------------------------------------------------------------------------------
| Timing Details
| --------------
------------------------------------------------------------------------------------------------


---------------------------------------------------------------------------------------------------
From Clock:  sys_clk_pin
  To Clock:  sys_clk_pin

Setup :            0  Failing Endpoints,  Worst Slack        6.131ns,  Total Violation        0.000ns
Hold  :            0  Failing Endpoints,  Worst Slack        0.151ns,  Total Violation        0.000ns
PW    :            0  Failing Endpoints,  Worst Slack        4.500ns,  Total Violation        0.000ns
---------------------------------------------------------------------------------------------------


Max Delay Paths
--------------------------------------------------------------------------------------
Slack (MET) :             6.131ns  (required time - arrival time)
  Source:                 Booth_Core/UC/FSM_onehot_current_state_reg[3]/C
                            (rising edge-triggered cell FDRE clocked by sys_clk_pin  {rise@0.000ns fall@5.000ns period=10.000ns})
  Destination:            Booth_Core/UO/reg_A/temp_reg[3]/D
                            (rising edge-triggered cell FDRE clocked by sys_clk_pin  {rise@0.000ns fall@5.000ns period=10.000ns})
  Path Group:             sys_clk_pin
  Path Type:              Setup (Max at Slow Process Corner)
  Requirement:            10.000ns  (sys_clk_pin rise@10.000ns - sys_clk_pin rise@0.000ns)
  Data Path Delay:        3.824ns  (logic 0.890ns (23.273%)  route 2.934ns (76.727%))
  Logic Levels:           3  (LUT4=1 LUT5=1 LUT6=1)
  Clock Path Skew:        -0.040ns (DCD - SCD + CPR)
    Destination Clock Delay (DCD):    4.875ns = ( 14.875 - 10.000 ) 
    Source Clock Delay      (SCD):    5.174ns
    Clock Pessimism Removal (CPR):    0.259ns
  Clock Uncertainty:      0.035ns  ((TSJ^2 + TIJ^2)^1/2 + DJ) / 2 + PE
    Total System Jitter     (TSJ):    0.071ns
    Total Input Jitter      (TIJ):    0.000ns
    Discrete Jitter          (DJ):    0.000ns
    Phase Error              (PE):    0.000ns

    Location             Delay type                Incr(ns)  Path(ns)    Netlist Resource(s)
  -------------------------------------------------------------------    -------------------
                         (clock sys_clk_pin rise edge)
                                                      0.000     0.000 r  
    E3                                                0.000     0.000 r  clk (IN)
                         net (fo=0)                   0.000     0.000    clk
    E3                   IBUF (Prop_ibuf_I_O)         1.489     1.489 r  clk_IBUF_inst/O
                         net (fo=1, routed)           1.967     3.455    clk_IBUF
    BUFGCTRL_X0Y16       BUFG (Prop_bufg_I_O)         0.096     3.551 r  clk_IBUF_BUFG_inst/O
                         net (fo=142, routed)         1.622     5.174    Booth_Core/UC/CLK
    SLICE_X2Y26          FDRE                                         r  Booth_Core/UC/FSM_onehot_current_state_reg[3]/C
  -------------------------------------------------------------------    -------------------
    SLICE_X2Y26          FDRE (Prop_fdre_C_Q)         0.518     5.692 r  Booth_Core/UC/FSM_onehot_current_state_reg[3]/Q
                         net (fo=18, routed)          1.355     7.047    Booth_Core/UO/reg_M/temp_reg[6][1]
    SLICE_X2Y24          LUT5 (Prop_lut5_I1_O)        0.124     7.171 r  Booth_Core/UO/reg_M/temp[2]_i_2/O
                         net (fo=3, routed)           0.873     8.044    Booth_Core/UO/reg_M/ADDER/RA/temp_1
    SLICE_X4Y25          LUT4 (Prop_lut4_I3_O)        0.124     8.168 r  Booth_Core/UO/reg_M/temp[3]_i_2/O
                         net (fo=1, routed)           0.706     8.874    Booth_Core/UO/reg_M/ADDER/RA/temp_2
    SLICE_X5Y25          LUT6 (Prop_lut6_I0_O)        0.124     8.998 r  Booth_Core/UO/reg_M/temp[3]_i_1/O
                         net (fo=1, routed)           0.000     8.998    Booth_Core/UO/reg_A/D[1]
    SLICE_X5Y25          FDRE                                         r  Booth_Core/UO/reg_A/temp_reg[3]/D
  -------------------------------------------------------------------    -------------------

                         (clock sys_clk_pin rise edge)
                                                     10.000    10.000 r  
    E3                                                0.000    10.000 r  clk (IN)
                         net (fo=0)                   0.000    10.000    clk
    E3                   IBUF (Prop_ibuf_I_O)         1.418    11.418 r  clk_IBUF_inst/O
                         net (fo=1, routed)           1.862    13.280    clk_IBUF
    BUFGCTRL_X0Y16       BUFG (Prop_bufg_I_O)         0.091    13.371 r  clk_IBUF_BUFG_inst/O
                         net (fo=142, routed)         1.503    14.875    Booth_Core/UO/reg_A/CLK
    SLICE_X5Y25          FDRE                                         r  Booth_Core/UO/reg_A/temp_reg[3]/C
                         clock pessimism              0.259    15.134    
                         clock uncertainty           -0.035    15.098    
    SLICE_X5Y25          FDRE (Setup_fdre_C_D)        0.031    15.129    Booth_Core/UO/reg_A/temp_reg[3]
  -------------------------------------------------------------------
                         required time                         15.129    
                         arrival time                          -8.998    
  -------------------------------------------------------------------
                         slack                                  6.131    

Slack (MET) :             6.146ns  (required time - arrival time)
  Source:                 Debounce_Inst_Start/counter_reg[15]/C
                            (rising edge-triggered cell FDRE clocked by sys_clk_pin  {rise@0.000ns fall@5.000ns period=10.000ns})
  Destination:            Debounce_Inst_Start/btn_stable_reg/D
                            (rising edge-triggered cell FDRE clocked by sys_clk_pin  {rise@0.000ns fall@5.000ns period=10.000ns})
  Path Group:             sys_clk_pin
  Path Type:              Setup (Max at Slow Process Corner)
  Requirement:            10.000ns  (sys_clk_pin rise@10.000ns - sys_clk_pin rise@0.000ns)
  Data Path Delay:        3.826ns  (logic 1.217ns (31.812%)  route 2.609ns (68.188%))
  Logic Levels:           3  (CARRY4=1 LUT2=1 LUT3=1)
  Clock Path Skew:        -0.024ns (DCD - SCD + CPR)
    Destination Clock Delay (DCD):    4.882ns = ( 14.882 - 10.000 ) 
    Source Clock Delay      (SCD):    5.179ns
    Clock Pessimism Removal (CPR):    0.273ns
  Clock Uncertainty:      0.035ns  ((TSJ^2 + TIJ^2)^1/2 + DJ) / 2 + PE
    Total System Jitter     (TSJ):    0.071ns
    Total Input Jitter      (TIJ):    0.000ns
    Discrete Jitter          (DJ):    0.000ns
    Phase Error              (PE):    0.000ns

    Location             Delay type                Incr(ns)  Path(ns)    Netlist Resource(s)
  -------------------------------------------------------------------    -------------------
                         (clock sys_clk_pin rise edge)
                                                      0.000     0.000 r  
    E3                                                0.000     0.000 r  clk (IN)
                         net (fo=0)                   0.000     0.000    clk
    E3                   IBUF (Prop_ibuf_I_O)         1.489     1.489 r  clk_IBUF_inst/O
                         net (fo=1, routed)           1.967     3.455    clk_IBUF
    BUFGCTRL_X0Y16       BUFG (Prop_bufg_I_O)         0.096     3.551 r  clk_IBUF_BUFG_inst/O
                         net (fo=142, routed)         1.627     5.179    Debounce_Inst_Start/CLK
    SLICE_X0Y29          FDRE                                         r  Debounce_Inst_Start/counter_reg[15]/C
  -------------------------------------------------------------------    -------------------
    SLICE_X0Y29          FDRE (Prop_fdre_C_Q)         0.456     5.635 r  Debounce_Inst_Start/counter_reg[15]/Q
                         net (fo=3, routed)           1.295     6.929    Debounce_Inst_Start/counter_reg[15]
    SLICE_X2Y29          LUT2 (Prop_lut2_I0_O)        0.124     7.053 r  Debounce_Inst_Start/counter0_carry__0_i_7__1/O
                         net (fo=1, routed)           0.000     7.053    Debounce_Inst_Start/counter0_carry__0_i_7__1_n_0
    SLICE_X2Y29          CARRY4 (Prop_carry4_S[0]_CO[3])
                                                      0.513     7.566 f  Debounce_Inst_Start/counter0_carry__0/CO[3]
                         net (fo=22, routed)          1.314     8.880    Debounce_Inst_Start/counter0_carry__0_n_0
    SLICE_X1Y28          LUT3 (Prop_lut3_I1_O)        0.124     9.004 r  Debounce_Inst_Start/btn_stable_i_1__1/O
                         net (fo=1, routed)           0.000     9.004    Debounce_Inst_Start/btn_stable_i_1__1_n_0
    SLICE_X1Y28          FDRE                                         r  Debounce_Inst_Start/btn_stable_reg/D
  -------------------------------------------------------------------    -------------------

                         (clock sys_clk_pin rise edge)
                                                     10.000    10.000 r  
    E3                                                0.000    10.000 r  clk (IN)
                         net (fo=0)                   0.000    10.000    clk
    E3                   IBUF (Prop_ibuf_I_O)         1.418    11.418 r  clk_IBUF_inst/O
                         net (fo=1, routed)           1.862    13.280    clk_IBUF
    BUFGCTRL_X0Y16       BUFG (Prop_bufg_I_O)         0.091    13.371 r  clk_IBUF_BUFG_inst/O
                         net (fo=142, routed)         1.510    14.882    Debounce_Inst_Start/CLK
    SLICE_X1Y28          FDRE                                         r  Debounce_Inst_Start/btn_stable_reg/C
                         clock pessimism              0.273    15.155    
                         clock uncertainty           -0.035    15.119    
    SLICE_X1Y28          FDRE (Setup_fdre_C_D)        0.031    15.150    Debounce_Inst_Start/btn_stable_reg
  -------------------------------------------------------------------
                         required time                         15.150    
                         arrival time                          -9.004    
  -------------------------------------------------------------------
                         slack                                  6.146    

Slack (MET) :             6.363ns  (required time - arrival time)
  Source:                 Booth_Core/UC/FSM_onehot_current_state_reg[3]/C
                            (rising edge-triggered cell FDRE clocked by sys_clk_pin  {rise@0.000ns fall@5.000ns period=10.000ns})
  Destination:            Booth_Core/UO/reg_A/temp_reg[7]/D
                            (rising edge-triggered cell FDRE clocked by sys_clk_pin  {rise@0.000ns fall@5.000ns period=10.000ns})
  Path Group:             sys_clk_pin
  Path Type:              Setup (Max at Slow Process Corner)
  Requirement:            10.000ns  (sys_clk_pin rise@10.000ns - sys_clk_pin rise@0.000ns)
  Data Path Delay:        3.609ns  (logic 1.014ns (28.093%)  route 2.595ns (71.907%))
  Logic Levels:           4  (LUT5=1 LUT6=3)
  Clock Path Skew:        -0.024ns (DCD - SCD + CPR)
    Destination Clock Delay (DCD):    4.877ns = ( 14.877 - 10.000 ) 
    Source Clock Delay      (SCD):    5.174ns
    Clock Pessimism Removal (CPR):    0.273ns
  Clock Uncertainty:      0.035ns  ((TSJ^2 + TIJ^2)^1/2 + DJ) / 2 + PE
    Total System Jitter     (TSJ):    0.071ns
    Total Input Jitter      (TIJ):    0.000ns
    Discrete Jitter          (DJ):    0.000ns
    Phase Error              (PE):    0.000ns

    Location             Delay type                Incr(ns)  Path(ns)    Netlist Resource(s)
  -------------------------------------------------------------------    -------------------
                         (clock sys_clk_pin rise edge)
                                                      0.000     0.000 r  
    E3                                                0.000     0.000 r  clk (IN)
                         net (fo=0)                   0.000     0.000    clk
    E3                   IBUF (Prop_ibuf_I_O)         1.489     1.489 r  clk_IBUF_inst/O
                         net (fo=1, routed)           1.967     3.455    clk_IBUF
    BUFGCTRL_X0Y16       BUFG (Prop_bufg_I_O)         0.096     3.551 r  clk_IBUF_BUFG_inst/O
                         net (fo=142, routed)         1.622     5.174    Booth_Core/UC/CLK
    SLICE_X2Y26          FDRE                                         r  Booth_Core/UC/FSM_onehot_current_state_reg[3]/C
  -------------------------------------------------------------------    -------------------
    SLICE_X2Y26          FDRE (Prop_fdre_C_Q)         0.518     5.692 r  Booth_Core/UC/FSM_onehot_current_state_reg[3]/Q
                         net (fo=18, routed)          1.355     7.047    Booth_Core/UO/reg_M/temp_reg[6][1]
    SLICE_X2Y24          LUT5 (Prop_lut5_I1_O)        0.124     7.171 r  Booth_Core/UO/reg_M/temp[2]_i_2/O
                         net (fo=3, routed)           0.594     7.765    Booth_Core/UO/reg_M/ADDER/RA/temp_1
    SLICE_X4Y25          LUT6 (Prop_lut6_I5_O)        0.124     7.889 r  Booth_Core/UO/reg_M/temp[4]_i_2/O
                         net (fo=3, routed)           0.341     8.230    Booth_Core/UO/reg_M/ADDER/RA/temp_3
    SLICE_X2Y25          LUT6 (Prop_lut6_I5_O)        0.124     8.354 r  Booth_Core/UO/reg_M/temp[7]_i_4/O
                         net (fo=2, routed)           0.305     8.659    Booth_Core/UO/reg_M/ADDER/RA/temp_5
    SLICE_X3Y25          LUT6 (Prop_lut6_I0_O)        0.124     8.783 r  Booth_Core/UO/reg_M/temp[7]_i_3/O
                         net (fo=1, routed)           0.000     8.783    Booth_Core/UO/reg_A/D[5]
    SLICE_X3Y25          FDRE                                         r  Booth_Core/UO/reg_A/temp_reg[7]/D
  -------------------------------------------------------------------    -------------------

                         (clock sys_clk_pin rise edge)
                                                     10.000    10.000 r  
    E3                                                0.000    10.000 r  clk (IN)
                         net (fo=0)                   0.000    10.000    clk
    E3                   IBUF (Prop_ibuf_I_O)         1.418    11.418 r  clk_IBUF_inst/O
                         net (fo=1, routed)           1.862    13.280    clk_IBUF
    BUFGCTRL_X0Y16       BUFG (Prop_bufg_I_O)         0.091    13.371 r  clk_IBUF_BUFG_inst/O
                         net (fo=142, routed)         1.505    14.877    Booth_Core/UO/reg_A/CLK
    SLICE_X3Y25          FDRE                                         r  Booth_Core/UO/reg_A/temp_reg[7]/C
                         clock pessimism              0.273    15.150    
                         clock uncertainty           -0.035    15.114    
    SLICE_X3Y25          FDRE (Setup_fdre_C_D)        0.032    15.146    Booth_Core/UO/reg_A/temp_reg[7]
  -------------------------------------------------------------------
                         required time                         15.146    
                         arrival time                          -8.783    
  -------------------------------------------------------------------
                         slack                                  6.363    

Slack (MET) :             6.367ns  (required time - arrival time)
  Source:                 Booth_Core/UC/FSM_onehot_current_state_reg[3]/C
                            (rising edge-triggered cell FDRE clocked by sys_clk_pin  {rise@0.000ns fall@5.000ns period=10.000ns})
  Destination:            Booth_Core/UO/reg_A/temp_reg[6]/D
                            (rising edge-triggered cell FDRE clocked by sys_clk_pin  {rise@0.000ns fall@5.000ns period=10.000ns})
  Path Group:             sys_clk_pin
  Path Type:              Setup (Max at Slow Process Corner)
  Requirement:            10.000ns  (sys_clk_pin rise@10.000ns - sys_clk_pin rise@0.000ns)
  Data Path Delay:        3.604ns  (logic 1.014ns (28.132%)  route 2.590ns (71.868%))
  Logic Levels:           4  (LUT5=1 LUT6=3)
  Clock Path Skew:        -0.024ns (DCD - SCD + CPR)
    Destination Clock Delay (DCD):    4.877ns = ( 14.877 - 10.000 ) 
    Source Clock Delay      (SCD):    5.174ns
    Clock Pessimism Removal (CPR):    0.273ns
  Clock Uncertainty:      0.035ns  ((TSJ^2 + TIJ^2)^1/2 + DJ) / 2 + PE
    Total System Jitter     (TSJ):    0.071ns
    Total Input Jitter      (TIJ):    0.000ns
    Discrete Jitter          (DJ):    0.000ns
    Phase Error              (PE):    0.000ns

    Location             Delay type                Incr(ns)  Path(ns)    Netlist Resource(s)
  -------------------------------------------------------------------    -------------------
                         (clock sys_clk_pin rise edge)
                                                      0.000     0.000 r  
    E3                                                0.000     0.000 r  clk (IN)
                         net (fo=0)                   0.000     0.000    clk
    E3                   IBUF (Prop_ibuf_I_O)         1.489     1.489 r  clk_IBUF_inst/O
                         net (fo=1, routed)           1.967     3.455    clk_IBUF
    BUFGCTRL_X0Y16       BUFG (Prop_bufg_I_O)         0.096     3.551 r  clk_IBUF_BUFG_inst/O
                         net (fo=142, routed)         1.622     5.174    Booth_Core/UC/CLK
    SLICE_X2Y26          FDRE                                         r  Booth_Core/UC/FSM_onehot_current_state_reg[3]/C
  -------------------------------------------------------------------    -------------------
    SLICE_X2Y26          FDRE (Prop_fdre_C_Q)         0.518     5.692 r  Booth_Core/UC/FSM_onehot_current_state_reg[3]/Q
                         net (fo=18, routed)          1.355     7.047    Booth_Core/UO/reg_M/temp_reg[6][1]
    SLICE_X2Y24          LUT5 (Prop_lut5_I1_O)        0.124     7.171 r  Booth_Core/UO/reg_M/temp[2]_i_2/O
                         net (fo=3, routed)           0.594     7.765    Booth_Core/UO/reg_M/ADDER/RA/temp_1
    SLICE_X4Y25          LUT6 (Prop_lut6_I5_O)        0.124     7.889 r  Booth_Core/UO/reg_M/temp[4]_i_2/O
                         net (fo=3, routed)           0.341     8.230    Booth_Core/UO/reg_M/ADDER/RA/temp_3
    SLICE_X2Y25          LUT6 (Prop_lut6_I5_O)        0.124     8.354 r  Booth_Core/UO/reg_M/temp[7]_i_4/O
                         net (fo=2, routed)           0.300     8.654    Booth_Core/UO/reg_M/ADDER/RA/temp_5
    SLICE_X3Y25          LUT6 (Prop_lut6_I0_O)        0.124     8.778 r  Booth_Core/UO/reg_M/temp[6]_i_1/O
                         net (fo=1, routed)           0.000     8.778    Booth_Core/UO/reg_A/D[4]
    SLICE_X3Y25          FDRE                                         r  Booth_Core/UO/reg_A/temp_reg[6]/D
  -------------------------------------------------------------------    -------------------

                         (clock sys_clk_pin rise edge)
                                                     10.000    10.000 r  
    E3                                                0.000    10.000 r  clk (IN)
                         net (fo=0)                   0.000    10.000    clk
    E3                   IBUF (Prop_ibuf_I_O)         1.418    11.418 r  clk_IBUF_inst/O
                         net (fo=1, routed)           1.862    13.280    clk_IBUF
    BUFGCTRL_X0Y16       BUFG (Prop_bufg_I_O)         0.091    13.371 r  clk_IBUF_BUFG_inst/O
                         net (fo=142, routed)         1.505    14.877    Booth_Core/UO/reg_A/CLK
    SLICE_X3Y25          FDRE                                         r  Booth_Core/UO/reg_A/temp_reg[6]/C
                         clock pessimism              0.273    15.150    
                         clock uncertainty           -0.035    15.114    
    SLICE_X3Y25          FDRE (Setup_fdre_C_D)        0.031    15.145    Booth_Core/UO/reg_A/temp_reg[6]
  -------------------------------------------------------------------
                         required time                         15.145    
                         arrival time                          -8.778    
  -------------------------------------------------------------------
                         slack                                  6.367    

Slack (MET) :             6.451ns  (required time - arrival time)
  Source:                 Debounce_Inst_A/counter_reg[6]/C
                            (rising edge-triggered cell FDRE clocked by sys_clk_pin  {rise@0.000ns fall@5.000ns period=10.000ns})
  Destination:            Debounce_Inst_A/btn_stable_reg/D
                            (rising edge-triggered cell FDRE clocked by sys_clk_pin  {rise@0.000ns fall@5.000ns period=10.000ns})
  Path Group:             sys_clk_pin
  Path Type:              Setup (Max at Slow Process Corner)
  Requirement:            10.000ns  (sys_clk_pin rise@10.000ns - sys_clk_pin rise@0.000ns)
  Data Path Delay:        3.522ns  (logic 1.334ns (37.873%)  route 2.188ns (62.127%))
  Logic Levels:           4  (CARRY4=2 LUT2=1 LUT3=1)
  Clock Path Skew:        -0.020ns (DCD - SCD + CPR)
    Destination Clock Delay (DCD):    4.880ns = ( 14.880 - 10.000 ) 
    Source Clock Delay      (SCD):    5.172ns
    Clock Pessimism Removal (CPR):    0.272ns
  Clock Uncertainty:      0.035ns  ((TSJ^2 + TIJ^2)^1/2 + DJ) / 2 + PE
    Total System Jitter     (TSJ):    0.071ns
    Total Input Jitter      (TIJ):    0.000ns
    Discrete Jitter          (DJ):    0.000ns
    Phase Error              (PE):    0.000ns

    Location             Delay type                Incr(ns)  Path(ns)    Netlist Resource(s)
  -------------------------------------------------------------------    -------------------
                         (clock sys_clk_pin rise edge)
                                                      0.000     0.000 r  
    E3                                                0.000     0.000 r  clk (IN)
                         net (fo=0)                   0.000     0.000    clk
    E3                   IBUF (Prop_ibuf_I_O)         1.489     1.489 r  clk_IBUF_inst/O
                         net (fo=1, routed)           1.967     3.455    clk_IBUF
    BUFGCTRL_X0Y16       BUFG (Prop_bufg_I_O)         0.096     3.551 r  clk_IBUF_BUFG_inst/O
                         net (fo=142, routed)         1.620     5.172    Debounce_Inst_A/CLK
    SLICE_X5Y27          FDRE                                         r  Debounce_Inst_A/counter_reg[6]/C
  -------------------------------------------------------------------    -------------------
    SLICE_X5Y27          FDRE (Prop_fdre_C_Q)         0.456     5.628 f  Debounce_Inst_A/counter_reg[6]/Q
                         net (fo=2, routed)           0.948     6.576    Debounce_Inst_A/counter_reg[6]
    SLICE_X6Y28          LUT2 (Prop_lut2_I1_O)        0.124     6.700 r  Debounce_Inst_A/counter0_carry_i_6/O
                         net (fo=1, routed)           0.000     6.700    Debounce_Inst_A/counter0_carry_i_6_n_0
    SLICE_X6Y28          CARRY4 (Prop_carry4_S[0]_CO[3])
                                                      0.513     7.213 r  Debounce_Inst_A/counter0_carry/CO[3]
                         net (fo=1, routed)           0.000     7.213    Debounce_Inst_A/counter0_carry_n_0
    SLICE_X6Y29          CARRY4 (Prop_carry4_CI_CO[3])
                                                      0.117     7.330 f  Debounce_Inst_A/counter0_carry__0/CO[3]
                         net (fo=22, routed)          1.240     8.570    Debounce_Inst_A/counter0_carry__0_n_0
    SLICE_X4Y28          LUT3 (Prop_lut3_I1_O)        0.124     8.694 r  Debounce_Inst_A/btn_stable_i_1/O
                         net (fo=1, routed)           0.000     8.694    Debounce_Inst_A/btn_stable_i_1_n_0
    SLICE_X4Y28          FDRE                                         r  Debounce_Inst_A/btn_stable_reg/D
  -------------------------------------------------------------------    -------------------

                         (clock sys_clk_pin rise edge)
                                                     10.000    10.000 r  
    E3                                                0.000    10.000 r  clk (IN)
                         net (fo=0)                   0.000    10.000    clk
    E3                   IBUF (Prop_ibuf_I_O)         1.418    11.418 r  clk_IBUF_inst/O
                         net (fo=1, routed)           1.862    13.280    clk_IBUF
    BUFGCTRL_X0Y16       BUFG (Prop_bufg_I_O)         0.091    13.371 r  clk_IBUF_BUFG_inst/O
                         net (fo=142, routed)         1.508    14.880    Debounce_Inst_A/CLK
    SLICE_X4Y28          FDRE                                         r  Debounce_Inst_A/btn_stable_reg/C
                         clock pessimism              0.272    15.152    
                         clock uncertainty           -0.035    15.116    
    SLICE_X4Y28          FDRE (Setup_fdre_C_D)        0.029    15.145    Debounce_Inst_A/btn_stable_reg
  -------------------------------------------------------------------
                         required time                         15.145    
                         arrival time                          -8.694    
  -------------------------------------------------------------------
                         slack                                  6.451    

Slack (MET) :             6.474ns  (required time - arrival time)
  Source:                 Booth_Core/UC/FSM_onehot_current_state_reg[3]/C
                            (rising edge-triggered cell FDRE clocked by sys_clk_pin  {rise@0.000ns fall@5.000ns period=10.000ns})
  Destination:            Booth_Core/UO/reg_A/temp_reg[4]/D
                            (rising edge-triggered cell FDRE clocked by sys_clk_pin  {rise@0.000ns fall@5.000ns period=10.000ns})
  Path Group:             sys_clk_pin
  Path Type:              Setup (Max at Slow Process Corner)
  Requirement:            10.000ns  (sys_clk_pin rise@10.000ns - sys_clk_pin rise@0.000ns)
  Data Path Delay:        3.481ns  (logic 0.890ns (25.565%)  route 2.591ns (74.435%))
  Logic Levels:           3  (LUT5=1 LUT6=2)
  Clock Path Skew:        -0.040ns (DCD - SCD + CPR)
    Destination Clock Delay (DCD):    4.875ns = ( 14.875 - 10.000 ) 
    Source Clock Delay      (SCD):    5.174ns
    Clock Pessimism Removal (CPR):    0.259ns
  Clock Uncertainty:      0.035ns  ((TSJ^2 + TIJ^2)^1/2 + DJ) / 2 + PE
    Total System Jitter     (TSJ):    0.071ns
    Total Input Jitter      (TIJ):    0.000ns
    Discrete Jitter          (DJ):    0.000ns
    Phase Error              (PE):    0.000ns

    Location             Delay type                Incr(ns)  Path(ns)    Netlist Resource(s)
  -------------------------------------------------------------------    -------------------
                         (clock sys_clk_pin rise edge)
                                                      0.000     0.000 r  
    E3                                                0.000     0.000 r  clk (IN)
                         net (fo=0)                   0.000     0.000    clk
    E3                   IBUF (Prop_ibuf_I_O)         1.489     1.489 r  clk_IBUF_inst/O
                         net (fo=1, routed)           1.967     3.455    clk_IBUF
    BUFGCTRL_X0Y16       BUFG (Prop_bufg_I_O)         0.096     3.551 r  clk_IBUF_BUFG_inst/O
                         net (fo=142, routed)         1.622     5.174    Booth_Core/UC/CLK
    SLICE_X2Y26          FDRE                                         r  Booth_Core/UC/FSM_onehot_current_state_reg[3]/C
  -------------------------------------------------------------------    -------------------
    SLICE_X2Y26          FDRE (Prop_fdre_C_Q)         0.518     5.692 r  Booth_Core/UC/FSM_onehot_current_state_reg[3]/Q
                         net (fo=18, routed)          1.355     7.047    Booth_Core/UO/reg_M/temp_reg[6][1]
    SLICE_X2Y24          LUT5 (Prop_lut5_I1_O)        0.124     7.171 r  Booth_Core/UO/reg_M/temp[2]_i_2/O
                         net (fo=3, routed)           0.594     7.765    Booth_Core/UO/reg_M/ADDER/RA/temp_1
    SLICE_X4Y25          LUT6 (Prop_lut6_I5_O)        0.124     7.889 r  Booth_Core/UO/reg_M/temp[4]_i_2/O
                         net (fo=3, routed)           0.642     8.531    Booth_Core/UO/reg_M/ADDER/RA/temp_3
    SLICE_X5Y25          LUT6 (Prop_lut6_I0_O)        0.124     8.655 r  Booth_Core/UO/reg_M/temp[4]_i_1/O
                         net (fo=1, routed)           0.000     8.655    Booth_Core/UO/reg_A/D[2]
    SLICE_X5Y25          FDRE                                         r  Booth_Core/UO/reg_A/temp_reg[4]/D
  -------------------------------------------------------------------    -------------------

                         (clock sys_clk_pin rise edge)
                                                     10.000    10.000 r  
    E3                                                0.000    10.000 r  clk (IN)
                         net (fo=0)                   0.000    10.000    clk
    E3                   IBUF (Prop_ibuf_I_O)         1.418    11.418 r  clk_IBUF_inst/O
                         net (fo=1, routed)           1.862    13.280    clk_IBUF
    BUFGCTRL_X0Y16       BUFG (Prop_bufg_I_O)         0.091    13.371 r  clk_IBUF_BUFG_inst/O
                         net (fo=142, routed)         1.503    14.875    Booth_Core/UO/reg_A/CLK
    SLICE_X5Y25          FDRE                                         r  Booth_Core/UO/reg_A/temp_reg[4]/C
                         clock pessimism              0.259    15.134    
                         clock uncertainty           -0.035    15.098    
    SLICE_X5Y25          FDRE (Setup_fdre_C_D)        0.031    15.129    Booth_Core/UO/reg_A/temp_reg[4]
  -------------------------------------------------------------------
                         required time                         15.129    
                         arrival time                          -8.655    
  -------------------------------------------------------------------
                         slack                                  6.474    

Slack (MET) :             6.513ns  (required time - arrival time)
  Source:                 Booth_Core/UC/FSM_onehot_current_state_reg[3]/C
                            (rising edge-triggered cell FDRE clocked by sys_clk_pin  {rise@0.000ns fall@5.000ns period=10.000ns})
  Destination:            Booth_Core/UO/reg_A/temp_reg[5]/D
                            (rising edge-triggered cell FDRE clocked by sys_clk_pin  {rise@0.000ns fall@5.000ns period=10.000ns})
  Path Group:             sys_clk_pin
  Path Type:              Setup (Max at Slow Process Corner)
  Requirement:            10.000ns  (sys_clk_pin rise@10.000ns - sys_clk_pin rise@0.000ns)
  Data Path Delay:        3.443ns  (logic 1.014ns (29.449%)  route 2.429ns (70.551%))
  Logic Levels:           4  (LUT4=1 LUT5=1 LUT6=2)
  Clock Path Skew:        -0.040ns (DCD - SCD + CPR)
    Destination Clock Delay (DCD):    4.875ns = ( 14.875 - 10.000 ) 
    Source Clock Delay      (SCD):    5.174ns
    Clock Pessimism Removal (CPR):    0.259ns
  Clock Uncertainty:      0.035ns  ((TSJ^2 + TIJ^2)^1/2 + DJ) / 2 + PE
    Total System Jitter     (TSJ):    0.071ns
    Total Input Jitter      (TIJ):    0.000ns
    Discrete Jitter          (DJ):    0.000ns
    Phase Error              (PE):    0.000ns

    Location             Delay type                Incr(ns)  Path(ns)    Netlist Resource(s)
  -------------------------------------------------------------------    -------------------
                         (clock sys_clk_pin rise edge)
                                                      0.000     0.000 r  
    E3                                                0.000     0.000 r  clk (IN)
                         net (fo=0)                   0.000     0.000    clk
    E3                   IBUF (Prop_ibuf_I_O)         1.489     1.489 r  clk_IBUF_inst/O
                         net (fo=1, routed)           1.967     3.455    clk_IBUF
    BUFGCTRL_X0Y16       BUFG (Prop_bufg_I_O)         0.096     3.551 r  clk_IBUF_BUFG_inst/O
                         net (fo=142, routed)         1.622     5.174    Booth_Core/UC/CLK
    SLICE_X2Y26          FDRE                                         r  Booth_Core/UC/FSM_onehot_current_state_reg[3]/C
  -------------------------------------------------------------------    -------------------
    SLICE_X2Y26          FDRE (Prop_fdre_C_Q)         0.518     5.692 r  Booth_Core/UC/FSM_onehot_current_state_reg[3]/Q
                         net (fo=18, routed)          1.355     7.047    Booth_Core/UO/reg_M/temp_reg[6][1]
    SLICE_X2Y24          LUT5 (Prop_lut5_I1_O)        0.124     7.171 r  Booth_Core/UO/reg_M/temp[2]_i_2/O
                         net (fo=3, routed)           0.594     7.765    Booth_Core/UO/reg_M/ADDER/RA/temp_1
    SLICE_X4Y25          LUT6 (Prop_lut6_I5_O)        0.124     7.889 r  Booth_Core/UO/reg_M/temp[4]_i_2/O
                         net (fo=3, routed)           0.184     8.073    Booth_Core/UO/reg_M/ADDER/RA/temp_3
    SLICE_X4Y25          LUT4 (Prop_lut4_I3_O)        0.124     8.197 r  Booth_Core/UO/reg_M/temp[5]_i_2/O
                         net (fo=1, routed)           0.296     8.493    Booth_Core/UO/reg_M/ADDER/RA/temp_4
    SLICE_X5Y25          LUT6 (Prop_lut6_I0_O)        0.124     8.617 r  Booth_Core/UO/reg_M/temp[5]_i_1/O
                         net (fo=1, routed)           0.000     8.617    Booth_Core/UO/reg_A/D[3]
    SLICE_X5Y25          FDRE                                         r  Booth_Core/UO/reg_A/temp_reg[5]/D
  -------------------------------------------------------------------    -------------------

                         (clock sys_clk_pin rise edge)
                                                     10.000    10.000 r  
    E3                                                0.000    10.000 r  clk (IN)
                         net (fo=0)                   0.000    10.000    clk
    E3                   IBUF (Prop_ibuf_I_O)         1.418    11.418 r  clk_IBUF_inst/O
                         net (fo=1, routed)           1.862    13.280    clk_IBUF
    BUFGCTRL_X0Y16       BUFG (Prop_bufg_I_O)         0.091    13.371 r  clk_IBUF_BUFG_inst/O
                         net (fo=142, routed)         1.503    14.875    Booth_Core/UO/reg_A/CLK
    SLICE_X5Y25          FDRE                                         r  Booth_Core/UO/reg_A/temp_reg[5]/C
                         clock pessimism              0.259    15.134    
                         clock uncertainty           -0.035    15.098    
    SLICE_X5Y25          FDRE (Setup_fdre_C_D)        0.032    15.130    Booth_Core/UO/reg_A/temp_reg[5]
  -------------------------------------------------------------------
                         required time                         15.130    
                         arrival time                          -8.617    
  -------------------------------------------------------------------
                         slack                                  6.513    

Slack (MET) :             6.558ns  (required time - arrival time)
  Source:                 Debounce_Inst_Start/counter_reg[15]/C
                            (rising edge-triggered cell FDRE clocked by sys_clk_pin  {rise@0.000ns fall@5.000ns period=10.000ns})
  Destination:            Debounce_Inst_Start/counter_reg[4]/CE
                            (rising edge-triggered cell FDRE clocked by sys_clk_pin  {rise@0.000ns fall@5.000ns period=10.000ns})
  Path Group:             sys_clk_pin
  Path Type:              Setup (Max at Slow Process Corner)
  Requirement:            10.000ns  (sys_clk_pin rise@10.000ns - sys_clk_pin rise@0.000ns)
  Data Path Delay:        3.364ns  (logic 1.093ns (32.486%)  route 2.271ns (67.514%))
  Logic Levels:           2  (CARRY4=1 LUT2=1)
  Clock Path Skew:        -0.026ns (DCD - SCD + CPR)
    Destination Clock Delay (DCD):    4.880ns = ( 14.880 - 10.000 ) 
    Source Clock Delay      (SCD):    5.179ns
    Clock Pessimism Removal (CPR):    0.273ns
  Clock Uncertainty:      0.035ns  ((TSJ^2 + TIJ^2)^1/2 + DJ) / 2 + PE
    Total System Jitter     (TSJ):    0.071ns
    Total Input Jitter      (TIJ):    0.000ns
    Discrete Jitter          (DJ):    0.000ns
    Phase Error              (PE):    0.000ns

    Location             Delay type                Incr(ns)  Path(ns)    Netlist Resource(s)
  -------------------------------------------------------------------    -------------------
                         (clock sys_clk_pin rise edge)
                                                      0.000     0.000 r  
    E3                                                0.000     0.000 r  clk (IN)
                         net (fo=0)                   0.000     0.000    clk
    E3                   IBUF (Prop_ibuf_I_O)         1.489     1.489 r  clk_IBUF_inst/O
                         net (fo=1, routed)           1.967     3.455    clk_IBUF
    BUFGCTRL_X0Y16       BUFG (Prop_bufg_I_O)         0.096     3.551 r  clk_IBUF_BUFG_inst/O
                         net (fo=142, routed)         1.627     5.179    Debounce_Inst_Start/CLK
    SLICE_X0Y29          FDRE                                         r  Debounce_Inst_Start/counter_reg[15]/C
  -------------------------------------------------------------------    -------------------
    SLICE_X0Y29          FDRE (Prop_fdre_C_Q)         0.456     5.635 r  Debounce_Inst_Start/counter_reg[15]/Q
                         net (fo=3, routed)           1.295     6.929    Debounce_Inst_Start/counter_reg[15]
    SLICE_X2Y29          LUT2 (Prop_lut2_I0_O)        0.124     7.053 r  Debounce_Inst_Start/counter0_carry__0_i_7__1/O
                         net (fo=1, routed)           0.000     7.053    Debounce_Inst_Start/counter0_carry__0_i_7__1_n_0
    SLICE_X2Y29          CARRY4 (Prop_carry4_S[0]_CO[3])
                                                      0.513     7.566 r  Debounce_Inst_Start/counter0_carry__0/CO[3]
                         net (fo=22, routed)          0.977     8.543    Debounce_Inst_Start/counter0_carry__0_n_0
    SLICE_X0Y27          FDRE                                         r  Debounce_Inst_Start/counter_reg[4]/CE
  -------------------------------------------------------------------    -------------------

                         (clock sys_clk_pin rise edge)
                                                     10.000    10.000 r  
    E3                                                0.000    10.000 r  clk (IN)
                         net (fo=0)                   0.000    10.000    clk
    E3                   IBUF (Prop_ibuf_I_O)         1.418    11.418 r  clk_IBUF_inst/O
                         net (fo=1, routed)           1.862    13.280    clk_IBUF
    BUFGCTRL_X0Y16       BUFG (Prop_bufg_I_O)         0.091    13.371 r  clk_IBUF_BUFG_inst/O
                         net (fo=142, routed)         1.508    14.880    Debounce_Inst_Start/CLK
    SLICE_X0Y27          FDRE                                         r  Debounce_Inst_Start/counter_reg[4]/C
                         clock pessimism              0.273    15.153    
                         clock uncertainty           -0.035    15.117    
    SLICE_X0Y27          FDRE (Setup_fdre_C_CE)      -0.016    15.101    Debounce_Inst_Start/counter_reg[4]
  -------------------------------------------------------------------
                         required time                         15.101    
                         arrival time                          -8.543    
  -------------------------------------------------------------------
                         slack                                  6.558    

Slack (MET) :             6.558ns  (required time - arrival time)
  Source:                 Debounce_Inst_Start/counter_reg[15]/C
                            (rising edge-triggered cell FDRE clocked by sys_clk_pin  {rise@0.000ns fall@5.000ns period=10.000ns})
  Destination:            Debounce_Inst_Start/counter_reg[5]/CE
                            (rising edge-triggered cell FDRE clocked by sys_clk_pin  {rise@0.000ns fall@5.000ns period=10.000ns})
  Path Group:             sys_clk_pin
  Path Type:              Setup (Max at Slow Process Corner)
  Requirement:            10.000ns  (sys_clk_pin rise@10.000ns - sys_clk_pin rise@0.000ns)
  Data Path Delay:        3.364ns  (logic 1.093ns (32.486%)  route 2.271ns (67.514%))
  Logic Levels:           2  (CARRY4=1 LUT2=1)
  Clock Path Skew:        -0.026ns (DCD - SCD + CPR)
    Destination Clock Delay (DCD):    4.880ns = ( 14.880 - 10.000 ) 
    Source Clock Delay      (SCD):    5.179ns
    Clock Pessimism Removal (CPR):    0.273ns
  Clock Uncertainty:      0.035ns  ((TSJ^2 + TIJ^2)^1/2 + DJ) / 2 + PE
    Total System Jitter     (TSJ):    0.071ns
    Total Input Jitter      (TIJ):    0.000ns
    Discrete Jitter          (DJ):    0.000ns
    Phase Error              (PE):    0.000ns

    Location             Delay type                Incr(ns)  Path(ns)    Netlist Resource(s)
  -------------------------------------------------------------------    -------------------
                         (clock sys_clk_pin rise edge)
                                                      0.000     0.000 r  
    E3                                                0.000     0.000 r  clk (IN)
                         net (fo=0)                   0.000     0.000    clk
    E3                   IBUF (Prop_ibuf_I_O)         1.489     1.489 r  clk_IBUF_inst/O
                         net (fo=1, routed)           1.967     3.455    clk_IBUF
    BUFGCTRL_X0Y16       BUFG (Prop_bufg_I_O)         0.096     3.551 r  clk_IBUF_BUFG_inst/O
                         net (fo=142, routed)         1.627     5.179    Debounce_Inst_Start/CLK
    SLICE_X0Y29          FDRE                                         r  Debounce_Inst_Start/counter_reg[15]/C
  -------------------------------------------------------------------    -------------------
    SLICE_X0Y29          FDRE (Prop_fdre_C_Q)         0.456     5.635 r  Debounce_Inst_Start/counter_reg[15]/Q
                         net (fo=3, routed)           1.295     6.929    Debounce_Inst_Start/counter_reg[15]
    SLICE_X2Y29          LUT2 (Prop_lut2_I0_O)        0.124     7.053 r  Debounce_Inst_Start/counter0_carry__0_i_7__1/O
                         net (fo=1, routed)           0.000     7.053    Debounce_Inst_Start/counter0_carry__0_i_7__1_n_0
    SLICE_X2Y29          CARRY4 (Prop_carry4_S[0]_CO[3])
                                                      0.513     7.566 r  Debounce_Inst_Start/counter0_carry__0/CO[3]
                         net (fo=22, routed)          0.977     8.543    Debounce_Inst_Start/counter0_carry__0_n_0
    SLICE_X0Y27          FDRE                                         r  Debounce_Inst_Start/counter_reg[5]/CE
  -------------------------------------------------------------------    -------------------

                         (clock sys_clk_pin rise edge)
                                                     10.000    10.000 r  
    E3                                                0.000    10.000 r  clk (IN)
                         net (fo=0)                   0.000    10.000    clk
    E3                   IBUF (Prop_ibuf_I_O)         1.418    11.418 r  clk_IBUF_inst/O
                         net (fo=1, routed)           1.862    13.280    clk_IBUF
    BUFGCTRL_X0Y16       BUFG (Prop_bufg_I_O)         0.091    13.371 r  clk_IBUF_BUFG_inst/O
                         net (fo=142, routed)         1.508    14.880    Debounce_Inst_Start/CLK
    SLICE_X0Y27          FDRE                                         r  Debounce_Inst_Start/counter_reg[5]/C
                         clock pessimism              0.273    15.153    
                         clock uncertainty           -0.035    15.117    
    SLICE_X0Y27          FDRE (Setup_fdre_C_CE)      -0.016    15.101    Debounce_Inst_Start/counter_reg[5]
  -------------------------------------------------------------------
                         required time                         15.101    
                         arrival time                          -8.543    
  -------------------------------------------------------------------
                         slack                                  6.558    

Slack (MET) :             6.558ns  (required time - arrival time)
  Source:                 Debounce_Inst_Start/counter_reg[15]/C
                            (rising edge-triggered cell FDRE clocked by sys_clk_pin  {rise@0.000ns fall@5.000ns period=10.000ns})
  Destination:            Debounce_Inst_Start/counter_reg[6]/CE
                            (rising edge-triggered cell FDRE clocked by sys_clk_pin  {rise@0.000ns fall@5.000ns period=10.000ns})
  Path Group:             sys_clk_pin
  Path Type:              Setup (Max at Slow Process Corner)
  Requirement:            10.000ns  (sys_clk_pin rise@10.000ns - sys_clk_pin rise@0.000ns)
  Data Path Delay:        3.364ns  (logic 1.093ns (32.486%)  route 2.271ns (67.514%))
  Logic Levels:           2  (CARRY4=1 LUT2=1)
  Clock Path Skew:        -0.026ns (DCD - SCD + CPR)
    Destination Clock Delay (DCD):    4.880ns = ( 14.880 - 10.000 ) 
    Source Clock Delay      (SCD):    5.179ns
    Clock Pessimism Removal (CPR):    0.273ns
  Clock Uncertainty:      0.035ns  ((TSJ^2 + TIJ^2)^1/2 + DJ) / 2 + PE
    Total System Jitter     (TSJ):    0.071ns
    Total Input Jitter      (TIJ):    0.000ns
    Discrete Jitter          (DJ):    0.000ns
    Phase Error              (PE):    0.000ns

    Location             Delay type                Incr(ns)  Path(ns)    Netlist Resource(s)
  -------------------------------------------------------------------    -------------------
                         (clock sys_clk_pin rise edge)
                                                      0.000     0.000 r  
    E3                                                0.000     0.000 r  clk (IN)
                         net (fo=0)                   0.000     0.000    clk
    E3                   IBUF (Prop_ibuf_I_O)         1.489     1.489 r  clk_IBUF_inst/O
                         net (fo=1, routed)           1.967     3.455    clk_IBUF
    BUFGCTRL_X0Y16       BUFG (Prop_bufg_I_O)         0.096     3.551 r  clk_IBUF_BUFG_inst/O
                         net (fo=142, routed)         1.627     5.179    Debounce_Inst_Start/CLK
    SLICE_X0Y29          FDRE                                         r  Debounce_Inst_Start/counter_reg[15]/C
  -------------------------------------------------------------------    -------------------
    SLICE_X0Y29          FDRE (Prop_fdre_C_Q)         0.456     5.635 r  Debounce_Inst_Start/counter_reg[15]/Q
                         net (fo=3, routed)           1.295     6.929    Debounce_Inst_Start/counter_reg[15]
    SLICE_X2Y29          LUT2 (Prop_lut2_I0_O)        0.124     7.053 r  Debounce_Inst_Start/counter0_carry__0_i_7__1/O
                         net (fo=1, routed)           0.000     7.053    Debounce_Inst_Start/counter0_carry__0_i_7__1_n_0
    SLICE_X2Y29          CARRY4 (Prop_carry4_S[0]_CO[3])
                                                      0.513     7.566 r  Debounce_Inst_Start/counter0_carry__0/CO[3]
                         net (fo=22, routed)          0.977     8.543    Debounce_Inst_Start/counter0_carry__0_n_0
    SLICE_X0Y27          FDRE                                         r  Debounce_Inst_Start/counter_reg[6]/CE
  -------------------------------------------------------------------    -------------------

                         (clock sys_clk_pin rise edge)
                                                     10.000    10.000 r  
    E3                                                0.000    10.000 r  clk (IN)
                         net (fo=0)                   0.000    10.000    clk
    E3                   IBUF (Prop_ibuf_I_O)         1.418    11.418 r  clk_IBUF_inst/O
                         net (fo=1, routed)           1.862    13.280    clk_IBUF
    BUFGCTRL_X0Y16       BUFG (Prop_bufg_I_O)         0.091    13.371 r  clk_IBUF_BUFG_inst/O
                         net (fo=142, routed)         1.508    14.880    Debounce_Inst_Start/CLK
    SLICE_X0Y27          FDRE                                         r  Debounce_Inst_Start/counter_reg[6]/C
                         clock pessimism              0.273    15.153    
                         clock uncertainty           -0.035    15.117    
    SLICE_X0Y27          FDRE (Setup_fdre_C_CE)      -0.016    15.101    Debounce_Inst_Start/counter_reg[6]
  -------------------------------------------------------------------
                         required time                         15.101    
                         arrival time                          -8.543    
  -------------------------------------------------------------------
                         slack                                  6.558    





Min Delay Paths
--------------------------------------------------------------------------------------
Slack (MET) :             0.151ns  (arrival time - required time)
  Source:                 reg_B_val_reg[4]/C
                            (rising edge-triggered cell FDRE clocked by sys_clk_pin  {rise@0.000ns fall@5.000ns period=10.000ns})
  Destination:            Booth_Core/UO/reg_M/temp_b_reg[4]/D
                            (rising edge-triggered cell FDRE clocked by sys_clk_pin  {rise@0.000ns fall@5.000ns period=10.000ns})
  Path Group:             sys_clk_pin
  Path Type:              Hold (Min at Fast Process Corner)
  Requirement:            0.000ns  (sys_clk_pin rise@0.000ns - sys_clk_pin rise@0.000ns)
  Data Path Delay:        0.240ns  (logic 0.141ns (58.708%)  route 0.099ns (41.292%))
  Logic Levels:           0  
  Clock Path Skew:        0.013ns (DCD - SCD - CPR)
    Destination Clock Delay (DCD):    2.010ns
    Source Clock Delay      (SCD):    1.497ns
    Clock Pessimism Removal (CPR):    0.500ns

    Location             Delay type                Incr(ns)  Path(ns)    Netlist Resource(s)
  -------------------------------------------------------------------    -------------------
                         (clock sys_clk_pin rise edge)
                                                      0.000     0.000 r  
    E3                                                0.000     0.000 r  clk (IN)
                         net (fo=0)                   0.000     0.000    clk
    E3                   IBUF (Prop_ibuf_I_O)         0.257     0.257 r  clk_IBUF_inst/O
                         net (fo=1, routed)           0.631     0.888    clk_IBUF
    BUFGCTRL_X0Y16       BUFG (Prop_bufg_I_O)         0.026     0.914 r  clk_IBUF_BUFG_inst/O
                         net (fo=142, routed)         0.584     1.497    clk_IBUF_BUFG
    SLICE_X1Y25          FDRE                                         r  reg_B_val_reg[4]/C
  -------------------------------------------------------------------    -------------------
    SLICE_X1Y25          FDRE (Prop_fdre_C_Q)         0.141     1.638 r  reg_B_val_reg[4]/Q
                         net (fo=1, routed)           0.099     1.738    Booth_Core/UO/reg_M/temp_b_reg[7]_0[4]
    SLICE_X2Y25          FDRE                                         r  Booth_Core/UO/reg_M/temp_b_reg[4]/D
  -------------------------------------------------------------------    -------------------

                         (clock sys_clk_pin rise edge)
                                                      0.000     0.000 r  
    E3                                                0.000     0.000 r  clk (IN)
                         net (fo=0)                   0.000     0.000    clk
    E3                   IBUF (Prop_ibuf_I_O)         0.445     0.445 r  clk_IBUF_inst/O
                         net (fo=1, routed)           0.685     1.129    clk_IBUF
    BUFGCTRL_X0Y16       BUFG (Prop_bufg_I_O)         0.029     1.158 r  clk_IBUF_BUFG_inst/O
                         net (fo=142, routed)         0.852     2.010    Booth_Core/UO/reg_M/CLK
    SLICE_X2Y25          FDRE                                         r  Booth_Core/UO/reg_M/temp_b_reg[4]/C
                         clock pessimism             -0.500     1.510    
    SLICE_X2Y25          FDRE (Hold_fdre_C_D)         0.076     1.586    Booth_Core/UO/reg_M/temp_b_reg[4]
  -------------------------------------------------------------------
                         required time                         -1.586    
                         arrival time                           1.738    
  -------------------------------------------------------------------
                         slack                                  0.151    

Slack (MET) :             0.170ns  (arrival time - required time)
  Source:                 reg_B_val_reg[2]/C
                            (rising edge-triggered cell FDRE clocked by sys_clk_pin  {rise@0.000ns fall@5.000ns period=10.000ns})
  Destination:            Booth_Core/UO/reg_M/temp_b_reg[2]/D
                            (rising edge-triggered cell FDRE clocked by sys_clk_pin  {rise@0.000ns fall@5.000ns period=10.000ns})
  Path Group:             sys_clk_pin
  Path Type:              Hold (Min at Fast Process Corner)
  Requirement:            0.000ns  (sys_clk_pin rise@0.000ns - sys_clk_pin rise@0.000ns)
  Data Path Delay:        0.251ns  (logic 0.141ns (56.174%)  route 0.110ns (43.826%))
  Logic Levels:           0  
  Clock Path Skew:        0.011ns (DCD - SCD - CPR)
    Destination Clock Delay (DCD):    2.011ns
    Source Clock Delay      (SCD):    1.500ns
    Clock Pessimism Removal (CPR):    0.500ns

    Location             Delay type                Incr(ns)  Path(ns)    Netlist Resource(s)
  -------------------------------------------------------------------    -------------------
                         (clock sys_clk_pin rise edge)
                                                      0.000     0.000 r  
    E3                                                0.000     0.000 r  clk (IN)
                         net (fo=0)                   0.000     0.000    clk
    E3                   IBUF (Prop_ibuf_I_O)         0.257     0.257 r  clk_IBUF_inst/O
                         net (fo=1, routed)           0.631     0.888    clk_IBUF
    BUFGCTRL_X0Y16       BUFG (Prop_bufg_I_O)         0.026     0.914 r  clk_IBUF_BUFG_inst/O
                         net (fo=142, routed)         0.587     1.500    clk_IBUF_BUFG
    SLICE_X3Y27          FDRE                                         r  reg_B_val_reg[2]/C
  -------------------------------------------------------------------    -------------------
    SLICE_X3Y27          FDRE (Prop_fdre_C_Q)         0.141     1.641 r  reg_B_val_reg[2]/Q
                         net (fo=1, routed)           0.110     1.751    Booth_Core/UO/reg_M/temp_b_reg[7]_0[2]
    SLICE_X3Y26          FDRE                                         r  Booth_Core/UO/reg_M/temp_b_reg[2]/D
  -------------------------------------------------------------------    -------------------

                         (clock sys_clk_pin rise edge)
                                                      0.000     0.000 r  
    E3                                                0.000     0.000 r  clk (IN)
                         net (fo=0)                   0.000     0.000    clk
    E3                   IBUF (Prop_ibuf_I_O)         0.445     0.445 r  clk_IBUF_inst/O
                         net (fo=1, routed)           0.685     1.129    clk_IBUF
    BUFGCTRL_X0Y16       BUFG (Prop_bufg_I_O)         0.029     1.158 r  clk_IBUF_BUFG_inst/O
                         net (fo=142, routed)         0.853     2.011    Booth_Core/UO/reg_M/CLK
    SLICE_X3Y26          FDRE                                         r  Booth_Core/UO/reg_M/temp_b_reg[2]/C
                         clock pessimism             -0.500     1.511    
    SLICE_X3Y26          FDRE (Hold_fdre_C_D)         0.070     1.581    Booth_Core/UO/reg_M/temp_b_reg[2]
  -------------------------------------------------------------------
                         required time                         -1.581    
                         arrival time                           1.751    
  -------------------------------------------------------------------
                         slack                                  0.170    

Slack (MET) :             0.190ns  (arrival time - required time)
  Source:                 Debounce_Inst_Start/btn_stable_reg/C
                            (rising edge-triggered cell FDRE clocked by sys_clk_pin  {rise@0.000ns fall@5.000ns period=10.000ns})
  Destination:            Debounce_Inst_Start/btn_reg_reg/D
                            (rising edge-triggered cell FDRE clocked by sys_clk_pin  {rise@0.000ns fall@5.000ns period=10.000ns})
  Path Group:             sys_clk_pin
  Path Type:              Hold (Min at Fast Process Corner)
  Requirement:            0.000ns  (sys_clk_pin rise@0.000ns - sys_clk_pin rise@0.000ns)
  Data Path Delay:        0.262ns  (logic 0.141ns (53.794%)  route 0.121ns (46.206%))
  Logic Levels:           0  
  Clock Path Skew:        0.000ns (DCD - SCD - CPR)
    Destination Clock Delay (DCD):    2.014ns
    Source Clock Delay      (SCD):    1.500ns
    Clock Pessimism Removal (CPR):    0.514ns

    Location             Delay type                Incr(ns)  Path(ns)    Netlist Resource(s)
  -------------------------------------------------------------------    -------------------
                         (clock sys_clk_pin rise edge)
                                                      0.000     0.000 r  
    E3                                                0.000     0.000 r  clk (IN)
                         net (fo=0)                   0.000     0.000    clk
    E3                   IBUF (Prop_ibuf_I_O)         0.257     0.257 r  clk_IBUF_inst/O
                         net (fo=1, routed)           0.631     0.888    clk_IBUF
    BUFGCTRL_X0Y16       BUFG (Prop_bufg_I_O)         0.026     0.914 r  clk_IBUF_BUFG_inst/O
                         net (fo=142, routed)         0.587     1.500    Debounce_Inst_Start/CLK
    SLICE_X1Y28          FDRE                                         r  Debounce_Inst_Start/btn_stable_reg/C
  -------------------------------------------------------------------    -------------------
    SLICE_X1Y28          FDRE (Prop_fdre_C_Q)         0.141     1.641 r  Debounce_Inst_Start/btn_stable_reg/Q
                         net (fo=3, routed)           0.121     1.762    Debounce_Inst_Start/btn_stable
    SLICE_X1Y28          FDRE                                         r  Debounce_Inst_Start/btn_reg_reg/D
  -------------------------------------------------------------------    -------------------

                         (clock sys_clk_pin rise edge)
                                                      0.000     0.000 r  
    E3                                                0.000     0.000 r  clk (IN)
                         net (fo=0)                   0.000     0.000    clk
    E3                   IBUF (Prop_ibuf_I_O)         0.445     0.445 r  clk_IBUF_inst/O
                         net (fo=1, routed)           0.685     1.129    clk_IBUF
    BUFGCTRL_X0Y16       BUFG (Prop_bufg_I_O)         0.029     1.158 r  clk_IBUF_BUFG_inst/O
                         net (fo=142, routed)         0.856     2.014    Debounce_Inst_Start/CLK
    SLICE_X1Y28          FDRE                                         r  Debounce_Inst_Start/btn_reg_reg/C
                         clock pessimism             -0.514     1.500    
    SLICE_X1Y28          FDRE (Hold_fdre_C_D)         0.072     1.572    Debounce_Inst_Start/btn_reg_reg
  -------------------------------------------------------------------
                         required time                         -1.572    
                         arrival time                           1.762    
  -------------------------------------------------------------------
                         slack                                  0.190    

Slack (MET) :             0.201ns  (arrival time - required time)
  Source:                 Debounce_Inst_A/btn_stable_reg/C
                            (rising edge-triggered cell FDRE clocked by sys_clk_pin  {rise@0.000ns fall@5.000ns period=10.000ns})
  Destination:            Debounce_Inst_A/btn_reg_reg/D
                            (rising edge-triggered cell FDRE clocked by sys_clk_pin  {rise@0.000ns fall@5.000ns period=10.000ns})
  Path Group:             sys_clk_pin
  Path Type:              Hold (Min at Fast Process Corner)
  Requirement:            0.000ns  (sys_clk_pin rise@0.000ns - sys_clk_pin rise@0.000ns)
  Data Path Delay:        0.272ns  (logic 0.141ns (51.867%)  route 0.131ns (48.133%))
  Logic Levels:           0  
  Clock Path Skew:        0.000ns (DCD - SCD - CPR)
    Destination Clock Delay (DCD):    2.012ns
    Source Clock Delay      (SCD):    1.498ns
    Clock Pessimism Removal (CPR):    0.514ns

    Location             Delay type                Incr(ns)  Path(ns)    Netlist Resource(s)
  -------------------------------------------------------------------    -------------------
                         (clock sys_clk_pin rise edge)
                                                      0.000     0.000 r  
    E3                                                0.000     0.000 r  clk (IN)
                         net (fo=0)                   0.000     0.000    clk
    E3                   IBUF (Prop_ibuf_I_O)         0.257     0.257 r  clk_IBUF_inst/O
                         net (fo=1, routed)           0.631     0.888    clk_IBUF
    BUFGCTRL_X0Y16       BUFG (Prop_bufg_I_O)         0.026     0.914 r  clk_IBUF_BUFG_inst/O
                         net (fo=142, routed)         0.585     1.498    Debounce_Inst_A/CLK
    SLICE_X4Y28          FDRE                                         r  Debounce_Inst_A/btn_stable_reg/C
  -------------------------------------------------------------------    -------------------
    SLICE_X4Y28          FDRE (Prop_fdre_C_Q)         0.141     1.639 r  Debounce_Inst_A/btn_stable_reg/Q
                         net (fo=3, routed)           0.131     1.770    Debounce_Inst_A/btn_stable
    SLICE_X4Y28          FDRE                                         r  Debounce_Inst_A/btn_reg_reg/D
  -------------------------------------------------------------------    -------------------

                         (clock sys_clk_pin rise edge)
                                                      0.000     0.000 r  
    E3                                                0.000     0.000 r  clk (IN)
                         net (fo=0)                   0.000     0.000    clk
    E3                   IBUF (Prop_ibuf_I_O)         0.445     0.445 r  clk_IBUF_inst/O
                         net (fo=1, routed)           0.685     1.129    clk_IBUF
    BUFGCTRL_X0Y16       BUFG (Prop_bufg_I_O)         0.029     1.158 r  clk_IBUF_BUFG_inst/O
                         net (fo=142, routed)         0.854     2.012    Debounce_Inst_A/CLK
    SLICE_X4Y28          FDRE                                         r  Debounce_Inst_A/btn_reg_reg/C
                         clock pessimism             -0.514     1.498    
    SLICE_X4Y28          FDRE (Hold_fdre_C_D)         0.071     1.569    Debounce_Inst_A/btn_reg_reg
  -------------------------------------------------------------------
                         required time                         -1.569    
                         arrival time                           1.770    
  -------------------------------------------------------------------
                         slack                                  0.201    

Slack (MET) :             0.202ns  (arrival time - required time)
  Source:                 Booth_Core/UO/ff_q_minus1/y_reg/C
                            (rising edge-triggered cell FDRE clocked by sys_clk_pin  {rise@0.000ns fall@5.000ns period=10.000ns})
  Destination:            Booth_Core/UC/FSM_onehot_current_state_reg[4]/D
                            (rising edge-triggered cell FDRE clocked by sys_clk_pin  {rise@0.000ns fall@5.000ns period=10.000ns})
  Path Group:             sys_clk_pin
  Path Type:              Hold (Min at Fast Process Corner)
  Requirement:            0.000ns  (sys_clk_pin rise@0.000ns - sys_clk_pin rise@0.000ns)
  Data Path Delay:        0.359ns  (logic 0.186ns (51.806%)  route 0.173ns (48.194%))
  Logic Levels:           1  (LUT3=1)
  Clock Path Skew:        0.036ns (DCD - SCD - CPR)
    Destination Clock Delay (DCD):    2.011ns
    Source Clock Delay      (SCD):    1.496ns
    Clock Pessimism Removal (CPR):    0.479ns

    Location             Delay type                Incr(ns)  Path(ns)    Netlist Resource(s)
  -------------------------------------------------------------------    -------------------
                         (clock sys_clk_pin rise edge)
                                                      0.000     0.000 r  
    E3                                                0.000     0.000 r  clk (IN)
                         net (fo=0)                   0.000     0.000    clk
    E3                   IBUF (Prop_ibuf_I_O)         0.257     0.257 r  clk_IBUF_inst/O
                         net (fo=1, routed)           0.631     0.888    clk_IBUF
    BUFGCTRL_X0Y16       BUFG (Prop_bufg_I_O)         0.026     0.914 r  clk_IBUF_BUFG_inst/O
                         net (fo=142, routed)         0.583     1.496    Booth_Core/UO/ff_q_minus1/CLK
    SLICE_X4Y26          FDRE                                         r  Booth_Core/UO/ff_q_minus1/y_reg/C
  -------------------------------------------------------------------    -------------------
    SLICE_X4Y26          FDRE (Prop_fdre_C_Q)         0.141     1.637 r  Booth_Core/UO/ff_q_minus1/y_reg/Q
                         net (fo=3, routed)           0.173     1.810    Booth_Core/UO/reg_Q/temp_q_minus1
    SLICE_X2Y26          LUT3 (Prop_lut3_I2_O)        0.045     1.855 r  Booth_Core/UO/reg_Q/FSM_onehot_current_state[4]_i_1/O
                         net (fo=1, routed)           0.000     1.855    Booth_Core/UC/FSM_onehot_current_state_reg[6]_3[2]
    SLICE_X2Y26          FDRE                                         r  Booth_Core/UC/FSM_onehot_current_state_reg[4]/D
  -------------------------------------------------------------------    -------------------

                         (clock sys_clk_pin rise edge)
                                                      0.000     0.000 r  
    E3                                                0.000     0.000 r  clk (IN)
                         net (fo=0)                   0.000     0.000    clk
    E3                   IBUF (Prop_ibuf_I_O)         0.445     0.445 r  clk_IBUF_inst/O
                         net (fo=1, routed)           0.685     1.129    clk_IBUF
    BUFGCTRL_X0Y16       BUFG (Prop_bufg_I_O)         0.029     1.158 r  clk_IBUF_BUFG_inst/O
                         net (fo=142, routed)         0.853     2.011    Booth_Core/UC/CLK
    SLICE_X2Y26          FDRE                                         r  Booth_Core/UC/FSM_onehot_current_state_reg[4]/C
                         clock pessimism             -0.479     1.532    
    SLICE_X2Y26          FDRE (Hold_fdre_C_D)         0.121     1.653    Booth_Core/UC/FSM_onehot_current_state_reg[4]
  -------------------------------------------------------------------
                         required time                         -1.653    
                         arrival time                           1.855    
  -------------------------------------------------------------------
                         slack                                  0.202    

Slack (MET) :             0.204ns  (arrival time - required time)
  Source:                 Booth_Core/UC/FSM_onehot_current_state_reg[2]/C
                            (rising edge-triggered cell FDRE clocked by sys_clk_pin  {rise@0.000ns fall@5.000ns period=10.000ns})
  Destination:            Booth_Core/UC/FSM_onehot_current_state_reg[3]/D
                            (rising edge-triggered cell FDRE clocked by sys_clk_pin  {rise@0.000ns fall@5.000ns period=10.000ns})
  Path Group:             sys_clk_pin
  Path Type:              Hold (Min at Fast Process Corner)
  Requirement:            0.000ns  (sys_clk_pin rise@0.000ns - sys_clk_pin rise@0.000ns)
  Data Path Delay:        0.362ns  (logic 0.186ns (51.363%)  route 0.176ns (48.637%))
  Logic Levels:           1  (LUT3=1)
  Clock Path Skew:        0.037ns (DCD - SCD - CPR)
    Destination Clock Delay (DCD):    2.011ns
    Source Clock Delay      (SCD):    1.495ns
    Clock Pessimism Removal (CPR):    0.479ns

    Location             Delay type                Incr(ns)  Path(ns)    Netlist Resource(s)
  -------------------------------------------------------------------    -------------------
                         (clock sys_clk_pin rise edge)
                                                      0.000     0.000 r  
    E3                                                0.000     0.000 r  clk (IN)
                         net (fo=0)                   0.000     0.000    clk
    E3                   IBUF (Prop_ibuf_I_O)         0.257     0.257 r  clk_IBUF_inst/O
                         net (fo=1, routed)           0.631     0.888    clk_IBUF
    BUFGCTRL_X0Y16       BUFG (Prop_bufg_I_O)         0.026     0.914 r  clk_IBUF_BUFG_inst/O
                         net (fo=142, routed)         0.582     1.495    Booth_Core/UC/CLK
    SLICE_X4Y25          FDRE                                         r  Booth_Core/UC/FSM_onehot_current_state_reg[2]/C
  -------------------------------------------------------------------    -------------------
    SLICE_X4Y25          FDRE (Prop_fdre_C_Q)         0.141     1.636 r  Booth_Core/UC/FSM_onehot_current_state_reg[2]/Q
                         net (fo=3, routed)           0.176     1.813    Booth_Core/UO/ff_q_minus1/Q[0]
    SLICE_X2Y26          LUT3 (Prop_lut3_I0_O)        0.045     1.858 r  Booth_Core/UO/ff_q_minus1/FSM_onehot_current_state[3]_i_1/O
                         net (fo=1, routed)           0.000     1.858    Booth_Core/UC/FSM_onehot_current_state_reg[6]_3[1]
    SLICE_X2Y26          FDRE                                         r  Booth_Core/UC/FSM_onehot_current_state_reg[3]/D
  -------------------------------------------------------------------    -------------------

                         (clock sys_clk_pin rise edge)
                                                      0.000     0.000 r  
    E3                                                0.000     0.000 r  clk (IN)
                         net (fo=0)                   0.000     0.000    clk
    E3                   IBUF (Prop_ibuf_I_O)         0.445     0.445 r  clk_IBUF_inst/O
                         net (fo=1, routed)           0.685     1.129    clk_IBUF
    BUFGCTRL_X0Y16       BUFG (Prop_bufg_I_O)         0.029     1.158 r  clk_IBUF_BUFG_inst/O
                         net (fo=142, routed)         0.853     2.011    Booth_Core/UC/CLK
    SLICE_X2Y26          FDRE                                         r  Booth_Core/UC/FSM_onehot_current_state_reg[3]/C
                         clock pessimism             -0.479     1.532    
    SLICE_X2Y26          FDRE (Hold_fdre_C_D)         0.121     1.653    Booth_Core/UC/FSM_onehot_current_state_reg[3]
  -------------------------------------------------------------------
                         required time                         -1.653    
                         arrival time                           1.858    
  -------------------------------------------------------------------
                         slack                                  0.204    

Slack (MET) :             0.209ns  (arrival time - required time)
  Source:                 reg_A_val_reg[6]/C
                            (rising edge-triggered cell FDRE clocked by sys_clk_pin  {rise@0.000ns fall@5.000ns period=10.000ns})
  Destination:            Booth_Core/UO/reg_Q/temp_reg[6]/D
                            (rising edge-triggered cell FDRE clocked by sys_clk_pin  {rise@0.000ns fall@5.000ns period=10.000ns})
  Path Group:             sys_clk_pin
  Path Type:              Hold (Min at Fast Process Corner)
  Requirement:            0.000ns  (sys_clk_pin rise@0.000ns - sys_clk_pin rise@0.000ns)
  Data Path Delay:        0.330ns  (logic 0.190ns (57.572%)  route 0.140ns (42.428%))
  Logic Levels:           1  (LUT3=1)
  Clock Path Skew:        0.014ns (DCD - SCD - CPR)
    Destination Clock Delay (DCD):    2.011ns
    Source Clock Delay      (SCD):    1.497ns
    Clock Pessimism Removal (CPR):    0.500ns

    Location             Delay type                Incr(ns)  Path(ns)    Netlist Resource(s)
  -------------------------------------------------------------------    -------------------
                         (clock sys_clk_pin rise edge)
                                                      0.000     0.000 r  
    E3                                                0.000     0.000 r  clk (IN)
                         net (fo=0)                   0.000     0.000    clk
    E3                   IBUF (Prop_ibuf_I_O)         0.257     0.257 r  clk_IBUF_inst/O
                         net (fo=1, routed)           0.631     0.888    clk_IBUF
    BUFGCTRL_X0Y16       BUFG (Prop_bufg_I_O)         0.026     0.914 r  clk_IBUF_BUFG_inst/O
                         net (fo=142, routed)         0.584     1.497    clk_IBUF_BUFG
    SLICE_X0Y25          FDRE                                         r  reg_A_val_reg[6]/C
  -------------------------------------------------------------------    -------------------
    SLICE_X0Y25          FDRE (Prop_fdre_C_Q)         0.141     1.638 r  reg_A_val_reg[6]/Q
                         net (fo=1, routed)           0.140     1.778    Booth_Core/UC/temp_reg[7][6]
    SLICE_X1Y26          LUT3 (Prop_lut3_I0_O)        0.049     1.827 r  Booth_Core/UC/temp[6]_i_1__0/O
                         net (fo=1, routed)           0.000     1.827    Booth_Core/UO/reg_Q/D[6]
    SLICE_X1Y26          FDRE                                         r  Booth_Core/UO/reg_Q/temp_reg[6]/D
  -------------------------------------------------------------------    -------------------

                         (clock sys_clk_pin rise edge)
                                                      0.000     0.000 r  
    E3                                                0.000     0.000 r  clk (IN)
                         net (fo=0)                   0.000     0.000    clk
    E3                   IBUF (Prop_ibuf_I_O)         0.445     0.445 r  clk_IBUF_inst/O
                         net (fo=1, routed)           0.685     1.129    clk_IBUF
    BUFGCTRL_X0Y16       BUFG (Prop_bufg_I_O)         0.029     1.158 r  clk_IBUF_BUFG_inst/O
                         net (fo=142, routed)         0.853     2.011    Booth_Core/UO/reg_Q/CLK
    SLICE_X1Y26          FDRE                                         r  Booth_Core/UO/reg_Q/temp_reg[6]/C
                         clock pessimism             -0.500     1.511    
    SLICE_X1Y26          FDRE (Hold_fdre_C_D)         0.107     1.618    Booth_Core/UO/reg_Q/temp_reg[6]
  -------------------------------------------------------------------
                         required time                         -1.618    
                         arrival time                           1.827    
  -------------------------------------------------------------------
                         slack                                  0.209    

Slack (MET) :             0.210ns  (arrival time - required time)
  Source:                 Booth_Core/UO/reg_M/temp_b_reg[0]/C
                            (rising edge-triggered cell FDRE clocked by sys_clk_pin  {rise@0.000ns fall@5.000ns period=10.000ns})
  Destination:            Booth_Core/UO/reg_A/temp_reg[0]/D
                            (rising edge-triggered cell FDRE clocked by sys_clk_pin  {rise@0.000ns fall@5.000ns period=10.000ns})
  Path Group:             sys_clk_pin
  Path Type:              Hold (Min at Fast Process Corner)
  Requirement:            0.000ns  (sys_clk_pin rise@0.000ns - sys_clk_pin rise@0.000ns)
  Data Path Delay:        0.314ns  (logic 0.209ns (66.488%)  route 0.105ns (33.512%))
  Logic Levels:           1  (LUT5=1)
  Clock Path Skew:        0.013ns (DCD - SCD - CPR)
    Destination Clock Delay (DCD):    2.010ns
    Source Clock Delay      (SCD):    1.497ns
    Clock Pessimism Removal (CPR):    0.500ns

    Location             Delay type                Incr(ns)  Path(ns)    Netlist Resource(s)
  -------------------------------------------------------------------    -------------------
                         (clock sys_clk_pin rise edge)
                                                      0.000     0.000 r  
    E3                                                0.000     0.000 r  clk (IN)
                         net (fo=0)                   0.000     0.000    clk
    E3                   IBUF (Prop_ibuf_I_O)         0.257     0.257 r  clk_IBUF_inst/O
                         net (fo=1, routed)           0.631     0.888    clk_IBUF
    BUFGCTRL_X0Y16       BUFG (Prop_bufg_I_O)         0.026     0.914 r  clk_IBUF_BUFG_inst/O
                         net (fo=142, routed)         0.584     1.497    Booth_Core/UO/reg_M/CLK
    SLICE_X2Y25          FDRE                                         r  Booth_Core/UO/reg_M/temp_b_reg[0]/C
  -------------------------------------------------------------------    -------------------
    SLICE_X2Y25          FDRE (Prop_fdre_C_Q)         0.164     1.661 r  Booth_Core/UO/reg_M/temp_b_reg[0]/Q
                         net (fo=3, routed)           0.105     1.767    Booth_Core/UO/reg_A/temp_reg[0]_0[0]
    SLICE_X3Y25          LUT5 (Prop_lut5_I1_O)        0.045     1.812 r  Booth_Core/UO/reg_A/temp[0]_i_1/O
                         net (fo=1, routed)           0.000     1.812    Booth_Core/UO/reg_A/p_1_in[0]
    SLICE_X3Y25          FDRE                                         r  Booth_Core/UO/reg_A/temp_reg[0]/D
  -------------------------------------------------------------------    -------------------

                         (clock sys_clk_pin rise edge)
                                                      0.000     0.000 r  
    E3                                                0.000     0.000 r  clk (IN)
                         net (fo=0)                   0.000     0.000    clk
    E3                   IBUF (Prop_ibuf_I_O)         0.445     0.445 r  clk_IBUF_inst/O
                         net (fo=1, routed)           0.685     1.129    clk_IBUF
    BUFGCTRL_X0Y16       BUFG (Prop_bufg_I_O)         0.029     1.158 r  clk_IBUF_BUFG_inst/O
                         net (fo=142, routed)         0.852     2.010    Booth_Core/UO/reg_A/CLK
    SLICE_X3Y25          FDRE                                         r  Booth_Core/UO/reg_A/temp_reg[0]/C
                         clock pessimism             -0.500     1.510    
    SLICE_X3Y25          FDRE (Hold_fdre_C_D)         0.091     1.601    Booth_Core/UO/reg_A/temp_reg[0]
  -------------------------------------------------------------------
                         required time                         -1.601    
                         arrival time                           1.812    
  -------------------------------------------------------------------
                         slack                                  0.210    

Slack (MET) :             0.210ns  (arrival time - required time)
  Source:                 Booth_Core/UO/reg_M/temp_b_reg[0]/C
                            (rising edge-triggered cell FDRE clocked by sys_clk_pin  {rise@0.000ns fall@5.000ns period=10.000ns})
  Destination:            Booth_Core/UO/reg_A/temp_reg[1]/D
                            (rising edge-triggered cell FDRE clocked by sys_clk_pin  {rise@0.000ns fall@5.000ns period=10.000ns})
  Path Group:             sys_clk_pin
  Path Type:              Hold (Min at Fast Process Corner)
  Requirement:            0.000ns  (sys_clk_pin rise@0.000ns - sys_clk_pin rise@0.000ns)
  Data Path Delay:        0.315ns  (logic 0.209ns (66.277%)  route 0.106ns (33.723%))
  Logic Levels:           1  (LUT6=1)
  Clock Path Skew:        0.013ns (DCD - SCD - CPR)
    Destination Clock Delay (DCD):    2.010ns
    Source Clock Delay      (SCD):    1.497ns
    Clock Pessimism Removal (CPR):    0.500ns

    Location             Delay type                Incr(ns)  Path(ns)    Netlist Resource(s)
  -------------------------------------------------------------------    -------------------
                         (clock sys_clk_pin rise edge)
                                                      0.000     0.000 r  
    E3                                                0.000     0.000 r  clk (IN)
                         net (fo=0)                   0.000     0.000    clk
    E3                   IBUF (Prop_ibuf_I_O)         0.257     0.257 r  clk_IBUF_inst/O
                         net (fo=1, routed)           0.631     0.888    clk_IBUF
    BUFGCTRL_X0Y16       BUFG (Prop_bufg_I_O)         0.026     0.914 r  clk_IBUF_BUFG_inst/O
                         net (fo=142, routed)         0.584     1.497    Booth_Core/UO/reg_M/CLK
    SLICE_X2Y25          FDRE                                         r  Booth_Core/UO/reg_M/temp_b_reg[0]/C
  -------------------------------------------------------------------    -------------------
    SLICE_X2Y25          FDRE (Prop_fdre_C_Q)         0.164     1.661 r  Booth_Core/UO/reg_M/temp_b_reg[0]/Q
                         net (fo=3, routed)           0.106     1.768    Booth_Core/UO/reg_A/temp_reg[0]_0[0]
    SLICE_X3Y25          LUT6 (Prop_lut6_I1_O)        0.045     1.813 r  Booth_Core/UO/reg_A/temp[1]_i_1/O
                         net (fo=1, routed)           0.000     1.813    Booth_Core/UO/reg_A/p_1_in[1]
    SLICE_X3Y25          FDRE                                         r  Booth_Core/UO/reg_A/temp_reg[1]/D
  -------------------------------------------------------------------    -------------------

                         (clock sys_clk_pin rise edge)
                                                      0.000     0.000 r  
    E3                                                0.000     0.000 r  clk (IN)
                         net (fo=0)                   0.000     0.000    clk
    E3                   IBUF (Prop_ibuf_I_O)         0.445     0.445 r  clk_IBUF_inst/O
                         net (fo=1, routed)           0.685     1.129    clk_IBUF
    BUFGCTRL_X0Y16       BUFG (Prop_bufg_I_O)         0.029     1.158 r  clk_IBUF_BUFG_inst/O
                         net (fo=142, routed)         0.852     2.010    Booth_Core/UO/reg_A/CLK
    SLICE_X3Y25          FDRE                                         r  Booth_Core/UO/reg_A/temp_reg[1]/C
                         clock pessimism             -0.500     1.510    
    SLICE_X3Y25          FDRE (Hold_fdre_C_D)         0.092     1.602    Booth_Core/UO/reg_A/temp_reg[1]
  -------------------------------------------------------------------
                         required time                         -1.602    
                         arrival time                           1.813    
  -------------------------------------------------------------------
                         slack                                  0.210    

Slack (MET) :             0.212ns  (arrival time - required time)
  Source:                 reg_B_val_reg[5]/C
                            (rising edge-triggered cell FDRE clocked by sys_clk_pin  {rise@0.000ns fall@5.000ns period=10.000ns})
  Destination:            Booth_Core/UO/reg_M/temp_b_reg[5]/D
                            (rising edge-triggered cell FDRE clocked by sys_clk_pin  {rise@0.000ns fall@5.000ns period=10.000ns})
  Path Group:             sys_clk_pin
  Path Type:              Hold (Min at Fast Process Corner)
  Requirement:            0.000ns  (sys_clk_pin rise@0.000ns - sys_clk_pin rise@0.000ns)
  Data Path Delay:        0.234ns  (logic 0.128ns (54.791%)  route 0.106ns (45.209%))
  Logic Levels:           0  
  Clock Path Skew:        0.013ns (DCD - SCD - CPR)
    Destination Clock Delay (DCD):    2.010ns
    Source Clock Delay      (SCD):    1.497ns
    Clock Pessimism Removal (CPR):    0.500ns

    Location             Delay type                Incr(ns)  Path(ns)    Netlist Resource(s)
  -------------------------------------------------------------------    -------------------
                         (clock sys_clk_pin rise edge)
                                                      0.000     0.000 r  
    E3                                                0.000     0.000 r  clk (IN)
                         net (fo=0)                   0.000     0.000    clk
    E3                   IBUF (Prop_ibuf_I_O)         0.257     0.257 r  clk_IBUF_inst/O
                         net (fo=1, routed)           0.631     0.888    clk_IBUF
    BUFGCTRL_X0Y16       BUFG (Prop_bufg_I_O)         0.026     0.914 r  clk_IBUF_BUFG_inst/O
                         net (fo=142, routed)         0.584     1.497    clk_IBUF_BUFG
    SLICE_X1Y25          FDRE                                         r  reg_B_val_reg[5]/C
  -------------------------------------------------------------------    -------------------
    SLICE_X1Y25          FDRE (Prop_fdre_C_Q)         0.128     1.625 r  reg_B_val_reg[5]/Q
                         net (fo=1, routed)           0.106     1.731    Booth_Core/UO/reg_M/temp_b_reg[7]_0[5]
    SLICE_X2Y25          FDRE                                         r  Booth_Core/UO/reg_M/temp_b_reg[5]/D
  -------------------------------------------------------------------    -------------------

                         (clock sys_clk_pin rise edge)
                                                      0.000     0.000 r  
    E3                                                0.000     0.000 r  clk (IN)
                         net (fo=0)                   0.000     0.000    clk
    E3                   IBUF (Prop_ibuf_I_O)         0.445     0.445 r  clk_IBUF_inst/O
                         net (fo=1, routed)           0.685     1.129    clk_IBUF
    BUFGCTRL_X0Y16       BUFG (Prop_bufg_I_O)         0.029     1.158 r  clk_IBUF_BUFG_inst/O
                         net (fo=142, routed)         0.852     2.010    Booth_Core/UO/reg_M/CLK
    SLICE_X2Y25          FDRE                                         r  Booth_Core/UO/reg_M/temp_b_reg[5]/C
                         clock pessimism             -0.500     1.510    
    SLICE_X2Y25          FDRE (Hold_fdre_C_D)         0.009     1.519    Booth_Core/UO/reg_M/temp_b_reg[5]
  -------------------------------------------------------------------
                         required time                         -1.519    
                         arrival time                           1.731    
  -------------------------------------------------------------------
                         slack                                  0.212    





Pulse Width Checks
--------------------------------------------------------------------------------------
Clock Name:         sys_clk_pin
Waveform(ns):       { 0.000 5.000 }
Period(ns):         10.000
Sources:            { clk }

Check Type        Corner  Lib Pin  Reference Pin  Required(ns)  Actual(ns)  Slack(ns)  Location        Pin
Min Period        n/a     BUFG/I   n/a            2.155         10.000      7.845      BUFGCTRL_X0Y16  clk_IBUF_BUFG_inst/I
Min Period        n/a     FDSE/C   n/a            1.000         10.000      9.000      SLICE_X2Y26     Booth_Core/UC/FSM_onehot_current_state_reg[0]/C
Min Period        n/a     FDRE/C   n/a            1.000         10.000      9.000      SLICE_X2Y26     Booth_Core/UC/FSM_onehot_current_state_reg[1]/C
Min Period        n/a     FDRE/C   n/a            1.000         10.000      9.000      SLICE_X4Y25     Booth_Core/UC/FSM_onehot_current_state_reg[2]/C
Min Period        n/a     FDRE/C   n/a            1.000         10.000      9.000      SLICE_X2Y26     Booth_Core/UC/FSM_onehot_current_state_reg[3]/C
Min Period        n/a     FDRE/C   n/a            1.000         10.000      9.000      SLICE_X2Y26     Booth_Core/UC/FSM_onehot_current_state_reg[4]/C
Min Period        n/a     FDRE/C   n/a            1.000         10.000      9.000      SLICE_X4Y25     Booth_Core/UC/FSM_onehot_current_state_reg[5]/C
Min Period        n/a     FDRE/C   n/a            1.000         10.000      9.000      SLICE_X4Y25     Booth_Core/UC/FSM_onehot_current_state_reg[6]/C
Min Period        n/a     FDRE/C   n/a            1.000         10.000      9.000      SLICE_X3Y25     Booth_Core/UO/reg_A/temp_reg[1]/C
Min Period        n/a     FDRE/C   n/a            1.000         10.000      9.000      SLICE_X5Y25     Booth_Core/UO/reg_A/temp_reg[2]/C
Low Pulse Width   Fast    FDRE/C   n/a            0.500         5.000       4.500      SLICE_X3Y32     Debounce_Inst_B/counter_reg[16]/C
Low Pulse Width   Fast    FDRE/C   n/a            0.500         5.000       4.500      SLICE_X3Y32     Debounce_Inst_B/counter_reg[17]/C
Low Pulse Width   Fast    FDRE/C   n/a            0.500         5.000       4.500      SLICE_X3Y32     Debounce_Inst_B/counter_reg[18]/C
Low Pulse Width   Fast    FDRE/C   n/a            0.500         5.000       4.500      SLICE_X3Y32     Debounce_Inst_B/counter_reg[19]/C
Low Pulse Width   Fast    FDSE/C   n/a            0.500         5.000       4.500      SLICE_X2Y26     Booth_Core/UC/FSM_onehot_current_state_reg[0]/C
Low Pulse Width   Fast    FDRE/C   n/a            0.500         5.000       4.500      SLICE_X2Y26     Booth_Core/UC/FSM_onehot_current_state_reg[1]/C
Low Pulse Width   Fast    FDRE/C   n/a            0.500         5.000       4.500      SLICE_X4Y25     Booth_Core/UC/FSM_onehot_current_state_reg[2]/C
Low Pulse Width   Fast    FDRE/C   n/a            0.500         5.000       4.500      SLICE_X2Y26     Booth_Core/UC/FSM_onehot_current_state_reg[3]/C
Low Pulse Width   Fast    FDRE/C   n/a            0.500         5.000       4.500      SLICE_X2Y26     Booth_Core/UC/FSM_onehot_current_state_reg[4]/C
Low Pulse Width   Fast    FDRE/C   n/a            0.500         5.000       4.500      SLICE_X4Y25     Booth_Core/UC/FSM_onehot_current_state_reg[5]/C
High Pulse Width  Slow    FDRE/C   n/a            0.500         5.000       4.500      SLICE_X4Y25     Booth_Core/UC/FSM_onehot_current_state_reg[2]/C
High Pulse Width  Slow    FDRE/C   n/a            0.500         5.000       4.500      SLICE_X4Y25     Booth_Core/UC/FSM_onehot_current_state_reg[5]/C
High Pulse Width  Slow    FDRE/C   n/a            0.500         5.000       4.500      SLICE_X4Y25     Booth_Core/UC/FSM_onehot_current_state_reg[6]/C
High Pulse Width  Slow    FDRE/C   n/a            0.500         5.000       4.500      SLICE_X3Y25     Booth_Core/UO/reg_A/temp_reg[1]/C
High Pulse Width  Slow    FDRE/C   n/a            0.500         5.000       4.500      SLICE_X5Y25     Booth_Core/UO/reg_A/temp_reg[2]/C
High Pulse Width  Slow    FDRE/C   n/a            0.500         5.000       4.500      SLICE_X5Y25     Booth_Core/UO/reg_A/temp_reg[3]/C
High Pulse Width  Slow    FDRE/C   n/a            0.500         5.000       4.500      SLICE_X5Y25     Booth_Core/UO/reg_A/temp_reg[4]/C
High Pulse Width  Slow    FDRE/C   n/a            0.500         5.000       4.500      SLICE_X5Y25     Booth_Core/UO/reg_A/temp_reg[5]/C
High Pulse Width  Slow    FDRE/C   n/a            0.500         5.000       4.500      SLICE_X3Y25     Booth_Core/UO/reg_A/temp_reg[6]/C
High Pulse Width  Slow    FDRE/C   n/a            0.500         5.000       4.500      SLICE_X3Y25     Booth_Core/UO/reg_A/temp_reg[7]/C



