Copyright 1986-2020 Xilinx, Inc. All Rights Reserved.
--------------------------------------------------------------------------------------
| Tool Version : Vivado v.2020.2 (win64) Build 3064766 Wed Nov 18 09:12:45 MST 2020
| Date         : Mon Mar  2 14:44:18 2026
| Host         : drims-pc running 64-bit major release  (build 9200)
| Command      : report_control_sets -verbose -file Top_Level_control_sets_placed.rpt
| Design       : Top_Level
| Device       : xc7a50ti
--------------------------------------------------------------------------------------

Control Set Information

Table of Contents
-----------------
1. Summary
2. Histogram
3. Flip-Flop Distribution
4. Detailed Control Set Information

1. Summary
----------

+----------------------------------------------------------+-------+
|                          Status                          | Count |
+----------------------------------------------------------+-------+
| Total control sets                                       |    14 |
|    Minimum number of control sets                        |    14 |
|    Addition due to synthesis replication                 |     0 |
|    Addition due to physical synthesis replication        |     0 |
| Unused register locations in slices containing registers |    30 |
+----------------------------------------------------------+-------+
* Control sets can be merged at opt_design using control_set_merge or merge_equivalent_drivers
** Run report_qor_suggestions for automated merging and remapping suggestions


2. Histogram
------------

+--------------------+-------+
|       Fanout       | Count |
+--------------------+-------+
| Total control sets |    14 |
| >= 0 to < 4        |     2 |
| >= 4 to < 6        |     1 |
| >= 6 to < 8        |     1 |
| >= 8 to < 10       |     4 |
| >= 10 to < 12      |     0 |
| >= 12 to < 14      |     1 |
| >= 14 to < 16      |     0 |
| >= 16              |     5 |
+--------------------+-------+
* Control sets can be remapped at either synth_design or opt_design


3. Flip-Flop Distribution
-------------------------

+--------------+-----------------------+------------------------+-----------------+--------------+
| Clock Enable | Synchronous Set/Reset | Asynchronous Set/Reset | Total Registers | Total Slices |
+--------------+-----------------------+------------------------+-----------------+--------------+
| No           | No                    | No                     |              12 |            4 |
| No           | No                    | Yes                    |               3 |            1 |
| No           | Yes                   | No                     |               0 |            0 |
| Yes          | No                    | No                     |               8 |            3 |
| Yes          | No                    | Yes                    |              27 |           10 |
| Yes          | Yes                   | No                     |             104 |           34 |
+--------------+-----------------------+------------------------+-----------------+--------------+


4. Detailed Control Set Information
-----------------------------------

+----------------+----------------------------------------------+-------------------------------------------+------------------+----------------+--------------+
|  Clock Signal  |                 Enable Signal                |              Set/Reset Signal             | Slice Load Count | Bel Load Count | Bels / Slice |
+----------------+----------------------------------------------+-------------------------------------------+------------------+----------------+--------------+
|  clk_IBUF_BUFG | Booth_Core/booth_done                        | Debounce_Inst_Start/pulse_reg_0           |                1 |              1 |         1.00 |
|  clk_IBUF_BUFG |                                              | btn_reset_IBUF                            |                1 |              3 |         3.00 |
|  clk_IBUF_BUFG | Booth_Core/FSM_onehot_stato_corr[3]_i_1_n_0  | btn_reset_IBUF                            |                2 |              4 |         2.00 |
|  clk_IBUF_BUFG | Booth_Core/reg_A[6]                          | btn_reset_IBUF                            |                3 |              7 |         2.33 |
|  clk_IBUF_BUFG | Debounce_Inst_A/E[0]                         | btn_reset_IBUF                            |                3 |              8 |         2.67 |
|  clk_IBUF_BUFG | Debounce_Inst_B/E[0]                         | btn_reset_IBUF                            |                3 |              8 |         2.67 |
|  clk_IBUF_BUFG | Debounce_Inst_Start/pulse_reg_1[0]           |                                           |                3 |              8 |         2.67 |
|  clk_IBUF_BUFG | Booth_Core/reg_Q[7]_i_2_n_0                  | Booth_Core/reg_Q[7]_i_1_n_0               |                2 |              8 |         4.00 |
|  clk_IBUF_BUFG |                                              |                                           |                4 |             12 |         3.00 |
|  clk_IBUF_BUFG | Booth_Core/FSM_onehot_stato_corr_reg_n_0_[3] | btn_reset_IBUF                            |                5 |             16 |         3.20 |
|  clk_IBUF_BUFG | Booth_Core/E[0]                              | btn_reset_IBUF                            |                7 |             16 |         2.29 |
|  clk_IBUF_BUFG | Debounce_Inst_A/counter0_carry__0_n_0        | Debounce_Inst_A/counter[0]_i_1_n_0        |                6 |             21 |         3.50 |
|  clk_IBUF_BUFG | Debounce_Inst_B/counter0_carry__0_n_0        | Debounce_Inst_B/counter[0]_i_1__0_n_0     |                6 |             21 |         3.50 |
|  clk_IBUF_BUFG | Debounce_Inst_Start/counter0_carry__0_n_0    | Debounce_Inst_Start/counter[0]_i_1__1_n_0 |                6 |             21 |         3.50 |
+----------------+----------------------------------------------+-------------------------------------------+------------------+----------------+--------------+


