Copyright 1986-2020 Xilinx, Inc. All Rights Reserved.
---------------------------------------------------------------------------------------------
| Tool Version : Vivado v.2020.2 (win64) Build 3064766 Wed Nov 18 09:12:45 MST 2020
| Date         : Mon Mar  2 14:54:35 2026
| Host         : drims-pc running 64-bit major release  (build 9200)
| Command      : report_control_sets -verbose -file Sistema_TopLevel_control_sets_placed.rpt
| Design       : Sistema_TopLevel
| Device       : xc7a50ti
---------------------------------------------------------------------------------------------

Control Set Information

Table of Contents
-----------------
1. Summary
2. Histogram
3. Flip-Flop Distribution
4. Detailed Control Set Information

1. Summary
----------

+----------------------------------------------------------+-------+
|                          Status                          | Count |
+----------------------------------------------------------+-------+
| Total control sets                                       |     5 |
|    Minimum number of control sets                        |     5 |
|    Addition due to synthesis replication                 |     0 |
|    Addition due to physical synthesis replication        |     0 |
| Unused register locations in slices containing registers |    20 |
+----------------------------------------------------------+-------+
* Control sets can be merged at opt_design using control_set_merge or merge_equivalent_drivers
** Run report_qor_suggestions for automated merging and remapping suggestions


2. Histogram
------------

+--------------------+-------+
|       Fanout       | Count |
+--------------------+-------+
| Total control sets |     5 |
| >= 0 to < 4        |     2 |
| >= 4 to < 6        |     1 |
| >= 6 to < 8        |     0 |
| >= 8 to < 10       |     0 |
| >= 10 to < 12      |     0 |
| >= 12 to < 14      |     1 |
| >= 14 to < 16      |     0 |
| >= 16              |     1 |
+--------------------+-------+
* Control sets can be remapped at either synth_design or opt_design


3. Flip-Flop Distribution
-------------------------

+--------------+-----------------------+------------------------+-----------------+--------------+
| Clock Enable | Synchronous Set/Reset | Asynchronous Set/Reset | Total Registers | Total Slices |
+--------------+-----------------------+------------------------+-----------------+--------------+
| No           | No                    | No                     |               3 |            1 |
| No           | No                    | Yes                    |               0 |            0 |
| No           | Yes                   | No                     |               0 |            0 |
| Yes          | No                    | No                     |              13 |            4 |
| Yes          | No                    | Yes                    |               7 |            2 |
| Yes          | Yes                   | No                     |              21 |            6 |
+--------------+-----------------------+------------------------+-----------------+--------------+


4. Detailed Control Set Information
-----------------------------------

+----------------+---------------------------------------------------+-----------------------------+------------------+----------------+--------------+
|  Clock Signal  |                   Enable Signal                   |       Set/Reset Signal      | Slice Load Count | Bel Load Count | Bels / Slice |
+----------------+---------------------------------------------------+-----------------------------+------------------+----------------+--------------+
|  CLK_IBUF_BUFG |                                                   |                             |                1 |              3 |         3.00 |
|  CLK_IBUF_BUFG | INST_FSM/FSM_sequential_current_state[2]_i_1_n_0  | RST_IBUF                    |                1 |              3 |         3.00 |
|  CLK_IBUF_BUFG | INST_FSM/FSM_sequential_current_state_reg[2]_0[0] | INST_FSM/AR[0]              |                1 |              4 |         4.00 |
|  CLK_IBUF_BUFG | INST_FSM/E[0]                                     |                             |                4 |             13 |         3.25 |
|  CLK_IBUF_BUFG | INST_DEB/counter0_carry__0_n_0                    | INST_DEB/counter[0]_i_1_n_0 |                6 |             21 |         3.50 |
+----------------+---------------------------------------------------+-----------------------------+------------------+----------------+--------------+


