Copyright 1986-2022 Xilinx, Inc. All Rights Reserved.
---------------------------------------------------------------------------------------------------------------------------------------------------------------------------------------------------------------------------
| Tool Version : Vivado v.2022.2 (lin64) Build 3671981 Fri Oct 14 04:59:54 MDT 2022
| Date         : Sun Mar  1 11:17:06 2026
| Host         : 06618bb3b88b running 64-bit Ubuntu 22.04.5 LTS
| Command      : report_timing_summary -max_paths 10 -report_unconstrained -file macchina_S_timing_summary_routed.rpt -pb macchina_S_timing_summary_routed.pb -rpx macchina_S_timing_summary_routed.rpx -warn_on_violation
| Design       : macchina_S
| Device       : 7a50ti-csg324
| Speed File   : -1L  PRODUCTION 1.23 2018-06-13
---------------------------------------------------------------------------------------------------------------------------------------------------------------------------------------------------------------------------

Timing Summary Report

------------------------------------------------------------------------------------------------
| Timer Settings
| --------------
------------------------------------------------------------------------------------------------

  Enable Multi Corner Analysis               :  Yes
  Enable Pessimism Removal                   :  Yes
  Pessimism Removal Resolution               :  Nearest Common Node
  Enable Input Delay Default Clock           :  No
  Enable Preset / Clear Arcs                 :  No
  Disable Flight Delays                      :  No
  Ignore I/O Paths                           :  No
  Timing Early Launch at Borrowing Latches   :  No
  Borrow Time for Max Delay Exceptions       :  Yes
  Merge Timing Exceptions                    :  Yes

  Corner  Analyze    Analyze    
  Name    Max Paths  Min Paths  
  ------  ---------  ---------  
  Slow    Yes        Yes        
  Fast    Yes        Yes        


------------------------------------------------------------------------------------------------
| Report Methodology
| ------------------
------------------------------------------------------------------------------------------------

No report available as report_methodology has not been run prior. Run report_methodology on the current design for the summary of methodology violations.



check_timing report

Table of Contents
-----------------
1. checking no_clock (0)
2. checking constant_clock (0)
3. checking pulse_width_clock (0)
4. checking unconstrained_internal_endpoints (0)
5. checking no_input_delay (0)
6. checking no_output_delay (0)
7. checking multiple_clock (0)
8. checking generated_clocks (0)
9. checking loops (0)
10. checking partial_input_delay (0)
11. checking partial_output_delay (0)
12. checking latch_loops (0)

1. checking no_clock (0)
------------------------
 There are 0 register/latch pins with no clock.


2. checking constant_clock (0)
------------------------------
 There are 0 register/latch pins with constant_clock.


3. checking pulse_width_clock (0)
---------------------------------
 There are 0 register/latch pins which need pulse_width check


4. checking unconstrained_internal_endpoints (0)
------------------------------------------------
 There are 0 pins that are not constrained for maximum delay.

 There are 0 pins that are not constrained for maximum delay due to constant clock.


5. checking no_input_delay (0)
------------------------------
 There are 0 input ports with no input delay specified.

 There are 0 input ports with no input delay but user has a false path constraint.


6. checking no_output_delay (0)
-------------------------------
 There are 0 ports with no output delay specified.

 There are 0 ports with no output delay but user has a false path constraint

 There are 0 ports with no output delay but with a timing clock defined on it or propagating through it


7. checking multiple_clock (0)
------------------------------
 There are 0 register/latch pins with multiple clocks.


8. checking generated_clocks (0)
--------------------------------
 There are 0 generated clocks that are not connected to a clock source.


9. checking loops (0)
---------------------
 There are 0 combinational loops in the design.


10. checking partial_input_delay (0)
------------------------------------
 There are 0 input ports with partial input delay specified.


11. checking partial_output_delay (0)
-------------------------------------
 There are 0 ports with partial output delay specified.


12. checking latch_loops (0)
----------------------------
 There are 0 combinational latch loops in the design through latch input



------------------------------------------------------------------------------------------------
| Design Timing Summary
| ---------------------
------------------------------------------------------------------------------------------------

    WNS(ns)      TNS(ns)  TNS Failing Endpoints  TNS Total Endpoints      WHS(ns)      THS(ns)  THS Failing Endpoints  THS Total Endpoints     WPWS(ns)     TPWS(ns)  TPWS Failing Endpoints  TPWS Total Endpoints  
    -------      -------  ---------------------  -------------------      -------      -------  ---------------------  -------------------     --------     --------  ----------------------  --------------------  
        inf        0.000                      0                    4          inf        0.000                      0                    4           NA           NA                      NA                    NA  


There are no user specified timing constraints.


------------------------------------------------------------------------------------------------
| Clock Summary
| -------------
------------------------------------------------------------------------------------------------


------------------------------------------------------------------------------------------------
| Intra Clock Table
| -----------------
------------------------------------------------------------------------------------------------

Clock             WNS(ns)      TNS(ns)  TNS Failing Endpoints  TNS Total Endpoints      WHS(ns)      THS(ns)  THS Failing Endpoints  THS Total Endpoints     WPWS(ns)     TPWS(ns)  TPWS Failing Endpoints  TPWS Total Endpoints  
-----             -------      -------  ---------------------  -------------------      -------      -------  ---------------------  -------------------     --------     --------  ----------------------  --------------------  


------------------------------------------------------------------------------------------------
| Inter Clock Table
| -----------------
------------------------------------------------------------------------------------------------

From Clock    To Clock          WNS(ns)      TNS(ns)  TNS Failing Endpoints  TNS Total Endpoints      WHS(ns)      THS(ns)  THS Failing Endpoints  THS Total Endpoints  
----------    --------          -------      -------  ---------------------  -------------------      -------      -------  ---------------------  -------------------  


------------------------------------------------------------------------------------------------
| Other Path Groups Table
| -----------------------
------------------------------------------------------------------------------------------------

Path Group    From Clock    To Clock          WNS(ns)      TNS(ns)  TNS Failing Endpoints  TNS Total Endpoints      WHS(ns)      THS(ns)  THS Failing Endpoints  THS Total Endpoints  
----------    ----------    --------          -------      -------  ---------------------  -------------------      -------      -------  ---------------------  -------------------  


------------------------------------------------------------------------------------------------
| User Ignored Path Table
| -----------------------
------------------------------------------------------------------------------------------------

Path Group    From Clock    To Clock    
----------    ----------    --------    


------------------------------------------------------------------------------------------------
| Unconstrained Path Table
| ------------------------
------------------------------------------------------------------------------------------------

Path Group    From Clock    To Clock    
----------    ----------    --------    
(none)                                    


------------------------------------------------------------------------------------------------
| Timing Details
| --------------
------------------------------------------------------------------------------------------------


--------------------------------------------------------------------------------------
Path Group:  (none)
From Clock:  
  To Clock:  

Max Delay             4 Endpoints
Min Delay             4 Endpoints
--------------------------------------------------------------------------------------


Max Delay Paths
--------------------------------------------------------------------------------------
Slack:                    inf
  Source:                 S[2]
                            (input port)
  Destination:            Y[2]
                            (output port)
  Path Group:             (none)
  Path Type:              Max at Slow Process Corner
  Data Path Delay:        7.862ns  (logic 5.003ns (63.637%)  route 2.859ns (36.363%))
  Logic Levels:           2  (IBUF=1 OBUF=1)

    Location             Delay type                Incr(ns)  Path(ns)    Netlist Resource(s)
  -------------------------------------------------------------------    -------------------
    M13                                               0.000     0.000 r  S[2] (IN)
                         net (fo=0)                   0.000     0.000    S[2]
    M13                  IBUF (Prop_ibuf_I_O)         1.470     1.470 r  S_IBUF[2]_inst/O
                         net (fo=1, routed)           2.859     4.329    Y_OBUF[2]
    J13                  OBUF (Prop_obuf_I_O)         3.533     7.862 r  Y_OBUF[2]_inst/O
                         net (fo=0)                   0.000     7.862    Y[2]
    J13                                                               r  Y[2] (OUT)
  -------------------------------------------------------------------    -------------------

Slack:                    inf
  Source:                 S[0]
                            (input port)
  Destination:            Y[0]
                            (output port)
  Path Group:             (none)
  Path Type:              Max at Slow Process Corner
  Data Path Delay:        7.335ns  (logic 5.015ns (68.373%)  route 2.320ns (31.627%))
  Logic Levels:           2  (IBUF=1 OBUF=1)

    Location             Delay type                Incr(ns)  Path(ns)    Netlist Resource(s)
  -------------------------------------------------------------------    -------------------
    J15                                               0.000     0.000 r  S[0] (IN)
                         net (fo=0)                   0.000     0.000    S[0]
    J15                  IBUF (Prop_ibuf_I_O)         1.491     1.491 r  S_IBUF[0]_inst/O
                         net (fo=1, routed)           2.320     3.811    Y_OBUF[0]
    H17                  OBUF (Prop_obuf_I_O)         3.524     7.335 r  Y_OBUF[0]_inst/O
                         net (fo=0)                   0.000     7.335    Y[0]
    H17                                                               r  Y[0] (OUT)
  -------------------------------------------------------------------    -------------------

Slack:                    inf
  Source:                 S[1]
                            (input port)
  Destination:            Y[1]
                            (output port)
  Path Group:             (none)
  Path Type:              Max at Slow Process Corner
  Data Path Delay:        7.298ns  (logic 5.027ns (68.886%)  route 2.271ns (31.114%))
  Logic Levels:           2  (IBUF=1 OBUF=1)

    Location             Delay type                Incr(ns)  Path(ns)    Netlist Resource(s)
  -------------------------------------------------------------------    -------------------
    L16                                               0.000     0.000 r  S[1] (IN)
                         net (fo=0)                   0.000     0.000    S[1]
    L16                  IBUF (Prop_ibuf_I_O)         1.484     1.484 r  S_IBUF[1]_inst/O
                         net (fo=1, routed)           2.271     3.755    Y_OBUF[1]
    K15                  OBUF (Prop_obuf_I_O)         3.543     7.298 r  Y_OBUF[1]_inst/O
                         net (fo=0)                   0.000     7.298    Y[1]
    K15                                                               r  Y[1] (OUT)
  -------------------------------------------------------------------    -------------------

Slack:                    inf
  Source:                 S[3]
                            (input port)
  Destination:            Y[3]
                            (output port)
  Path Group:             (none)
  Path Type:              Max at Slow Process Corner
  Data Path Delay:        7.208ns  (logic 4.995ns (69.302%)  route 2.213ns (30.698%))
  Logic Levels:           2  (IBUF=1 OBUF=1)

    Location             Delay type                Incr(ns)  Path(ns)    Netlist Resource(s)
  -------------------------------------------------------------------    -------------------
    R15                                               0.000     0.000 r  S[3] (IN)
                         net (fo=0)                   0.000     0.000    S[3]
    R15                  IBUF (Prop_ibuf_I_O)         1.469     1.469 r  S_IBUF[3]_inst/O
                         net (fo=1, routed)           2.213     3.681    Y_OBUF[3]
    N14                  OBUF (Prop_obuf_I_O)         3.526     7.208 r  Y_OBUF[3]_inst/O
                         net (fo=0)                   0.000     7.208    Y[3]
    N14                                                               r  Y[3] (OUT)
  -------------------------------------------------------------------    -------------------





Min Delay Paths
--------------------------------------------------------------------------------------
Slack:                    inf
  Source:                 S[3]
                            (input port)
  Destination:            Y[3]
                            (output port)
  Path Group:             (none)
  Path Type:              Min at Fast Process Corner
  Data Path Delay:        1.971ns  (logic 1.464ns (74.255%)  route 0.508ns (25.745%))
  Logic Levels:           2  (IBUF=1 OBUF=1)

    Location             Delay type                Incr(ns)  Path(ns)    Netlist Resource(s)
  -------------------------------------------------------------------    -------------------
    R15                                               0.000     0.000 r  S[3] (IN)
                         net (fo=0)                   0.000     0.000    S[3]
    R15                  IBUF (Prop_ibuf_I_O)         0.237     0.237 r  S_IBUF[3]_inst/O
                         net (fo=1, routed)           0.508     0.744    Y_OBUF[3]
    N14                  OBUF (Prop_obuf_I_O)         1.227     1.971 r  Y_OBUF[3]_inst/O
                         net (fo=0)                   0.000     1.971    Y[3]
    N14                                                               r  Y[3] (OUT)
  -------------------------------------------------------------------    -------------------

Slack:                    inf
  Source:                 S[0]
                            (input port)
  Destination:            Y[0]
                            (output port)
  Path Group:             (none)
  Path Type:              Min at Fast Process Corner
  Data Path Delay:        1.994ns  (logic 1.484ns (74.392%)  route 0.511ns (25.608%))
  Logic Levels:           2  (IBUF=1 OBUF=1)

    Location             Delay type                Incr(ns)  Path(ns)    Netlist Resource(s)
  -------------------------------------------------------------------    -------------------
    J15                                               0.000     0.000 r  S[0] (IN)
                         net (fo=0)                   0.000     0.000    S[0]
    J15                  IBUF (Prop_ibuf_I_O)         0.259     0.259 r  S_IBUF[0]_inst/O
                         net (fo=1, routed)           0.511     0.769    Y_OBUF[0]
    H17                  OBUF (Prop_obuf_I_O)         1.225     1.994 r  Y_OBUF[0]_inst/O
                         net (fo=0)                   0.000     1.994    Y[0]
    H17                                                               r  Y[0] (OUT)
  -------------------------------------------------------------------    -------------------

Slack:                    inf
  Source:                 S[1]
                            (input port)
  Destination:            Y[1]
                            (output port)
  Path Group:             (none)
  Path Type:              Min at Fast Process Corner
  Data Path Delay:        2.003ns  (logic 1.496ns (74.662%)  route 0.508ns (25.338%))
  Logic Levels:           2  (IBUF=1 OBUF=1)

    Location             Delay type                Incr(ns)  Path(ns)    Netlist Resource(s)
  -------------------------------------------------------------------    -------------------
    L16                                               0.000     0.000 r  S[1] (IN)
                         net (fo=0)                   0.000     0.000    S[1]
    L16                  IBUF (Prop_ibuf_I_O)         0.252     0.252 r  S_IBUF[1]_inst/O
                         net (fo=1, routed)           0.508     0.760    Y_OBUF[1]
    K15                  OBUF (Prop_obuf_I_O)         1.244     2.003 r  Y_OBUF[1]_inst/O
                         net (fo=0)                   0.000     2.003    Y[1]
    K15                                                               r  Y[1] (OUT)
  -------------------------------------------------------------------    -------------------

Slack:                    inf
  Source:                 S[2]
                            (input port)
  Destination:            Y[2]
                            (output port)
  Path Group:             (none)
  Path Type:              Min at Fast Process Corner
  Data Path Delay:        2.233ns  (logic 1.472ns (65.922%)  route 0.761ns (34.078%))
  Logic Levels:           2  (IBUF=1 OBUF=1)

    Location             Delay type                Incr(ns)  Path(ns)    Netlist Resource(s)
  -------------------------------------------------------------------    -------------------
    M13                                               0.000     0.000 r  S[2] (IN)
                         net (fo=0)                   0.000     0.000    S[2]
    M13                  IBUF (Prop_ibuf_I_O)         0.238     0.238 r  S_IBUF[2]_inst/O
                         net (fo=1, routed)           0.761     0.999    Y_OBUF[2]
    J13                  OBUF (Prop_obuf_I_O)         1.234     2.233 r  Y_OBUF[2]_inst/O
                         net (fo=0)                   0.000     2.233    Y[2]
    J13                                                               r  Y[2] (OUT)
  -------------------------------------------------------------------    -------------------





