Vivado Simulator 2020.2
Copyright 1986-1999, 2001-2020 Xilinx, Inc. All Rights Reserved.
Running: C:/Users/anton/Vivado/2020.2/bin/unwrapped/win64.o/xelab.exe -wto 31ea2c3b356f424d8cb50961075b981b --incr --debug typical --relax --mt 2 -L xil_defaultlib -L secureip --snapshot tb_Sistema_behav xil_defaultlib.tb_Sistema -log elaborate.log 
Using 2 slave threads.
Starting static elaboration
Completed static elaboration
Starting simulation data flow analysis
Completed simulation data flow analysis
Time Resolution for simulation is 1ps
Compiling package std.standard
Compiling package std.textio
Compiling package ieee.std_logic_1164
Compiling package ieee.numeric_std
Compiling architecture behavioral of entity xil_defaultlib.cont_16 [cont_16_default]
Compiling architecture structural of entity xil_defaultlib.Datapath_A [datapath_a_default]
Compiling architecture behavioral of entity xil_defaultlib.control_unit_A [control_unit_a_default]
Compiling architecture structural of entity xil_defaultlib.Nodo_A [nodo_a_default]
Compiling architecture behavioral of entity xil_defaultlib.FA [fa_default]
Compiling architecture structural of entity xil_defaultlib.RCA_4 [rca_4_default]
Compiling architecture structural of entity xil_defaultlib.Datapath_B [datapath_b_default]
Compiling architecture behavioral of entity xil_defaultlib.control_unit_B [control_unit_b_default]
Compiling architecture structural of entity xil_defaultlib.Nodo_B [nodo_b_default]
Compiling architecture structural of entity xil_defaultlib.Sistema [sistema_default]
Compiling architecture behavior of entity xil_defaultlib.tb_sistema
Built simulation snapshot tb_Sistema_behav
