#-----------------------------------------------------------
# Vivado v2020.2 (64-bit)
# SW Build 3064766 on Wed Nov 18 09:12:45 MST 2020
# IP Build 3064653 on Wed Nov 18 14:17:31 MST 2020
# Start of session at: Wed Mar  4 18:56:59 2026
# Process ID: 21128
# Current directory: C:/Users/anton/Desktop/ASDI/Esercizi/Esercizi_Sistema_Complesso/Esercizio_12
# Command line: vivado.exe -gui_launcher_event rodinguilauncherevent10640 C:\Users\anton\Desktop\ASDI\Esercizi\Esercizi_Sistema_Complesso\Esercizio_12\Esercizio_12.xpr
# Log file: C:/Users/anton/Desktop/ASDI/Esercizi/Esercizi_Sistema_Complesso/Esercizio_12/vivado.log
# Journal file: C:/Users/anton/Desktop/ASDI/Esercizi/Esercizi_Sistema_Complesso/Esercizio_12\vivado.jou
#-----------------------------------------------------------
start_gui
open_project C:/Users/anton/Desktop/ASDI/Esercizi/Esercizi_Sistema_Complesso/Esercizio_12/Esercizio_12.xpr
WARNING: [filemgmt 56-3] Default IP Output Path : Could not find the directory 'C:/Users/anton/Desktop/ASDI/Esercizi/Esercizi_Sistema_Complesso/Esercizio_12/Esercizio_12.gen/sources_1'.
Scanning sources...
Finished scanning sources
INFO: [IP_Flow 19-234] Refreshing IP repositories
INFO: [IP_Flow 19-1704] No user IP repositories specified
INFO: [IP_Flow 19-2313] Loaded Vivado IP repository 'C:/Users/anton/Vivado/2020.2/data/ip'.
open_project: Time (s): cpu = 00:00:13 ; elapsed = 00:00:06 . Memory (MB): peak = 1007.320 ; gain = 0.000
